2025-10-10 11:10:40 - [34mapi_server[0m - [32mINFO[0m - [api_server.py:126] - lifespan() - TOSä¸Šä¼ å™¨åˆå§‹åŒ–æˆåŠŸ
2025-10-10 11:11:09 - [34mapi_server[0m - [32mINFO[0m - [api_server.py:152] - lifespan() - åº”ç”¨ç¨‹åºå¯åŠ¨å®Œæˆ
2025-10-10 11:12:05 - [34mapi_server[0m - [32mINFO[0m - [api_server.py:330] - online_tts() - éŸ³é¢‘æ–‡ä»¶ä¸Šä¼ æˆåŠŸ: aigc-omni.tos-cn-guangzhou.volces.com/of6e1IU9.wav
2025-10-10 11:12:05 - [34mapi_server[0m - [32mINFO[0m - [api_server.py:334] - online_tts() - SRTæ–‡ä»¶ä¸Šä¼ æˆåŠŸ: aigc-omni.tos-cn-guangzhou.volces.com/of6e1IU9.srt
2025-10-10 11:27:36 - [34mapi_server[0m - [32mINFO[0m - [api_server.py:161] - lifespan() - åº”ç”¨ç¨‹åºå…³é—­å®Œæˆ
2025-10-10 11:27:50 - [34mapi_server[0m - [32mINFO[0m - [api_server.py:126] - lifespan() - TOSä¸Šä¼ å™¨åˆå§‹åŒ–æˆåŠŸ
2025-10-10 11:28:20 - [34mapi_server[0m - [32mINFO[0m - [api_server.py:152] - lifespan() - åº”ç”¨ç¨‹åºå¯åŠ¨å®Œæˆ
2025-10-10 11:29:10 - [34mapi_server[0m - [32mINFO[0m - [api_server.py:126] - lifespan() - TOSä¸Šä¼ å™¨åˆå§‹åŒ–æˆåŠŸ
2025-10-10 11:30:10 - [34mapi_server[0m - [32mINFO[0m - [api_server.py:126] - lifespan() - TOSä¸Šä¼ å™¨åˆå§‹åŒ–æˆåŠŸ
2025-10-10 11:31:53 - [34mapi_server[0m - [32mINFO[0m - [api_server.py:126] - lifespan() - TOSä¸Šä¼ å™¨åˆå§‹åŒ–æˆåŠŸ
2025-10-10 11:32:23 - [34mapi_server[0m - [32mINFO[0m - [api_server.py:152] - lifespan() - åº”ç”¨ç¨‹åºå¯åŠ¨å®Œæˆ
2025-10-10 11:33:00 - [34mapi_server[0m - [32mINFO[0m - [api_server.py:330] - online_tts() - éŸ³é¢‘æ–‡ä»¶ä¸Šä¼ æˆåŠŸ: aigc-omni.tos-cn-guangzhou.volces.com/f02cf47a7ab846b79de9c5796e9c2117.wav
2025-10-10 11:33:00 - [34mapi_server[0m - [32mINFO[0m - [api_server.py:334] - online_tts() - SRTæ–‡ä»¶ä¸Šä¼ æˆåŠŸ: aigc-omni.tos-cn-guangzhou.volces.com/f02cf47a7ab846b79de9c5796e9c2117.srt
2025-10-10 11:33:29 - [34mapi_server[0m - [32mINFO[0m - [api_server.py:330] - online_tts() - éŸ³é¢‘æ–‡ä»¶ä¸Šä¼ æˆåŠŸ: aigc-omni.tos-cn-guangzhou.volces.com/59cfbeb5bac2406e87f6c82d62286e94.wav
2025-10-10 11:33:29 - [34mapi_server[0m - [32mINFO[0m - [api_server.py:334] - online_tts() - SRTæ–‡ä»¶ä¸Šä¼ æˆåŠŸ: aigc-omni.tos-cn-guangzhou.volces.com/59cfbeb5bac2406e87f6c82d62286e94.srt
2025-10-10 11:35:34 - [34mapi_server[0m - [32mINFO[0m - [api_server.py:161] - lifespan() - åº”ç”¨ç¨‹åºå…³é—­å®Œæˆ
2025-10-10 11:35:42 - [34mapi_server[0m - [32mINFO[0m - [api_server.py:126] - lifespan() - TOSä¸Šä¼ å™¨åˆå§‹åŒ–æˆåŠŸ
2025-10-10 11:39:43 - [34mapi_server[0m - [32mINFO[0m - [api_server.py:126] - lifespan() - TOSä¸Šä¼ å™¨åˆå§‹åŒ–æˆåŠŸ
2025-10-10 11:40:15 - [34mapi_server[0m - [32mINFO[0m - [api_server.py:152] - lifespan() - åº”ç”¨ç¨‹åºå¯åŠ¨å®Œæˆ
2025-10-10 11:40:48 - [34mapi_server[0m - [32mINFO[0m - [api_server.py:330] - online_tts() - éŸ³é¢‘æ–‡ä»¶ä¸Šä¼ æˆåŠŸ: aigc-omni.tos-cn-guangzhou.volces.com/046f85a8ab564747875cc8423a4d1b95/046f85a8ab564747875cc8423a4d1b95.wav
2025-10-10 11:40:48 - [34mapi_server[0m - [32mINFO[0m - [api_server.py:334] - online_tts() - SRTæ–‡ä»¶ä¸Šä¼ æˆåŠŸ: aigc-omni.tos-cn-guangzhou.volces.com/046f85a8ab564747875cc8423a4d1b95/046f85a8ab564747875cc8423a4d1b95.srt
2025-10-10 11:45:11 - [34mapi_server[0m - [32mINFO[0m - [api_server.py:161] - lifespan() - åº”ç”¨ç¨‹åºå…³é—­å®Œæˆ
2025-10-10 11:45:26 - [34mapi_server[0m - [32mINFO[0m - [api_server.py:172] - lifespan() - TOSä¸Šä¼ å™¨åˆå§‹åŒ–æˆåŠŸ
2025-10-10 11:45:56 - [34mapi_server[0m - [32mINFO[0m - [api_server.py:198] - lifespan() - åº”ç”¨ç¨‹åºå¯åŠ¨å®Œæˆ
2025-10-10 11:46:29 - [34mapi_server[0m - [32mINFO[0m - [api_server.py:376] - online_tts() - éŸ³é¢‘æ–‡ä»¶ä¸Šä¼ æˆåŠŸ: aigc-omni.tos-cn-guangzhou.volces.com/551440d25072450e895184d0c2b0383a/551440d25072450e895184d0c2b0383a.wav
2025-10-10 11:46:29 - [34mapi_server[0m - [32mINFO[0m - [api_server.py:380] - online_tts() - SRTæ–‡ä»¶ä¸Šä¼ æˆåŠŸ: aigc-omni.tos-cn-guangzhou.volces.com/551440d25072450e895184d0c2b0383a/551440d25072450e895184d0c2b0383a.srt
2025-10-10 12:22:10 - [34mapi_server[0m - [32mINFO[0m - [api_server.py:172] - lifespan() - TOSä¸Šä¼ å™¨åˆå§‹åŒ–æˆåŠŸ
2025-10-10 12:22:40 - [34mapi_server[0m - [32mINFO[0m - [api_server.py:198] - lifespan() - åº”ç”¨ç¨‹åºå¯åŠ¨å®Œæˆ
2025-10-10 12:53:03 - [34mapi_server[0m - [32mINFO[0m - [api_server.py:471] - submit_long_text_task() - é•¿æ–‡æœ¬ä»»åŠ¡ fb018b0fbb42406e9cdd67613a6a3211 å·²æäº¤åˆ°é˜Ÿåˆ—
2025-10-10 12:53:04 - [34mapi_server[0m - [32mINFO[0m - [api_server.py:471] - submit_long_text_task() - é•¿æ–‡æœ¬ä»»åŠ¡ 0d979b2bb4a04545b5896bedccbaaedf å·²æäº¤åˆ°é˜Ÿåˆ—
2025-10-10 12:53:04 - [34mapi_server[0m - [32mINFO[0m - [api_server.py:471] - submit_long_text_task() - é•¿æ–‡æœ¬ä»»åŠ¡ 0d15ad87c1a044ba901b3f9bb6e7c09a å·²æäº¤åˆ°é˜Ÿåˆ—
2025-10-10 13:09:08 - [34mapi_server[0m - [32mINFO[0m - [api_server.py:471] - submit_long_text_task() - é•¿æ–‡æœ¬ä»»åŠ¡ d52f4e01d1294ebe9423dcedcf44762c å·²æäº¤åˆ°é˜Ÿåˆ—
2025-10-10 13:11:25 - [34mapi_server[0m - [32mINFO[0m - [api_server.py:471] - submit_long_text_task() - é•¿æ–‡æœ¬ä»»åŠ¡ 9d28ae0652cd4a988fe184a2a304285d å·²æäº¤åˆ°é˜Ÿåˆ—
2025-10-10 13:12:03 - [34mapi_server[0m - [32mINFO[0m - [api_server.py:471] - submit_long_text_task() - é•¿æ–‡æœ¬ä»»åŠ¡ 7f685589af244165a16b1398f2d6800c å·²æäº¤åˆ°é˜Ÿåˆ—
2025-10-10 13:36:28 - [34mapi_server[0m - [32mINFO[0m - [api_server.py:207] - lifespan() - åº”ç”¨ç¨‹åºå…³é—­å®Œæˆ
2025-10-10 13:36:45 - [34mapi_server[0m - [32mINFO[0m - [api_server.py:172] - lifespan() - TOSä¸Šä¼ å™¨åˆå§‹åŒ–æˆåŠŸ
2025-10-10 13:37:16 - [34mapi_server[0m - [32mINFO[0m - [api_server.py:198] - lifespan() - åº”ç”¨ç¨‹åºå¯åŠ¨å®Œæˆ
2025-10-10 13:38:15 - [34mapi_server[0m - [32mINFO[0m - [api_server.py:471] - submit_long_text_task() - é•¿æ–‡æœ¬ä»»åŠ¡ 8ef17c469d0e4b0e969251342f838c16 å·²æäº¤åˆ°é˜Ÿåˆ—
2025-10-10 13:59:57 - [34mapi_server[0m - [32mINFO[0m - [api_server.py:172] - lifespan() - TOSä¸Šä¼ å™¨åˆå§‹åŒ–æˆåŠŸ
2025-10-10 14:00:20 - [34mapi_server[0m - [32mINFO[0m - [api_server.py:172] - lifespan() - TOSä¸Šä¼ å™¨åˆå§‹åŒ–æˆåŠŸ
2025-10-10 14:00:50 - [34mapi_server[0m - [32mINFO[0m - [api_server.py:198] - lifespan() - åº”ç”¨ç¨‹åºå¯åŠ¨å®Œæˆ
2025-10-10 14:01:53 - [34mapi_server[0m - [32mINFO[0m - [api_server.py:376] - online_tts() - éŸ³é¢‘æ–‡ä»¶ä¸Šä¼ æˆåŠŸ: aigc-omni.tos-cn-guangzhou.volces.com/7a5186872526488e95de0bc6f8fe69fe/7a5186872526488e95de0bc6f8fe69fe.wav
2025-10-10 14:01:53 - [34mapi_server[0m - [32mINFO[0m - [api_server.py:380] - online_tts() - SRTæ–‡ä»¶ä¸Šä¼ æˆåŠŸ: aigc-omni.tos-cn-guangzhou.volces.com/7a5186872526488e95de0bc6f8fe69fe/7a5186872526488e95de0bc6f8fe69fe.srt
2025-10-10 14:01:53 - [34mapi_server[0m - [32mINFO[0m - [api_server.py:469] - submit_long_text_task() - é•¿æ–‡æœ¬ä»»åŠ¡ 29889eb0ed1341d68675290d3167cd1e å·²æäº¤åˆ°é˜Ÿåˆ—
2025-10-10 14:23:13 - [34mapi_server[0m - [32mINFO[0m - [api_server.py:172] - lifespan() - TOSä¸Šä¼ å™¨åˆå§‹åŒ–æˆåŠŸ
2025-10-10 14:23:42 - [34mapi_server[0m - [32mINFO[0m - [api_server.py:198] - lifespan() - åº”ç”¨ç¨‹åºå¯åŠ¨å®Œæˆ
2025-10-10 14:31:59 - [34mapi_server[0m - [32mINFO[0m - [api_server.py:376] - online_tts() - éŸ³é¢‘æ–‡ä»¶ä¸Šä¼ æˆåŠŸ: aigc-omni.tos-cn-guangzhou.volces.com/7bf03597ef774b4dae2b23f1e29b3ebc/7bf03597ef774b4dae2b23f1e29b3ebc.wav
2025-10-10 14:31:59 - [34mapi_server[0m - [32mINFO[0m - [api_server.py:380] - online_tts() - SRTæ–‡ä»¶ä¸Šä¼ æˆåŠŸ: aigc-omni.tos-cn-guangzhou.volces.com/7bf03597ef774b4dae2b23f1e29b3ebc/7bf03597ef774b4dae2b23f1e29b3ebc.srt
2025-10-10 14:37:58 - [34mapi_server[0m - [32mINFO[0m - [api_server.py:207] - lifespan() - åº”ç”¨ç¨‹åºå…³é—­å®Œæˆ
2025-10-10 14:38:09 - [34mapi_server[0m - [32mINFO[0m - [api_server.py:172] - lifespan() - TOSä¸Šä¼ å™¨åˆå§‹åŒ–æˆåŠŸ
2025-10-10 14:38:40 - [34mapi_server[0m - [32mINFO[0m - [api_server.py:198] - lifespan() - åº”ç”¨ç¨‹åºå¯åŠ¨å®Œæˆ
2025-10-10 14:39:31 - [34mapi_server[0m - [32mINFO[0m - [api_server.py:376] - online_tts() - éŸ³é¢‘æ–‡ä»¶ä¸Šä¼ æˆåŠŸ: aigc-omni.tos-cn-guangzhou.volces.com/object_key
2025-10-10 14:39:31 - [34mapi_server[0m - [32mINFO[0m - [api_server.py:380] - online_tts() - SRTæ–‡ä»¶ä¸Šä¼ æˆåŠŸ: aigc-omni.tos-cn-guangzhou.volces.com/object_key
2025-10-10 14:50:45 - [34mapi_server[0m - [32mINFO[0m - [api_server.py:207] - lifespan() - åº”ç”¨ç¨‹åºå…³é—­å®Œæˆ
2025-10-10 14:50:56 - [34mapi_server[0m - [32mINFO[0m - [api_server.py:172] - lifespan() - TOSä¸Šä¼ å™¨åˆå§‹åŒ–æˆåŠŸ
2025-10-10 14:51:27 - [34mapi_server[0m - [32mINFO[0m - [api_server.py:198] - lifespan() - åº”ç”¨ç¨‹åºå¯åŠ¨å®Œæˆ
2025-10-10 14:52:49 - [34mapi_server[0m - [32mINFO[0m - [api_server.py:376] - online_tts() - éŸ³é¢‘æ–‡ä»¶ä¸Šä¼ æˆåŠŸ: aigc-omni.tos-cn-guangzhou.volces.com/492c5db740474090b51ac045faca3fd5/492c5db740474090b51ac045faca3fd5.wav
2025-10-10 14:52:49 - [34mapi_server[0m - [32mINFO[0m - [api_server.py:380] - online_tts() - SRTæ–‡ä»¶ä¸Šä¼ æˆåŠŸ: aigc-omni.tos-cn-guangzhou.volces.com/492c5db740474090b51ac045faca3fd5/492c5db740474090b51ac045faca3fd5.srt
2025-10-10 15:11:17 - [34mapi_server[0m - [32mINFO[0m - [api_server.py:207] - lifespan() - åº”ç”¨ç¨‹åºå…³é—­å®Œæˆ
2025-10-10 15:15:02 - [34mapi_server[0m - [32mINFO[0m - [api_server.py:94] - lifespan() - TOSä¸Šä¼ å™¨åˆå§‹åŒ–æˆåŠŸ
2025-10-10 15:15:32 - [34mapi_server[0m - [32mINFO[0m - [api_server.py:123] - lifespan() - åº”ç”¨ç¨‹åºå¯åŠ¨å®Œæˆ
2025-10-10 15:15:45 - [34mapi_server[0m - [32mINFO[0m - [api_server.py:301] - online_tts() - éŸ³é¢‘æ–‡ä»¶ä¸Šä¼ æˆåŠŸ: https://aigc-omni.tos-cn-guangzhou.volces.com/30798c102a3347098e716e00d71c8c1c/30798c102a3347098e716e00d71c8c1c.wav
2025-10-10 15:15:45 - [34mapi_server[0m - [32mINFO[0m - [api_server.py:305] - online_tts() - SRTæ–‡ä»¶ä¸Šä¼ æˆåŠŸ: https://aigc-omni.tos-cn-guangzhou.volces.com/30798c102a3347098e716e00d71c8c1c/30798c102a3347098e716e00d71c8c1c.srt
2025-10-10 15:28:53 - [34mapi_server[0m - [32mINFO[0m - [api_server.py:132] - lifespan() - åº”ç”¨ç¨‹åºå…³é—­å®Œæˆ
2025-10-10 15:31:49 - [34mapi_server[0m - [32mINFO[0m - [api_server.py:94] - lifespan() - TOSä¸Šä¼ å™¨åˆå§‹åŒ–æˆåŠŸ
2025-10-10 15:32:21 - [34mapi_server[0m - [32mINFO[0m - [api_server.py:123] - lifespan() - åº”ç”¨ç¨‹åºå¯åŠ¨å®Œæˆ
2025-10-10 15:32:32 - [34mapi_server[0m - [32mINFO[0m - [api_server.py:301] - online_tts() - éŸ³é¢‘æ–‡ä»¶ä¸Šä¼ æˆåŠŸ: https://aigc-omni.tos-cn-guangzhou.volces.com/4a99bfa40d4d47d5bd658d0eae1e82df/4a99bfa40d4d47d5bd658d0eae1e82df.wav
2025-10-10 15:32:32 - [34mapi_server[0m - [32mINFO[0m - [api_server.py:305] - online_tts() - SRTæ–‡ä»¶ä¸Šä¼ æˆåŠŸ: https://aigc-omni.tos-cn-guangzhou.volces.com/4a99bfa40d4d47d5bd658d0eae1e82df/4a99bfa40d4d47d5bd658d0eae1e82df.srt
2025-10-10 15:33:05 - [34mapi_server[0m - [32mINFO[0m - [api_server.py:301] - online_tts() - éŸ³é¢‘æ–‡ä»¶ä¸Šä¼ æˆåŠŸ: https://aigc-omni.tos-cn-guangzhou.volces.com/43a109d795fa4279986157e00ea555c7/43a109d795fa4279986157e00ea555c7.wav
2025-10-10 15:33:05 - [34mapi_server[0m - [32mINFO[0m - [api_server.py:305] - online_tts() - SRTæ–‡ä»¶ä¸Šä¼ æˆåŠŸ: https://aigc-omni.tos-cn-guangzhou.volces.com/43a109d795fa4279986157e00ea555c7/43a109d795fa4279986157e00ea555c7.srt
2025-10-10 15:54:09 - [34mapi_server[0m - [32mINFO[0m - [api_server.py:132] - lifespan() - åº”ç”¨ç¨‹åºå…³é—­å®Œæˆ
2025-10-10 15:54:23 - [34mapi_server[0m - [32mINFO[0m - [api_server.py:94] - lifespan() - TOSä¸Šä¼ å™¨åˆå§‹åŒ–æˆåŠŸ
2025-10-10 15:54:56 - [34mapi_server[0m - [32mINFO[0m - [api_server.py:123] - lifespan() - åº”ç”¨ç¨‹åºå¯åŠ¨å®Œæˆ
2025-10-10 15:55:09 - [34mapi_server[0m - [32mINFO[0m - [api_server.py:332] - online_tts() - éŸ³é¢‘æ–‡ä»¶ä¸Šä¼ æˆåŠŸ: https://aigc-omni.tos-cn-guangzhou.volces.com/e3d24165d8154005ab21e6208a0aaf0c/e3d24165d8154005ab21e6208a0aaf0c.wav
2025-10-10 15:55:09 - [34mapi_server[0m - [32mINFO[0m - [api_server.py:336] - online_tts() - SRTæ–‡ä»¶ä¸Šä¼ æˆåŠŸ: https://aigc-omni.tos-cn-guangzhou.volces.com/e3d24165d8154005ab21e6208a0aaf0c/e3d24165d8154005ab21e6208a0aaf0c.srt
2025-10-10 15:55:28 - [34mapi_server[0m - [32mINFO[0m - [api_server.py:332] - online_tts() - éŸ³é¢‘æ–‡ä»¶ä¸Šä¼ æˆåŠŸ: https://aigc-omni.tos-cn-guangzhou.volces.com/61a757aca0364159b2f8d4ccb8346fd2/61a757aca0364159b2f8d4ccb8346fd2.wav
2025-10-10 15:55:28 - [34mapi_server[0m - [32mINFO[0m - [api_server.py:336] - online_tts() - SRTæ–‡ä»¶ä¸Šä¼ æˆåŠŸ: https://aigc-omni.tos-cn-guangzhou.volces.com/61a757aca0364159b2f8d4ccb8346fd2/61a757aca0364159b2f8d4ccb8346fd2.srt
2025-10-10 15:55:31 - [34mapi_server[0m - [32mINFO[0m - [api_server.py:332] - online_tts() - éŸ³é¢‘æ–‡ä»¶ä¸Šä¼ æˆåŠŸ: https://aigc-omni.tos-cn-guangzhou.volces.com/03a20a912a224808af2d2e76178ad1f9/03a20a912a224808af2d2e76178ad1f9.wav
2025-10-10 15:55:31 - [34mapi_server[0m - [32mINFO[0m - [api_server.py:336] - online_tts() - SRTæ–‡ä»¶ä¸Šä¼ æˆåŠŸ: https://aigc-omni.tos-cn-guangzhou.volces.com/03a20a912a224808af2d2e76178ad1f9/03a20a912a224808af2d2e76178ad1f9.srt
2025-10-10 15:55:33 - [34mapi_server[0m - [32mINFO[0m - [api_server.py:332] - online_tts() - éŸ³é¢‘æ–‡ä»¶ä¸Šä¼ æˆåŠŸ: https://aigc-omni.tos-cn-guangzhou.volces.com/77993d9ddf6942e699384dfe846ffe4d/77993d9ddf6942e699384dfe846ffe4d.wav
2025-10-10 15:55:33 - [34mapi_server[0m - [32mINFO[0m - [api_server.py:336] - online_tts() - SRTæ–‡ä»¶ä¸Šä¼ æˆåŠŸ: https://aigc-omni.tos-cn-guangzhou.volces.com/77993d9ddf6942e699384dfe846ffe4d/77993d9ddf6942e699384dfe846ffe4d.srt
2025-10-10 15:55:36 - [34mapi_server[0m - [32mINFO[0m - [api_server.py:332] - online_tts() - éŸ³é¢‘æ–‡ä»¶ä¸Šä¼ æˆåŠŸ: https://aigc-omni.tos-cn-guangzhou.volces.com/b2eef59ee9a24b7788bfffc94e58e922/b2eef59ee9a24b7788bfffc94e58e922.wav
2025-10-10 15:55:36 - [34mapi_server[0m - [32mINFO[0m - [api_server.py:336] - online_tts() - SRTæ–‡ä»¶ä¸Šä¼ æˆåŠŸ: https://aigc-omni.tos-cn-guangzhou.volces.com/b2eef59ee9a24b7788bfffc94e58e922/b2eef59ee9a24b7788bfffc94e58e922.srt
2025-10-10 15:55:39 - [34mapi_server[0m - [32mINFO[0m - [api_server.py:332] - online_tts() - éŸ³é¢‘æ–‡ä»¶ä¸Šä¼ æˆåŠŸ: https://aigc-omni.tos-cn-guangzhou.volces.com/be0e80c1da7248fd9c668e7224c554db/be0e80c1da7248fd9c668e7224c554db.wav
2025-10-10 15:55:39 - [34mapi_server[0m - [32mINFO[0m - [api_server.py:336] - online_tts() - SRTæ–‡ä»¶ä¸Šä¼ æˆåŠŸ: https://aigc-omni.tos-cn-guangzhou.volces.com/be0e80c1da7248fd9c668e7224c554db/be0e80c1da7248fd9c668e7224c554db.srt
2025-10-10 15:55:42 - [34mapi_server[0m - [32mINFO[0m - [api_server.py:332] - online_tts() - éŸ³é¢‘æ–‡ä»¶ä¸Šä¼ æˆåŠŸ: https://aigc-omni.tos-cn-guangzhou.volces.com/5a8f9298694542c2a3bf3fcb6bbccf54/5a8f9298694542c2a3bf3fcb6bbccf54.wav
2025-10-10 15:55:42 - [34mapi_server[0m - [32mINFO[0m - [api_server.py:336] - online_tts() - SRTæ–‡ä»¶ä¸Šä¼ æˆåŠŸ: https://aigc-omni.tos-cn-guangzhou.volces.com/5a8f9298694542c2a3bf3fcb6bbccf54/5a8f9298694542c2a3bf3fcb6bbccf54.srt
2025-10-10 15:55:45 - [34mapi_server[0m - [32mINFO[0m - [api_server.py:332] - online_tts() - éŸ³é¢‘æ–‡ä»¶ä¸Šä¼ æˆåŠŸ: https://aigc-omni.tos-cn-guangzhou.volces.com/195214edcbfb4c8487026a99c52cb664/195214edcbfb4c8487026a99c52cb664.wav
2025-10-10 15:55:45 - [34mapi_server[0m - [32mINFO[0m - [api_server.py:336] - online_tts() - SRTæ–‡ä»¶ä¸Šä¼ æˆåŠŸ: https://aigc-omni.tos-cn-guangzhou.volces.com/195214edcbfb4c8487026a99c52cb664/195214edcbfb4c8487026a99c52cb664.srt
2025-10-10 15:55:47 - [34mapi_server[0m - [32mINFO[0m - [api_server.py:332] - online_tts() - éŸ³é¢‘æ–‡ä»¶ä¸Šä¼ æˆåŠŸ: https://aigc-omni.tos-cn-guangzhou.volces.com/affd800ca7024e6e9c7e5c09ed222092/affd800ca7024e6e9c7e5c09ed222092.wav
2025-10-10 15:55:47 - [34mapi_server[0m - [32mINFO[0m - [api_server.py:336] - online_tts() - SRTæ–‡ä»¶ä¸Šä¼ æˆåŠŸ: https://aigc-omni.tos-cn-guangzhou.volces.com/affd800ca7024e6e9c7e5c09ed222092/affd800ca7024e6e9c7e5c09ed222092.srt
2025-10-10 15:55:50 - [34mapi_server[0m - [32mINFO[0m - [api_server.py:332] - online_tts() - éŸ³é¢‘æ–‡ä»¶ä¸Šä¼ æˆåŠŸ: https://aigc-omni.tos-cn-guangzhou.volces.com/b64bec0a5838473f942d3be780521888/b64bec0a5838473f942d3be780521888.wav
2025-10-10 15:55:50 - [34mapi_server[0m - [32mINFO[0m - [api_server.py:336] - online_tts() - SRTæ–‡ä»¶ä¸Šä¼ æˆåŠŸ: https://aigc-omni.tos-cn-guangzhou.volces.com/b64bec0a5838473f942d3be780521888/b64bec0a5838473f942d3be780521888.srt
2025-10-10 15:55:53 - [34mapi_server[0m - [32mINFO[0m - [api_server.py:332] - online_tts() - éŸ³é¢‘æ–‡ä»¶ä¸Šä¼ æˆåŠŸ: https://aigc-omni.tos-cn-guangzhou.volces.com/73ef030709024308b0c59d3bd926966c/73ef030709024308b0c59d3bd926966c.wav
2025-10-10 15:55:53 - [34mapi_server[0m - [32mINFO[0m - [api_server.py:336] - online_tts() - SRTæ–‡ä»¶ä¸Šä¼ æˆåŠŸ: https://aigc-omni.tos-cn-guangzhou.volces.com/73ef030709024308b0c59d3bd926966c/73ef030709024308b0c59d3bd926966c.srt
2025-10-10 15:55:56 - [34mapi_server[0m - [32mINFO[0m - [api_server.py:332] - online_tts() - éŸ³é¢‘æ–‡ä»¶ä¸Šä¼ æˆåŠŸ: https://aigc-omni.tos-cn-guangzhou.volces.com/3b45994a768b4ef6843daf23303c1023/3b45994a768b4ef6843daf23303c1023.wav
2025-10-10 15:55:56 - [34mapi_server[0m - [32mINFO[0m - [api_server.py:336] - online_tts() - SRTæ–‡ä»¶ä¸Šä¼ æˆåŠŸ: https://aigc-omni.tos-cn-guangzhou.volces.com/3b45994a768b4ef6843daf23303c1023/3b45994a768b4ef6843daf23303c1023.srt
2025-10-10 15:55:59 - [34mapi_server[0m - [32mINFO[0m - [api_server.py:332] - online_tts() - éŸ³é¢‘æ–‡ä»¶ä¸Šä¼ æˆåŠŸ: https://aigc-omni.tos-cn-guangzhou.volces.com/064663bcaedf43d697ead69239be2e60/064663bcaedf43d697ead69239be2e60.wav
2025-10-10 15:55:59 - [34mapi_server[0m - [32mINFO[0m - [api_server.py:336] - online_tts() - SRTæ–‡ä»¶ä¸Šä¼ æˆåŠŸ: https://aigc-omni.tos-cn-guangzhou.volces.com/064663bcaedf43d697ead69239be2e60/064663bcaedf43d697ead69239be2e60.srt
2025-10-10 15:56:01 - [34mapi_server[0m - [32mINFO[0m - [api_server.py:332] - online_tts() - éŸ³é¢‘æ–‡ä»¶ä¸Šä¼ æˆåŠŸ: https://aigc-omni.tos-cn-guangzhou.volces.com/2ab0ce4645334c1e873ecbdb560955e3/2ab0ce4645334c1e873ecbdb560955e3.wav
2025-10-10 15:56:01 - [34mapi_server[0m - [32mINFO[0m - [api_server.py:336] - online_tts() - SRTæ–‡ä»¶ä¸Šä¼ æˆåŠŸ: https://aigc-omni.tos-cn-guangzhou.volces.com/2ab0ce4645334c1e873ecbdb560955e3/2ab0ce4645334c1e873ecbdb560955e3.srt
2025-10-10 15:56:04 - [34mapi_server[0m - [32mINFO[0m - [api_server.py:332] - online_tts() - éŸ³é¢‘æ–‡ä»¶ä¸Šä¼ æˆåŠŸ: https://aigc-omni.tos-cn-guangzhou.volces.com/3a60a957c9a549918e88e3533119cb89/3a60a957c9a549918e88e3533119cb89.wav
2025-10-10 15:56:04 - [34mapi_server[0m - [32mINFO[0m - [api_server.py:336] - online_tts() - SRTæ–‡ä»¶ä¸Šä¼ æˆåŠŸ: https://aigc-omni.tos-cn-guangzhou.volces.com/3a60a957c9a549918e88e3533119cb89/3a60a957c9a549918e88e3533119cb89.srt
2025-10-10 15:56:06 - [34mapi_server[0m - [32mINFO[0m - [api_server.py:332] - online_tts() - éŸ³é¢‘æ–‡ä»¶ä¸Šä¼ æˆåŠŸ: https://aigc-omni.tos-cn-guangzhou.volces.com/59c0e14104bd4c0fb6ebe2fed70ff233/59c0e14104bd4c0fb6ebe2fed70ff233.wav
2025-10-10 15:56:07 - [34mapi_server[0m - [32mINFO[0m - [api_server.py:336] - online_tts() - SRTæ–‡ä»¶ä¸Šä¼ æˆåŠŸ: https://aigc-omni.tos-cn-guangzhou.volces.com/59c0e14104bd4c0fb6ebe2fed70ff233/59c0e14104bd4c0fb6ebe2fed70ff233.srt
2025-10-10 15:56:09 - [34mapi_server[0m - [32mINFO[0m - [api_server.py:332] - online_tts() - éŸ³é¢‘æ–‡ä»¶ä¸Šä¼ æˆåŠŸ: https://aigc-omni.tos-cn-guangzhou.volces.com/ceb683d02f064a40925ab3f07e3685d2/ceb683d02f064a40925ab3f07e3685d2.wav
2025-10-10 15:56:09 - [34mapi_server[0m - [32mINFO[0m - [api_server.py:336] - online_tts() - SRTæ–‡ä»¶ä¸Šä¼ æˆåŠŸ: https://aigc-omni.tos-cn-guangzhou.volces.com/ceb683d02f064a40925ab3f07e3685d2/ceb683d02f064a40925ab3f07e3685d2.srt
2025-10-10 15:56:12 - [34mapi_server[0m - [32mINFO[0m - [api_server.py:332] - online_tts() - éŸ³é¢‘æ–‡ä»¶ä¸Šä¼ æˆåŠŸ: https://aigc-omni.tos-cn-guangzhou.volces.com/9593b883c5884e0d8a705987d9066665/9593b883c5884e0d8a705987d9066665.wav
2025-10-10 15:56:12 - [34mapi_server[0m - [32mINFO[0m - [api_server.py:336] - online_tts() - SRTæ–‡ä»¶ä¸Šä¼ æˆåŠŸ: https://aigc-omni.tos-cn-guangzhou.volces.com/9593b883c5884e0d8a705987d9066665/9593b883c5884e0d8a705987d9066665.srt
2025-10-10 15:56:14 - [34mapi_server[0m - [32mINFO[0m - [api_server.py:332] - online_tts() - éŸ³é¢‘æ–‡ä»¶ä¸Šä¼ æˆåŠŸ: https://aigc-omni.tos-cn-guangzhou.volces.com/d66cd0458a914d1a9a0d55dea89930bc/d66cd0458a914d1a9a0d55dea89930bc.wav
2025-10-10 15:56:14 - [34mapi_server[0m - [32mINFO[0m - [api_server.py:336] - online_tts() - SRTæ–‡ä»¶ä¸Šä¼ æˆåŠŸ: https://aigc-omni.tos-cn-guangzhou.volces.com/d66cd0458a914d1a9a0d55dea89930bc/d66cd0458a914d1a9a0d55dea89930bc.srt
2025-10-10 15:56:17 - [34mapi_server[0m - [32mINFO[0m - [api_server.py:332] - online_tts() - éŸ³é¢‘æ–‡ä»¶ä¸Šä¼ æˆåŠŸ: https://aigc-omni.tos-cn-guangzhou.volces.com/5cf7739b6a344e63a7cfcdeb876e7991/5cf7739b6a344e63a7cfcdeb876e7991.wav
2025-10-10 15:56:17 - [34mapi_server[0m - [32mINFO[0m - [api_server.py:336] - online_tts() - SRTæ–‡ä»¶ä¸Šä¼ æˆåŠŸ: https://aigc-omni.tos-cn-guangzhou.volces.com/5cf7739b6a344e63a7cfcdeb876e7991/5cf7739b6a344e63a7cfcdeb876e7991.srt
2025-10-10 15:56:20 - [34mapi_server[0m - [32mINFO[0m - [api_server.py:332] - online_tts() - éŸ³é¢‘æ–‡ä»¶ä¸Šä¼ æˆåŠŸ: https://aigc-omni.tos-cn-guangzhou.volces.com/08aabccbf2f143b6843002308ad713bd/08aabccbf2f143b6843002308ad713bd.wav
2025-10-10 15:56:20 - [34mapi_server[0m - [32mINFO[0m - [api_server.py:336] - online_tts() - SRTæ–‡ä»¶ä¸Šä¼ æˆåŠŸ: https://aigc-omni.tos-cn-guangzhou.volces.com/08aabccbf2f143b6843002308ad713bd/08aabccbf2f143b6843002308ad713bd.srt
2025-10-10 15:56:22 - [34mapi_server[0m - [32mINFO[0m - [api_server.py:332] - online_tts() - éŸ³é¢‘æ–‡ä»¶ä¸Šä¼ æˆåŠŸ: https://aigc-omni.tos-cn-guangzhou.volces.com/7747ce1cf59548c9a7e174c2632bc2b1/7747ce1cf59548c9a7e174c2632bc2b1.wav
2025-10-10 15:56:23 - [34mapi_server[0m - [32mINFO[0m - [api_server.py:336] - online_tts() - SRTæ–‡ä»¶ä¸Šä¼ æˆåŠŸ: https://aigc-omni.tos-cn-guangzhou.volces.com/7747ce1cf59548c9a7e174c2632bc2b1/7747ce1cf59548c9a7e174c2632bc2b1.srt
2025-10-10 15:56:25 - [34mapi_server[0m - [32mINFO[0m - [api_server.py:332] - online_tts() - éŸ³é¢‘æ–‡ä»¶ä¸Šä¼ æˆåŠŸ: https://aigc-omni.tos-cn-guangzhou.volces.com/cbc4134889cf4a7ea4926a5b6291aadf/cbc4134889cf4a7ea4926a5b6291aadf.wav
2025-10-10 15:56:25 - [34mapi_server[0m - [32mINFO[0m - [api_server.py:336] - online_tts() - SRTæ–‡ä»¶ä¸Šä¼ æˆåŠŸ: https://aigc-omni.tos-cn-guangzhou.volces.com/cbc4134889cf4a7ea4926a5b6291aadf/cbc4134889cf4a7ea4926a5b6291aadf.srt
2025-10-10 15:56:28 - [34mapi_server[0m - [32mINFO[0m - [api_server.py:332] - online_tts() - éŸ³é¢‘æ–‡ä»¶ä¸Šä¼ æˆåŠŸ: https://aigc-omni.tos-cn-guangzhou.volces.com/8871157905464bb0b52fb43950625837/8871157905464bb0b52fb43950625837.wav
2025-10-10 15:56:28 - [34mapi_server[0m - [32mINFO[0m - [api_server.py:336] - online_tts() - SRTæ–‡ä»¶ä¸Šä¼ æˆåŠŸ: https://aigc-omni.tos-cn-guangzhou.volces.com/8871157905464bb0b52fb43950625837/8871157905464bb0b52fb43950625837.srt
2025-10-10 15:56:31 - [34mapi_server[0m - [32mINFO[0m - [api_server.py:332] - online_tts() - éŸ³é¢‘æ–‡ä»¶ä¸Šä¼ æˆåŠŸ: https://aigc-omni.tos-cn-guangzhou.volces.com/715292e739254ed8a72ef3e5e5230d49/715292e739254ed8a72ef3e5e5230d49.wav
2025-10-10 15:56:31 - [34mapi_server[0m - [32mINFO[0m - [api_server.py:336] - online_tts() - SRTæ–‡ä»¶ä¸Šä¼ æˆåŠŸ: https://aigc-omni.tos-cn-guangzhou.volces.com/715292e739254ed8a72ef3e5e5230d49/715292e739254ed8a72ef3e5e5230d49.srt
2025-10-10 15:56:33 - [34mapi_server[0m - [32mINFO[0m - [api_server.py:332] - online_tts() - éŸ³é¢‘æ–‡ä»¶ä¸Šä¼ æˆåŠŸ: https://aigc-omni.tos-cn-guangzhou.volces.com/03ca73f6218c4fdfb9c90e8ca769e21a/03ca73f6218c4fdfb9c90e8ca769e21a.wav
2025-10-10 15:56:33 - [34mapi_server[0m - [32mINFO[0m - [api_server.py:336] - online_tts() - SRTæ–‡ä»¶ä¸Šä¼ æˆåŠŸ: https://aigc-omni.tos-cn-guangzhou.volces.com/03ca73f6218c4fdfb9c90e8ca769e21a/03ca73f6218c4fdfb9c90e8ca769e21a.srt
2025-10-10 15:56:36 - [34mapi_server[0m - [32mINFO[0m - [api_server.py:332] - online_tts() - éŸ³é¢‘æ–‡ä»¶ä¸Šä¼ æˆåŠŸ: https://aigc-omni.tos-cn-guangzhou.volces.com/c86a2589a30849fb881d3849db83e45a/c86a2589a30849fb881d3849db83e45a.wav
2025-10-10 15:56:36 - [34mapi_server[0m - [32mINFO[0m - [api_server.py:336] - online_tts() - SRTæ–‡ä»¶ä¸Šä¼ æˆåŠŸ: https://aigc-omni.tos-cn-guangzhou.volces.com/c86a2589a30849fb881d3849db83e45a/c86a2589a30849fb881d3849db83e45a.srt
2025-10-10 16:20:56 - [34mapi_server[0m - [32mINFO[0m - [api_server.py:132] - lifespan() - åº”ç”¨ç¨‹åºå…³é—­å®Œæˆ
2025-10-10 16:26:22 - [34mapi_server[0m - [32mINFO[0m - [api_server.py:180] - lifespan() - TOSä¸Šä¼ å™¨åˆå§‹åŒ–æˆåŠŸ
2025-10-10 16:26:53 - [34mapi_server[0m - [32mINFO[0m - [api_server.py:209] - lifespan() - åº”ç”¨ç¨‹åºå¯åŠ¨å®Œæˆ
2025-10-10 16:48:08 - [34mapi_server[0m - [33mWARNING[0m - [api_server.py:102] - check_rate_limit() - é€Ÿç‡é™åˆ¶æ£€æŸ¥å¤±è´¥: 'RedisManager' object has no attribute 'get_value'
2025-10-10 16:48:13 - [34mapi_server[0m - [32mINFO[0m - [api_server.py:418] - online_tts() - éŸ³é¢‘æ–‡ä»¶ä¸Šä¼ æˆåŠŸ: https://aigc-omni.tos-cn-guangzhou.volces.com/68a99784aab64410a260192234c4a237/68a99784aab64410a260192234c4a237.wav
2025-10-10 16:48:13 - [34mapi_server[0m - [32mINFO[0m - [api_server.py:422] - online_tts() - SRTæ–‡ä»¶ä¸Šä¼ æˆåŠŸ: https://aigc-omni.tos-cn-guangzhou.volces.com/68a99784aab64410a260192234c4a237/68a99784aab64410a260192234c4a237.srt
2025-10-10 16:50:17 - [34mapi_server[0m - [32mINFO[0m - [api_server.py:218] - lifespan() - åº”ç”¨ç¨‹åºå…³é—­å®Œæˆ
2025-10-10 16:50:33 - [34mapi_server[0m - [32mINFO[0m - [api_server.py:180] - lifespan() - TOSä¸Šä¼ å™¨åˆå§‹åŒ–æˆåŠŸ
2025-10-10 16:51:06 - [34mapi_server[0m - [32mINFO[0m - [api_server.py:209] - lifespan() - åº”ç”¨ç¨‹åºå¯åŠ¨å®Œæˆ
2025-10-10 16:53:20 - [34mapi_server[0m - [33mWARNING[0m - [api_server.py:124] - check_rate_limit() - é€Ÿç‡é™åˆ¶æ£€æŸ¥å¤±è´¥: 'RedisManager' object has no attribute 'get_value'
2025-10-10 16:53:26 - [34mapi_server[0m - [32mINFO[0m - [api_server.py:418] - online_tts() - éŸ³é¢‘æ–‡ä»¶ä¸Šä¼ æˆåŠŸ: https://aigc-omni.tos-cn-guangzhou.volces.com/3a74aa71686b44e59af155cffa01e6c4/3a74aa71686b44e59af155cffa01e6c4.wav
2025-10-10 16:53:26 - [34mapi_server[0m - [32mINFO[0m - [api_server.py:422] - online_tts() - SRTæ–‡ä»¶ä¸Šä¼ æˆåŠŸ: https://aigc-omni.tos-cn-guangzhou.volces.com/3a74aa71686b44e59af155cffa01e6c4/3a74aa71686b44e59af155cffa01e6c4.srt
2025-10-10 16:54:04 - [34mapi_server[0m - [33mWARNING[0m - [api_server.py:124] - check_rate_limit() - é€Ÿç‡é™åˆ¶æ£€æŸ¥å¤±è´¥: 'RedisManager' object has no attribute 'get_value'
2025-10-10 16:54:08 - [34mapi_server[0m - [32mINFO[0m - [api_server.py:418] - online_tts() - éŸ³é¢‘æ–‡ä»¶ä¸Šä¼ æˆåŠŸ: https://aigc-omni.tos-cn-guangzhou.volces.com/6b4f063604b744168a4eecfc53d4d785/6b4f063604b744168a4eecfc53d4d785.wav
2025-10-10 16:54:08 - [34mapi_server[0m - [32mINFO[0m - [api_server.py:422] - online_tts() - SRTæ–‡ä»¶ä¸Šä¼ æˆåŠŸ: https://aigc-omni.tos-cn-guangzhou.volces.com/6b4f063604b744168a4eecfc53d4d785/6b4f063604b744168a4eecfc53d4d785.srt
2025-10-10 16:55:25 - [34mapi_server[0m - [32mINFO[0m - [api_server.py:218] - lifespan() - åº”ç”¨ç¨‹åºå…³é—­å®Œæˆ
2025-10-10 16:55:43 - [34mapi_server[0m - [32mINFO[0m - [api_server.py:180] - lifespan() - TOSä¸Šä¼ å™¨åˆå§‹åŒ–æˆåŠŸ
2025-10-10 16:56:17 - [34mapi_server[0m - [32mINFO[0m - [api_server.py:209] - lifespan() - åº”ç”¨ç¨‹åºå¯åŠ¨å®Œæˆ
2025-10-10 17:04:07 - [34mapi_server[0m - [32mINFO[0m - [api_server.py:218] - lifespan() - åº”ç”¨ç¨‹åºå…³é—­å®Œæˆ
2025-10-10 17:04:21 - [34mapi_server[0m - [32mINFO[0m - [api_server.py:180] - lifespan() - TOSä¸Šä¼ å™¨åˆå§‹åŒ–æˆåŠŸ
2025-10-10 17:04:53 - [34mapi_server[0m - [32mINFO[0m - [api_server.py:209] - lifespan() - åº”ç”¨ç¨‹åºå¯åŠ¨å®Œæˆ
2025-10-10 17:08:18 - [34mapi_server[0m - [32mINFO[0m - [api_server.py:418] - online_tts() - éŸ³é¢‘æ–‡ä»¶ä¸Šä¼ æˆåŠŸ: https://aigc-omni.tos-cn-guangzhou.volces.com/2c7609df1bda4db7b81bcdedbfaa8089/2c7609df1bda4db7b81bcdedbfaa8089.wav
2025-10-10 17:08:18 - [34mapi_server[0m - [32mINFO[0m - [api_server.py:422] - online_tts() - SRTæ–‡ä»¶ä¸Šä¼ æˆåŠŸ: https://aigc-omni.tos-cn-guangzhou.volces.com/2c7609df1bda4db7b81bcdedbfaa8089/2c7609df1bda4db7b81bcdedbfaa8089.srt
2025-10-10 17:22:04 - [34mapi_server[0m - [32mINFO[0m - [api_server.py:185] - lifespan() - TOSä¸Šä¼ å™¨åˆå§‹åŒ–æˆåŠŸ
2025-10-10 17:23:12 - [34mapi_server[0m - [32mINFO[0m - [api_server.py:185] - lifespan() - TOSä¸Šä¼ å™¨åˆå§‹åŒ–æˆåŠŸ
2025-10-10 17:25:48 - [34mapi_server[0m - [32mINFO[0m - [api_server.py:185] - lifespan() - TOSä¸Šä¼ å™¨åˆå§‹åŒ–æˆåŠŸ
2025-10-10 17:26:03 - [34mapi_server[0m - [32mINFO[0m - [api_server.py:218] - lifespan() - åº”ç”¨ç¨‹åºå…³é—­å®Œæˆ
2025-10-10 17:26:21 - [34mapi_server[0m - [32mINFO[0m - [api_server.py:185] - lifespan() - TOSä¸Šä¼ å™¨åˆå§‹åŒ–æˆåŠŸ
2025-10-10 17:26:56 - [34mapi_server[0m - [32mINFO[0m - [api_server.py:214] - lifespan() - åº”ç”¨ç¨‹åºå¯åŠ¨å®Œæˆ
2025-10-10 17:27:10 - [34mapi_server[0m - [32mINFO[0m - [api_server.py:423] - online_tts() - éŸ³é¢‘æ–‡ä»¶ä¸Šä¼ æˆåŠŸ: https://aigc-omni.tos-cn-guangzhou.volces.com/c3c07f5e5ed34bb5a21a2ab4fd184af5/c3c07f5e5ed34bb5a21a2ab4fd184af5.wav
2025-10-10 17:27:10 - [34mapi_server[0m - [32mINFO[0m - [api_server.py:427] - online_tts() - SRTæ–‡ä»¶ä¸Šä¼ æˆåŠŸ: https://aigc-omni.tos-cn-guangzhou.volces.com/c3c07f5e5ed34bb5a21a2ab4fd184af5/c3c07f5e5ed34bb5a21a2ab4fd184af5.srt
2025-10-10 17:28:30 - [34mapi_server[0m - [32mINFO[0m - [api_server.py:423] - online_tts() - éŸ³é¢‘æ–‡ä»¶ä¸Šä¼ æˆåŠŸ: https://aigc-omni.tos-cn-guangzhou.volces.com/a8d2aa1e53a8425c9efe010fcee410a8/a8d2aa1e53a8425c9efe010fcee410a8.wav
2025-10-10 17:28:30 - [34mapi_server[0m - [32mINFO[0m - [api_server.py:427] - online_tts() - SRTæ–‡ä»¶ä¸Šä¼ æˆåŠŸ: https://aigc-omni.tos-cn-guangzhou.volces.com/a8d2aa1e53a8425c9efe010fcee410a8/a8d2aa1e53a8425c9efe010fcee410a8.srt
2025-10-10 17:37:40 - [34mapi_server[0m - [32mINFO[0m - [api_server.py:423] - online_tts() - éŸ³é¢‘æ–‡ä»¶ä¸Šä¼ æˆåŠŸ: https://aigc-omni.tos-cn-guangzhou.volces.com/646cd45db0fd432e9fc41bdb5f6d3c29/646cd45db0fd432e9fc41bdb5f6d3c29.wav
2025-10-10 17:37:40 - [34mapi_server[0m - [32mINFO[0m - [api_server.py:427] - online_tts() - SRTæ–‡ä»¶ä¸Šä¼ æˆåŠŸ: https://aigc-omni.tos-cn-guangzhou.volces.com/646cd45db0fd432e9fc41bdb5f6d3c29/646cd45db0fd432e9fc41bdb5f6d3c29.srt
2025-10-10 17:59:54 - [34mapi_server[0m - [32mINFO[0m - [api_server.py:423] - online_tts() - éŸ³é¢‘æ–‡ä»¶ä¸Šä¼ æˆåŠŸ: https://aigc-omni.tos-cn-guangzhou.volces.com/64ce77a7e5c24c9f9ca07bebdfc6bac5/64ce77a7e5c24c9f9ca07bebdfc6bac5.wav
2025-10-10 17:59:54 - [34mapi_server[0m - [32mINFO[0m - [api_server.py:427] - online_tts() - SRTæ–‡ä»¶ä¸Šä¼ æˆåŠŸ: https://aigc-omni.tos-cn-guangzhou.volces.com/64ce77a7e5c24c9f9ca07bebdfc6bac5/64ce77a7e5c24c9f9ca07bebdfc6bac5.srt
2025-10-10 18:01:37 - [34mapi_server[0m - [32mINFO[0m - [api_server.py:423] - online_tts() - éŸ³é¢‘æ–‡ä»¶ä¸Šä¼ æˆåŠŸ: https://aigc-omni.tos-cn-guangzhou.volces.com/698604e659444cd0ab36cf38393f123f/698604e659444cd0ab36cf38393f123f.wav
2025-10-10 18:01:37 - [34mapi_server[0m - [32mINFO[0m - [api_server.py:427] - online_tts() - SRTæ–‡ä»¶ä¸Šä¼ æˆåŠŸ: https://aigc-omni.tos-cn-guangzhou.volces.com/698604e659444cd0ab36cf38393f123f/698604e659444cd0ab36cf38393f123f.srt
2025-10-10 18:03:07 - [34mapi_server[0m - [32mINFO[0m - [api_server.py:423] - online_tts() - éŸ³é¢‘æ–‡ä»¶ä¸Šä¼ æˆåŠŸ: https://aigc-omni.tos-cn-guangzhou.volces.com/8820115c8aab403480c1aaee72da629a/8820115c8aab403480c1aaee72da629a.wav
2025-10-10 18:03:07 - [34mapi_server[0m - [32mINFO[0m - [api_server.py:427] - online_tts() - SRTæ–‡ä»¶ä¸Šä¼ æˆåŠŸ: https://aigc-omni.tos-cn-guangzhou.volces.com/8820115c8aab403480c1aaee72da629a/8820115c8aab403480c1aaee72da629a.srt
2025-10-10 18:04:12 - [34mapi_server[0m - [32mINFO[0m - [api_server.py:423] - online_tts() - éŸ³é¢‘æ–‡ä»¶ä¸Šä¼ æˆåŠŸ: https://aigc-omni.tos-cn-guangzhou.volces.com/61097462955040348911698e93ea0470/61097462955040348911698e93ea0470.wav
2025-10-10 18:04:12 - [34mapi_server[0m - [32mINFO[0m - [api_server.py:427] - online_tts() - SRTæ–‡ä»¶ä¸Šä¼ æˆåŠŸ: https://aigc-omni.tos-cn-guangzhou.volces.com/61097462955040348911698e93ea0470/61097462955040348911698e93ea0470.srt
