2025-10-10 11:10:40 - [34mutils.db_manager[0m - [32mINFO[0m - [db_manager.py:39] - initialize() - MySQLæ•°æ®åº“è¿æ¥æ± åˆ›å»ºæˆåŠŸ
2025-10-10 11:10:40 - [34mutils.db_manager[0m - [32mINFO[0m - [db_manager.py:79] - check_tables_exist() - è¡¨å­˜åœ¨æ€§æ£€æŸ¥: tts_tasks=True, voice_configs=True
2025-10-10 11:12:03 - [34mutils.db_manager[0m - [32mINFO[0m - [db_manager.py:141] - create_online_task() - å·²åˆ›å»ºåœ¨çº¿TTSä»»åŠ¡: of6e1IU9
2025-10-10 11:12:05 - [34mutils.db_manager[0m - [32mINFO[0m - [db_manager.py:317] - update_task_files() - å·²æ›´æ–°ä»»åŠ¡ of6e1IU9 çš„æ–‡ä»¶è·¯å¾„
2025-10-10 11:12:05 - [34mutils.db_manager[0m - [32mINFO[0m - [db_manager.py:272] - update_task_status() - å·²æ›´æ–°ä»»åŠ¡ of6e1IU9 çŠ¶æ€ä¸º completed
2025-10-10 11:27:36 - [34mutils.db_manager[0m - [32mINFO[0m - [db_manager.py:53] - close() - MySQLæ•°æ®åº“è¿æ¥æ± å·²å…³é—­
2025-10-10 11:27:50 - [34mutils.db_manager[0m - [32mINFO[0m - [db_manager.py:39] - initialize() - MySQLæ•°æ®åº“è¿æ¥æ± åˆ›å»ºæˆåŠŸ
2025-10-10 11:27:50 - [34mutils.db_manager[0m - [32mINFO[0m - [db_manager.py:79] - check_tables_exist() - è¡¨å­˜åœ¨æ€§æ£€æŸ¥: tts_tasks=True, voice_configs=True
2025-10-10 11:29:10 - [34mutils.db_manager[0m - [32mINFO[0m - [db_manager.py:39] - initialize() - MySQLæ•°æ®åº“è¿æ¥æ± åˆ›å»ºæˆåŠŸ
2025-10-10 11:29:10 - [34mutils.db_manager[0m - [32mINFO[0m - [db_manager.py:79] - check_tables_exist() - è¡¨å­˜åœ¨æ€§æ£€æŸ¥: tts_tasks=True, voice_configs=True
2025-10-10 11:30:10 - [34mutils.db_manager[0m - [32mINFO[0m - [db_manager.py:39] - initialize() - MySQLæ•°æ®åº“è¿æ¥æ± åˆ›å»ºæˆåŠŸ
2025-10-10 11:30:10 - [34mutils.db_manager[0m - [32mINFO[0m - [db_manager.py:79] - check_tables_exist() - è¡¨å­˜åœ¨æ€§æ£€æŸ¥: tts_tasks=True, voice_configs=True
2025-10-10 11:31:53 - [34mutils.db_manager[0m - [32mINFO[0m - [db_manager.py:39] - initialize() - MySQLæ•°æ®åº“è¿æ¥æ± åˆ›å»ºæˆåŠŸ
2025-10-10 11:31:53 - [34mutils.db_manager[0m - [32mINFO[0m - [db_manager.py:79] - check_tables_exist() - è¡¨å­˜åœ¨æ€§æ£€æŸ¥: tts_tasks=True, voice_configs=True
2025-10-10 11:32:54 - [34mutils.db_manager[0m - [32mINFO[0m - [db_manager.py:139] - create_online_task() - å·²åˆ›å»ºåœ¨çº¿TTSä»»åŠ¡: f02cf47a7ab846b79de9c5796e9c2117
2025-10-10 11:33:00 - [34mutils.db_manager[0m - [32mINFO[0m - [db_manager.py:315] - update_task_files() - å·²æ›´æ–°ä»»åŠ¡ f02cf47a7ab846b79de9c5796e9c2117 çš„æ–‡ä»¶è·¯å¾„
2025-10-10 11:33:00 - [34mutils.db_manager[0m - [32mINFO[0m - [db_manager.py:270] - update_task_status() - å·²æ›´æ–°ä»»åŠ¡ f02cf47a7ab846b79de9c5796e9c2117 çŠ¶æ€ä¸º completed
2025-10-10 11:33:27 - [34mutils.db_manager[0m - [32mINFO[0m - [db_manager.py:139] - create_online_task() - å·²åˆ›å»ºåœ¨çº¿TTSä»»åŠ¡: 59cfbeb5bac2406e87f6c82d62286e94
2025-10-10 11:33:29 - [34mutils.db_manager[0m - [32mINFO[0m - [db_manager.py:315] - update_task_files() - å·²æ›´æ–°ä»»åŠ¡ 59cfbeb5bac2406e87f6c82d62286e94 çš„æ–‡ä»¶è·¯å¾„
2025-10-10 11:33:29 - [34mutils.db_manager[0m - [32mINFO[0m - [db_manager.py:270] - update_task_status() - å·²æ›´æ–°ä»»åŠ¡ 59cfbeb5bac2406e87f6c82d62286e94 çŠ¶æ€ä¸º completed
2025-10-10 11:35:34 - [34mutils.db_manager[0m - [32mINFO[0m - [db_manager.py:53] - close() - MySQLæ•°æ®åº“è¿æ¥æ± å·²å…³é—­
2025-10-10 11:35:42 - [34mutils.db_manager[0m - [32mINFO[0m - [db_manager.py:39] - initialize() - MySQLæ•°æ®åº“è¿æ¥æ± åˆ›å»ºæˆåŠŸ
2025-10-10 11:35:42 - [34mutils.db_manager[0m - [32mINFO[0m - [db_manager.py:79] - check_tables_exist() - è¡¨å­˜åœ¨æ€§æ£€æŸ¥: tts_tasks=True, voice_configs=True
2025-10-10 11:36:30 - [34mutils.db_manager[0m - [32mINFO[0m - [db_manager.py:39] - initialize() - MySQLæ•°æ®åº“è¿æ¥æ± åˆ›å»ºæˆåŠŸ
2025-10-10 11:36:30 - [34mutils.db_manager[0m - [32mINFO[0m - [db_manager.py:79] - check_tables_exist() - è¡¨å­˜åœ¨æ€§æ£€æŸ¥: tts_tasks=True, voice_configs=True
2025-10-10 11:36:34 - [34mutils.db_manager[0m - [32mINFO[0m - [db_manager.py:53] - close() - MySQLæ•°æ®åº“è¿æ¥æ± å·²å…³é—­
2025-10-10 11:37:14 - [34mutils.db_manager[0m - [32mINFO[0m - [db_manager.py:39] - initialize() - MySQLæ•°æ®åº“è¿æ¥æ± åˆ›å»ºæˆåŠŸ
2025-10-10 11:37:14 - [34mutils.db_manager[0m - [32mINFO[0m - [db_manager.py:79] - check_tables_exist() - è¡¨å­˜åœ¨æ€§æ£€æŸ¥: tts_tasks=True, voice_configs=True
2025-10-10 11:37:32 - [34mutils.db_manager[0m - [32mINFO[0m - [db_manager.py:53] - close() - MySQLæ•°æ®åº“è¿æ¥æ± å·²å…³é—­
2025-10-10 11:38:11 - [34mutils.db_manager[0m - [32mINFO[0m - [db_manager.py:39] - initialize() - MySQLæ•°æ®åº“è¿æ¥æ± åˆ›å»ºæˆåŠŸ
2025-10-10 11:38:11 - [34mutils.db_manager[0m - [32mINFO[0m - [db_manager.py:79] - check_tables_exist() - è¡¨å­˜åœ¨æ€§æ£€æŸ¥: tts_tasks=True, voice_configs=True
2025-10-10 11:39:14 - [34mutils.db_manager[0m - [32mINFO[0m - [db_manager.py:53] - close() - MySQLæ•°æ®åº“è¿æ¥æ± å·²å…³é—­
2025-10-10 11:39:43 - [34mutils.db_manager[0m - [32mINFO[0m - [db_manager.py:39] - initialize() - MySQLæ•°æ®åº“è¿æ¥æ± åˆ›å»ºæˆåŠŸ
2025-10-10 11:39:43 - [34mutils.db_manager[0m - [32mINFO[0m - [db_manager.py:79] - check_tables_exist() - è¡¨å­˜åœ¨æ€§æ£€æŸ¥: tts_tasks=True, voice_configs=True
2025-10-10 11:40:44 - [34mutils.db_manager[0m - [32mINFO[0m - [db_manager.py:139] - create_online_task() - å·²åˆ›å»ºåœ¨çº¿TTSä»»åŠ¡: 046f85a8ab564747875cc8423a4d1b95
2025-10-10 11:40:48 - [34mutils.db_manager[0m - [32mINFO[0m - [db_manager.py:315] - update_task_files() - å·²æ›´æ–°ä»»åŠ¡ 046f85a8ab564747875cc8423a4d1b95 çš„æ–‡ä»¶è·¯å¾„
2025-10-10 11:40:48 - [34mutils.db_manager[0m - [32mINFO[0m - [db_manager.py:270] - update_task_status() - å·²æ›´æ–°ä»»åŠ¡ 046f85a8ab564747875cc8423a4d1b95 çŠ¶æ€ä¸º completed
2025-10-10 11:45:11 - [34mutils.db_manager[0m - [32mINFO[0m - [db_manager.py:53] - close() - MySQLæ•°æ®åº“è¿æ¥æ± å·²å…³é—­
2025-10-10 11:45:26 - [34mutils.db_manager[0m - [32mINFO[0m - [db_manager.py:39] - initialize() - MySQLæ•°æ®åº“è¿æ¥æ± åˆ›å»ºæˆåŠŸ
2025-10-10 11:45:26 - [34mutils.db_manager[0m - [32mINFO[0m - [db_manager.py:79] - check_tables_exist() - è¡¨å­˜åœ¨æ€§æ£€æŸ¥: tts_tasks=True, voice_configs=True
2025-10-10 11:46:26 - [34mutils.db_manager[0m - [32mINFO[0m - [db_manager.py:139] - create_online_task() - å·²åˆ›å»ºåœ¨çº¿TTSä»»åŠ¡: 551440d25072450e895184d0c2b0383a
2025-10-10 11:46:29 - [34mutils.db_manager[0m - [32mINFO[0m - [db_manager.py:315] - update_task_files() - å·²æ›´æ–°ä»»åŠ¡ 551440d25072450e895184d0c2b0383a çš„æ–‡ä»¶è·¯å¾„
2025-10-10 11:46:29 - [34mutils.db_manager[0m - [32mINFO[0m - [db_manager.py:270] - update_task_status() - å·²æ›´æ–°ä»»åŠ¡ 551440d25072450e895184d0c2b0383a çŠ¶æ€ä¸º completed
2025-10-10 12:22:10 - [34mutils.db_manager[0m - [32mINFO[0m - [db_manager.py:39] - initialize() - MySQLæ•°æ®åº“è¿æ¥æ± åˆ›å»ºæˆåŠŸ
2025-10-10 12:22:10 - [34mutils.db_manager[0m - [32mINFO[0m - [db_manager.py:79] - check_tables_exist() - è¡¨å­˜åœ¨æ€§æ£€æŸ¥: tts_tasks=True, voice_configs=True
2025-10-10 12:53:03 - [34mutils.db_manager[0m - [32mINFO[0m - [db_manager.py:165] - create_long_text_task() - å·²åˆ›å»ºé•¿æ–‡æœ¬TTSä»»åŠ¡: fb018b0fbb42406e9cdd67613a6a3211
2025-10-10 12:53:04 - [34mutils.db_manager[0m - [32mINFO[0m - [db_manager.py:165] - create_long_text_task() - å·²åˆ›å»ºé•¿æ–‡æœ¬TTSä»»åŠ¡: 0d979b2bb4a04545b5896bedccbaaedf
2025-10-10 12:53:04 - [34mutils.db_manager[0m - [32mINFO[0m - [db_manager.py:165] - create_long_text_task() - å·²åˆ›å»ºé•¿æ–‡æœ¬TTSä»»åŠ¡: 0d15ad87c1a044ba901b3f9bb6e7c09a
2025-10-10 13:07:46 - [34mutils.db_manager[0m - [32mINFO[0m - [db_manager.py:39] - initialize() - MySQLæ•°æ®åº“è¿æ¥æ± åˆ›å»ºæˆåŠŸ
2025-10-10 13:07:46 - [34mutils.db_manager[0m - [32mINFO[0m - [db_manager.py:79] - check_tables_exist() - è¡¨å­˜åœ¨æ€§æ£€æŸ¥: tts_tasks=True, voice_configs=True
2025-10-10 13:07:46 - [34mutils.db_manager[0m - [32mINFO[0m - [db_manager.py:220] - get_next_task() - å·²è·å–ä»»åŠ¡ fb018b0fbb42406e9cdd67613a6a3211 è¿›è¡Œå¤„ç†
2025-10-10 13:07:46 - [34mutils.db_manager[0m - [32mINFO[0m - [db_manager.py:270] - update_task_status() - å·²æ›´æ–°ä»»åŠ¡ fb018b0fbb42406e9cdd67613a6a3211 çŠ¶æ€ä¸º failed
2025-10-10 13:07:46 - [34mutils.db_manager[0m - [32mINFO[0m - [db_manager.py:220] - get_next_task() - å·²è·å–ä»»åŠ¡ 0d979b2bb4a04545b5896bedccbaaedf è¿›è¡Œå¤„ç†
2025-10-10 13:07:46 - [34mutils.db_manager[0m - [32mINFO[0m - [db_manager.py:270] - update_task_status() - å·²æ›´æ–°ä»»åŠ¡ 0d979b2bb4a04545b5896bedccbaaedf çŠ¶æ€ä¸º failed
2025-10-10 13:07:46 - [34mutils.db_manager[0m - [32mINFO[0m - [db_manager.py:220] - get_next_task() - å·²è·å–ä»»åŠ¡ 0d15ad87c1a044ba901b3f9bb6e7c09a è¿›è¡Œå¤„ç†
2025-10-10 13:07:46 - [34mutils.db_manager[0m - [32mINFO[0m - [db_manager.py:270] - update_task_status() - å·²æ›´æ–°ä»»åŠ¡ 0d15ad87c1a044ba901b3f9bb6e7c09a çŠ¶æ€ä¸º failed
2025-10-10 13:09:08 - [34mutils.db_manager[0m - [32mINFO[0m - [db_manager.py:165] - create_long_text_task() - å·²åˆ›å»ºé•¿æ–‡æœ¬TTSä»»åŠ¡: d52f4e01d1294ebe9423dcedcf44762c
2025-10-10 13:09:09 - [34mutils.db_manager[0m - [32mINFO[0m - [db_manager.py:220] - get_next_task() - å·²è·å–ä»»åŠ¡ d52f4e01d1294ebe9423dcedcf44762c è¿›è¡Œå¤„ç†
2025-10-10 13:09:09 - [34mutils.db_manager[0m - [32mINFO[0m - [db_manager.py:270] - update_task_status() - å·²æ›´æ–°ä»»åŠ¡ d52f4e01d1294ebe9423dcedcf44762c çŠ¶æ€ä¸º failed
2025-10-10 13:09:45 - [34mutils.db_manager[0m - [32mINFO[0m - [db_manager.py:53] - close() - MySQLæ•°æ®åº“è¿æ¥æ± å·²å…³é—­
2025-10-10 13:11:14 - [34mutils.db_manager[0m - [32mINFO[0m - [db_manager.py:39] - initialize() - MySQLæ•°æ®åº“è¿æ¥æ± åˆ›å»ºæˆåŠŸ
2025-10-10 13:11:14 - [34mutils.db_manager[0m - [32mINFO[0m - [db_manager.py:79] - check_tables_exist() - è¡¨å­˜åœ¨æ€§æ£€æŸ¥: tts_tasks=True, voice_configs=True
2025-10-10 13:11:25 - [34mutils.db_manager[0m - [32mINFO[0m - [db_manager.py:165] - create_long_text_task() - å·²åˆ›å»ºé•¿æ–‡æœ¬TTSä»»åŠ¡: 9d28ae0652cd4a988fe184a2a304285d
2025-10-10 13:11:26 - [34mutils.db_manager[0m - [32mINFO[0m - [db_manager.py:220] - get_next_task() - å·²è·å–ä»»åŠ¡ 9d28ae0652cd4a988fe184a2a304285d è¿›è¡Œå¤„ç†
2025-10-10 13:11:28 - [34mutils.db_manager[0m - [32mINFO[0m - [db_manager.py:315] - update_task_files() - å·²æ›´æ–°ä»»åŠ¡ 9d28ae0652cd4a988fe184a2a304285d çš„æ–‡ä»¶è·¯å¾„
2025-10-10 13:11:28 - [34mutils.db_manager[0m - [32mINFO[0m - [db_manager.py:270] - update_task_status() - å·²æ›´æ–°ä»»åŠ¡ 9d28ae0652cd4a988fe184a2a304285d çŠ¶æ€ä¸º completed
2025-10-10 13:12:03 - [34mutils.db_manager[0m - [32mINFO[0m - [db_manager.py:165] - create_long_text_task() - å·²åˆ›å»ºé•¿æ–‡æœ¬TTSä»»åŠ¡: 7f685589af244165a16b1398f2d6800c
2025-10-10 13:12:05 - [34mutils.db_manager[0m - [32mINFO[0m - [db_manager.py:220] - get_next_task() - å·²è·å–ä»»åŠ¡ 7f685589af244165a16b1398f2d6800c è¿›è¡Œå¤„ç†
2025-10-10 13:12:05 - [34mutils.db_manager[0m - [32mINFO[0m - [db_manager.py:315] - update_task_files() - å·²æ›´æ–°ä»»åŠ¡ 7f685589af244165a16b1398f2d6800c çš„æ–‡ä»¶è·¯å¾„
2025-10-10 13:12:05 - [34mutils.db_manager[0m - [32mINFO[0m - [db_manager.py:270] - update_task_status() - å·²æ›´æ–°ä»»åŠ¡ 7f685589af244165a16b1398f2d6800c çŠ¶æ€ä¸º completed
2025-10-10 13:36:28 - [34mutils.db_manager[0m - [32mINFO[0m - [db_manager.py:53] - close() - MySQLæ•°æ®åº“è¿æ¥æ± å·²å…³é—­
2025-10-10 13:36:45 - [34mutils.db_manager[0m - [32mINFO[0m - [db_manager.py:39] - initialize() - MySQLæ•°æ®åº“è¿æ¥æ± åˆ›å»ºæˆåŠŸ
2025-10-10 13:36:45 - [34mutils.db_manager[0m - [32mINFO[0m - [db_manager.py:79] - check_tables_exist() - è¡¨å­˜åœ¨æ€§æ£€æŸ¥: tts_tasks=True, voice_configs=True
2025-10-10 13:38:15 - [34mutils.db_manager[0m - [32mINFO[0m - [db_manager.py:165] - create_long_text_task() - å·²åˆ›å»ºé•¿æ–‡æœ¬TTSä»»åŠ¡: 8ef17c469d0e4b0e969251342f838c16
2025-10-10 13:38:17 - [34mutils.db_manager[0m - [32mINFO[0m - [db_manager.py:220] - get_next_task() - å·²è·å–ä»»åŠ¡ 8ef17c469d0e4b0e969251342f838c16 è¿›è¡Œå¤„ç†
2025-10-10 13:38:18 - [34mutils.db_manager[0m - [32mINFO[0m - [db_manager.py:315] - update_task_files() - å·²æ›´æ–°ä»»åŠ¡ 8ef17c469d0e4b0e969251342f838c16 çš„æ–‡ä»¶è·¯å¾„
2025-10-10 13:38:18 - [34mutils.db_manager[0m - [32mINFO[0m - [db_manager.py:270] - update_task_status() - å·²æ›´æ–°ä»»åŠ¡ 8ef17c469d0e4b0e969251342f838c16 çŠ¶æ€ä¸º completed
2025-10-10 13:59:57 - [34mutils.db_manager[0m - [32mINFO[0m - [db_manager.py:39] - initialize() - MySQLæ•°æ®åº“è¿æ¥æ± åˆ›å»ºæˆåŠŸ
2025-10-10 13:59:57 - [34mutils.db_manager[0m - [32mINFO[0m - [db_manager.py:79] - check_tables_exist() - è¡¨å­˜åœ¨æ€§æ£€æŸ¥: tts_tasks=True, voice_configs=True
2025-10-10 14:00:20 - [34mutils.db_manager[0m - [32mINFO[0m - [db_manager.py:39] - initialize() - MySQLæ•°æ®åº“è¿æ¥æ± åˆ›å»ºæˆåŠŸ
2025-10-10 14:00:20 - [34mutils.db_manager[0m - [32mINFO[0m - [db_manager.py:79] - check_tables_exist() - è¡¨å­˜åœ¨æ€§æ£€æŸ¥: tts_tasks=True, voice_configs=True
2025-10-10 14:01:51 - [34mutils.db_manager[0m - [32mINFO[0m - [db_manager.py:139] - create_online_task() - å·²åˆ›å»ºåœ¨çº¿TTSä»»åŠ¡: 7a5186872526488e95de0bc6f8fe69fe
2025-10-10 14:01:53 - [34mutils.db_manager[0m - [32mINFO[0m - [db_manager.py:220] - get_next_task() - å·²è·å–ä»»åŠ¡ 7a5186872526488e95de0bc6f8fe69fe è¿›è¡Œå¤„ç†
2025-10-10 14:01:53 - [34mutils.db_manager[0m - [32mINFO[0m - [db_manager.py:315] - update_task_files() - å·²æ›´æ–°ä»»åŠ¡ 7a5186872526488e95de0bc6f8fe69fe çš„æ–‡ä»¶è·¯å¾„
2025-10-10 14:01:53 - [34mutils.db_manager[0m - [32mINFO[0m - [db_manager.py:270] - update_task_status() - å·²æ›´æ–°ä»»åŠ¡ 7a5186872526488e95de0bc6f8fe69fe çŠ¶æ€ä¸º completed
2025-10-10 14:01:53 - [34mutils.db_manager[0m - [32mINFO[0m - [db_manager.py:165] - create_long_text_task() - å·²åˆ›å»ºé•¿æ–‡æœ¬TTSä»»åŠ¡: 29889eb0ed1341d68675290d3167cd1e
2025-10-10 14:01:54 - [34mutils.db_manager[0m - [32mINFO[0m - [db_manager.py:315] - update_task_files() - å·²æ›´æ–°ä»»åŠ¡ 7a5186872526488e95de0bc6f8fe69fe çš„æ–‡ä»¶è·¯å¾„
2025-10-10 14:01:54 - [34mutils.db_manager[0m - [32mINFO[0m - [db_manager.py:270] - update_task_status() - å·²æ›´æ–°ä»»åŠ¡ 7a5186872526488e95de0bc6f8fe69fe çŠ¶æ€ä¸º completed
2025-10-10 14:01:54 - [34mutils.db_manager[0m - [32mINFO[0m - [db_manager.py:220] - get_next_task() - å·²è·å–ä»»åŠ¡ 29889eb0ed1341d68675290d3167cd1e è¿›è¡Œå¤„ç†
2025-10-10 14:01:56 - [34mutils.db_manager[0m - [32mINFO[0m - [db_manager.py:315] - update_task_files() - å·²æ›´æ–°ä»»åŠ¡ 29889eb0ed1341d68675290d3167cd1e çš„æ–‡ä»¶è·¯å¾„
2025-10-10 14:01:56 - [34mutils.db_manager[0m - [32mINFO[0m - [db_manager.py:270] - update_task_status() - å·²æ›´æ–°ä»»åŠ¡ 29889eb0ed1341d68675290d3167cd1e çŠ¶æ€ä¸º completed
2025-10-10 14:19:52 - [34mutils.db_manager[0m - [32mINFO[0m - [db_manager.py:53] - close() - MySQLæ•°æ®åº“è¿æ¥æ± å·²å…³é—­
2025-10-10 14:23:13 - [34mutils.db_manager[0m - [32mINFO[0m - [db_manager.py:39] - initialize() - MySQLæ•°æ®åº“è¿æ¥æ± åˆ›å»ºæˆåŠŸ
2025-10-10 14:23:13 - [34mutils.db_manager[0m - [32mINFO[0m - [db_manager.py:79] - check_tables_exist() - è¡¨å­˜åœ¨æ€§æ£€æŸ¥: tts_tasks=True, voice_configs=True
2025-10-10 14:31:53 - [34mutils.db_manager[0m - [32mINFO[0m - [db_manager.py:139] - create_online_task() - å·²åˆ›å»ºåœ¨çº¿TTSä»»åŠ¡: 7bf03597ef774b4dae2b23f1e29b3ebc
2025-10-10 14:31:59 - [34mutils.db_manager[0m - [32mINFO[0m - [db_manager.py:315] - update_task_files() - å·²æ›´æ–°ä»»åŠ¡ 7bf03597ef774b4dae2b23f1e29b3ebc çš„æ–‡ä»¶è·¯å¾„
2025-10-10 14:31:59 - [34mutils.db_manager[0m - [32mINFO[0m - [db_manager.py:270] - update_task_status() - å·²æ›´æ–°ä»»åŠ¡ 7bf03597ef774b4dae2b23f1e29b3ebc çŠ¶æ€ä¸º completed
2025-10-10 14:37:58 - [34mutils.db_manager[0m - [32mINFO[0m - [db_manager.py:53] - close() - MySQLæ•°æ®åº“è¿æ¥æ± å·²å…³é—­
2025-10-10 14:38:09 - [34mutils.db_manager[0m - [32mINFO[0m - [db_manager.py:39] - initialize() - MySQLæ•°æ®åº“è¿æ¥æ± åˆ›å»ºæˆåŠŸ
2025-10-10 14:38:09 - [34mutils.db_manager[0m - [32mINFO[0m - [db_manager.py:79] - check_tables_exist() - è¡¨å­˜åœ¨æ€§æ£€æŸ¥: tts_tasks=True, voice_configs=True
2025-10-10 14:39:26 - [34mutils.db_manager[0m - [32mINFO[0m - [db_manager.py:139] - create_online_task() - å·²åˆ›å»ºåœ¨çº¿TTSä»»åŠ¡: c6b7e5652a6c4a45a69bb8c8eff186aa
2025-10-10 14:39:31 - [34mutils.db_manager[0m - [32mINFO[0m - [db_manager.py:315] - update_task_files() - å·²æ›´æ–°ä»»åŠ¡ c6b7e5652a6c4a45a69bb8c8eff186aa çš„æ–‡ä»¶è·¯å¾„
2025-10-10 14:39:31 - [34mutils.db_manager[0m - [32mINFO[0m - [db_manager.py:270] - update_task_status() - å·²æ›´æ–°ä»»åŠ¡ c6b7e5652a6c4a45a69bb8c8eff186aa çŠ¶æ€ä¸º completed
2025-10-10 14:50:45 - [34mutils.db_manager[0m - [32mINFO[0m - [db_manager.py:53] - close() - MySQLæ•°æ®åº“è¿æ¥æ± å·²å…³é—­
2025-10-10 14:50:56 - [34mutils.db_manager[0m - [32mINFO[0m - [db_manager.py:39] - initialize() - MySQLæ•°æ®åº“è¿æ¥æ± åˆ›å»ºæˆåŠŸ
2025-10-10 14:50:56 - [34mutils.db_manager[0m - [32mINFO[0m - [db_manager.py:79] - check_tables_exist() - è¡¨å­˜åœ¨æ€§æ£€æŸ¥: tts_tasks=True, voice_configs=True
2025-10-10 14:52:44 - [34mutils.db_manager[0m - [32mINFO[0m - [db_manager.py:139] - create_online_task() - å·²åˆ›å»ºåœ¨çº¿TTSä»»åŠ¡: 492c5db740474090b51ac045faca3fd5
2025-10-10 14:52:49 - [34mutils.db_manager[0m - [32mINFO[0m - [db_manager.py:315] - update_task_files() - å·²æ›´æ–°ä»»åŠ¡ 492c5db740474090b51ac045faca3fd5 çš„æ–‡ä»¶è·¯å¾„
2025-10-10 14:52:49 - [34mutils.db_manager[0m - [32mINFO[0m - [db_manager.py:270] - update_task_status() - å·²æ›´æ–°ä»»åŠ¡ 492c5db740474090b51ac045faca3fd5 çŠ¶æ€ä¸º completed
2025-10-10 15:11:17 - [34mutils.db_manager[0m - [32mINFO[0m - [db_manager.py:53] - close() - MySQLæ•°æ®åº“è¿æ¥æ± å·²å…³é—­
2025-10-10 15:15:02 - [34mutils.db_manager[0m - [32mINFO[0m - [db_manager.py:39] - initialize() - MySQLæ•°æ®åº“è¿æ¥æ± åˆ›å»ºæˆåŠŸ
2025-10-10 15:15:02 - [34mutils.db_manager[0m - [32mINFO[0m - [db_manager.py:79] - check_tables_exist() - è¡¨å­˜åœ¨æ€§æ£€æŸ¥: tts_tasks=True, voice_configs=True
2025-10-10 15:15:39 - [34mutils.db_manager[0m - [32mINFO[0m - [db_manager.py:139] - create_online_task() - å·²åˆ›å»ºåœ¨çº¿TTSä»»åŠ¡: 30798c102a3347098e716e00d71c8c1c
2025-10-10 15:15:45 - [34mutils.db_manager[0m - [32mINFO[0m - [db_manager.py:315] - update_task_files() - å·²æ›´æ–°ä»»åŠ¡ 30798c102a3347098e716e00d71c8c1c çš„æ–‡ä»¶è·¯å¾„
2025-10-10 15:15:45 - [34mutils.db_manager[0m - [32mINFO[0m - [db_manager.py:270] - update_task_status() - å·²æ›´æ–°ä»»åŠ¡ 30798c102a3347098e716e00d71c8c1c çŠ¶æ€ä¸º completed
2025-10-10 15:28:53 - [34mutils.db_manager[0m - [32mINFO[0m - [db_manager.py:53] - close() - MySQLæ•°æ®åº“è¿æ¥æ± å·²å…³é—­
2025-10-10 15:31:49 - [34mutils.db_manager[0m - [32mINFO[0m - [db_manager.py:39] - initialize() - MySQLæ•°æ®åº“è¿æ¥æ± åˆ›å»ºæˆåŠŸ
2025-10-10 15:31:49 - [34mutils.db_manager[0m - [32mINFO[0m - [db_manager.py:79] - check_tables_exist() - è¡¨å­˜åœ¨æ€§æ£€æŸ¥: tts_tasks=True, voice_configs=True
2025-10-10 15:32:26 - [34mutils.db_manager[0m - [32mINFO[0m - [db_manager.py:139] - create_online_task() - å·²åˆ›å»ºåœ¨çº¿TTSä»»åŠ¡: 4a99bfa40d4d47d5bd658d0eae1e82df
2025-10-10 15:32:32 - [34mutils.db_manager[0m - [32mINFO[0m - [db_manager.py:315] - update_task_files() - å·²æ›´æ–°ä»»åŠ¡ 4a99bfa40d4d47d5bd658d0eae1e82df çš„æ–‡ä»¶è·¯å¾„
2025-10-10 15:32:32 - [34mutils.db_manager[0m - [32mINFO[0m - [db_manager.py:270] - update_task_status() - å·²æ›´æ–°ä»»åŠ¡ 4a99bfa40d4d47d5bd658d0eae1e82df çŠ¶æ€ä¸º completed
2025-10-10 15:33:02 - [34mutils.db_manager[0m - [32mINFO[0m - [db_manager.py:139] - create_online_task() - å·²åˆ›å»ºåœ¨çº¿TTSä»»åŠ¡: 43a109d795fa4279986157e00ea555c7
2025-10-10 15:33:05 - [34mutils.db_manager[0m - [32mINFO[0m - [db_manager.py:315] - update_task_files() - å·²æ›´æ–°ä»»åŠ¡ 43a109d795fa4279986157e00ea555c7 çš„æ–‡ä»¶è·¯å¾„
2025-10-10 15:33:05 - [34mutils.db_manager[0m - [32mINFO[0m - [db_manager.py:270] - update_task_status() - å·²æ›´æ–°ä»»åŠ¡ 43a109d795fa4279986157e00ea555c7 çŠ¶æ€ä¸º completed
2025-10-10 15:54:09 - [34mutils.db_manager[0m - [32mINFO[0m - [db_manager.py:53] - close() - MySQLæ•°æ®åº“è¿æ¥æ± å·²å…³é—­
2025-10-10 15:54:23 - [34mutils.db_manager[0m - [32mINFO[0m - [db_manager.py:39] - initialize() - MySQLæ•°æ®åº“è¿æ¥æ± åˆ›å»ºæˆåŠŸ
2025-10-10 15:54:23 - [34mutils.db_manager[0m - [32mINFO[0m - [db_manager.py:79] - check_tables_exist() - è¡¨å­˜åœ¨æ€§æ£€æŸ¥: tts_tasks=True, voice_configs=True
2025-10-10 15:55:03 - [34mutils.db_manager[0m - [32mINFO[0m - [db_manager.py:139] - create_online_task() - å·²åˆ›å»ºåœ¨çº¿TTSä»»åŠ¡: e3d24165d8154005ab21e6208a0aaf0c
2025-10-10 15:55:09 - [34mutils.db_manager[0m - [32mINFO[0m - [db_manager.py:315] - update_task_files() - å·²æ›´æ–°ä»»åŠ¡ e3d24165d8154005ab21e6208a0aaf0c çš„æ–‡ä»¶è·¯å¾„
2025-10-10 15:55:09 - [34mutils.db_manager[0m - [32mINFO[0m - [db_manager.py:270] - update_task_status() - å·²æ›´æ–°ä»»åŠ¡ e3d24165d8154005ab21e6208a0aaf0c çŠ¶æ€ä¸º completed
2025-10-10 15:55:25 - [34mutils.db_manager[0m - [32mINFO[0m - [db_manager.py:139] - create_online_task() - å·²åˆ›å»ºåœ¨çº¿TTSä»»åŠ¡: 61a757aca0364159b2f8d4ccb8346fd2
2025-10-10 15:55:28 - [34mutils.db_manager[0m - [32mINFO[0m - [db_manager.py:315] - update_task_files() - å·²æ›´æ–°ä»»åŠ¡ 61a757aca0364159b2f8d4ccb8346fd2 çš„æ–‡ä»¶è·¯å¾„
2025-10-10 15:55:28 - [34mutils.db_manager[0m - [32mINFO[0m - [db_manager.py:270] - update_task_status() - å·²æ›´æ–°ä»»åŠ¡ 61a757aca0364159b2f8d4ccb8346fd2 çŠ¶æ€ä¸º completed
2025-10-10 15:55:28 - [34mutils.db_manager[0m - [32mINFO[0m - [db_manager.py:139] - create_online_task() - å·²åˆ›å»ºåœ¨çº¿TTSä»»åŠ¡: 03a20a912a224808af2d2e76178ad1f9
2025-10-10 15:55:31 - [34mutils.db_manager[0m - [32mINFO[0m - [db_manager.py:315] - update_task_files() - å·²æ›´æ–°ä»»åŠ¡ 03a20a912a224808af2d2e76178ad1f9 çš„æ–‡ä»¶è·¯å¾„
2025-10-10 15:55:31 - [34mutils.db_manager[0m - [32mINFO[0m - [db_manager.py:270] - update_task_status() - å·²æ›´æ–°ä»»åŠ¡ 03a20a912a224808af2d2e76178ad1f9 çŠ¶æ€ä¸º completed
2025-10-10 15:55:31 - [34mutils.db_manager[0m - [32mINFO[0m - [db_manager.py:139] - create_online_task() - å·²åˆ›å»ºåœ¨çº¿TTSä»»åŠ¡: 77993d9ddf6942e699384dfe846ffe4d
2025-10-10 15:55:33 - [34mutils.db_manager[0m - [32mINFO[0m - [db_manager.py:315] - update_task_files() - å·²æ›´æ–°ä»»åŠ¡ 77993d9ddf6942e699384dfe846ffe4d çš„æ–‡ä»¶è·¯å¾„
2025-10-10 15:55:33 - [34mutils.db_manager[0m - [32mINFO[0m - [db_manager.py:270] - update_task_status() - å·²æ›´æ–°ä»»åŠ¡ 77993d9ddf6942e699384dfe846ffe4d çŠ¶æ€ä¸º completed
2025-10-10 15:55:34 - [34mutils.db_manager[0m - [32mINFO[0m - [db_manager.py:139] - create_online_task() - å·²åˆ›å»ºåœ¨çº¿TTSä»»åŠ¡: b2eef59ee9a24b7788bfffc94e58e922
2025-10-10 15:55:36 - [34mutils.db_manager[0m - [32mINFO[0m - [db_manager.py:315] - update_task_files() - å·²æ›´æ–°ä»»åŠ¡ b2eef59ee9a24b7788bfffc94e58e922 çš„æ–‡ä»¶è·¯å¾„
2025-10-10 15:55:36 - [34mutils.db_manager[0m - [32mINFO[0m - [db_manager.py:270] - update_task_status() - å·²æ›´æ–°ä»»åŠ¡ b2eef59ee9a24b7788bfffc94e58e922 çŠ¶æ€ä¸º completed
2025-10-10 15:55:37 - [34mutils.db_manager[0m - [32mINFO[0m - [db_manager.py:139] - create_online_task() - å·²åˆ›å»ºåœ¨çº¿TTSä»»åŠ¡: be0e80c1da7248fd9c668e7224c554db
2025-10-10 15:55:39 - [34mutils.db_manager[0m - [32mINFO[0m - [db_manager.py:315] - update_task_files() - å·²æ›´æ–°ä»»åŠ¡ be0e80c1da7248fd9c668e7224c554db çš„æ–‡ä»¶è·¯å¾„
2025-10-10 15:55:39 - [34mutils.db_manager[0m - [32mINFO[0m - [db_manager.py:270] - update_task_status() - å·²æ›´æ–°ä»»åŠ¡ be0e80c1da7248fd9c668e7224c554db çŠ¶æ€ä¸º completed
2025-10-10 15:55:39 - [34mutils.db_manager[0m - [32mINFO[0m - [db_manager.py:139] - create_online_task() - å·²åˆ›å»ºåœ¨çº¿TTSä»»åŠ¡: 5a8f9298694542c2a3bf3fcb6bbccf54
2025-10-10 15:55:42 - [34mutils.db_manager[0m - [32mINFO[0m - [db_manager.py:315] - update_task_files() - å·²æ›´æ–°ä»»åŠ¡ 5a8f9298694542c2a3bf3fcb6bbccf54 çš„æ–‡ä»¶è·¯å¾„
2025-10-10 15:55:42 - [34mutils.db_manager[0m - [32mINFO[0m - [db_manager.py:270] - update_task_status() - å·²æ›´æ–°ä»»åŠ¡ 5a8f9298694542c2a3bf3fcb6bbccf54 çŠ¶æ€ä¸º completed
2025-10-10 15:55:42 - [34mutils.db_manager[0m - [32mINFO[0m - [db_manager.py:139] - create_online_task() - å·²åˆ›å»ºåœ¨çº¿TTSä»»åŠ¡: 195214edcbfb4c8487026a99c52cb664
2025-10-10 15:55:45 - [34mutils.db_manager[0m - [32mINFO[0m - [db_manager.py:315] - update_task_files() - å·²æ›´æ–°ä»»åŠ¡ 195214edcbfb4c8487026a99c52cb664 çš„æ–‡ä»¶è·¯å¾„
2025-10-10 15:55:45 - [34mutils.db_manager[0m - [32mINFO[0m - [db_manager.py:270] - update_task_status() - å·²æ›´æ–°ä»»åŠ¡ 195214edcbfb4c8487026a99c52cb664 çŠ¶æ€ä¸º completed
2025-10-10 15:55:45 - [34mutils.db_manager[0m - [32mINFO[0m - [db_manager.py:139] - create_online_task() - å·²åˆ›å»ºåœ¨çº¿TTSä»»åŠ¡: affd800ca7024e6e9c7e5c09ed222092
2025-10-10 15:55:47 - [34mutils.db_manager[0m - [32mINFO[0m - [db_manager.py:315] - update_task_files() - å·²æ›´æ–°ä»»åŠ¡ affd800ca7024e6e9c7e5c09ed222092 çš„æ–‡ä»¶è·¯å¾„
2025-10-10 15:55:47 - [34mutils.db_manager[0m - [32mINFO[0m - [db_manager.py:270] - update_task_status() - å·²æ›´æ–°ä»»åŠ¡ affd800ca7024e6e9c7e5c09ed222092 çŠ¶æ€ä¸º completed
2025-10-10 15:55:48 - [34mutils.db_manager[0m - [32mINFO[0m - [db_manager.py:139] - create_online_task() - å·²åˆ›å»ºåœ¨çº¿TTSä»»åŠ¡: b64bec0a5838473f942d3be780521888
2025-10-10 15:55:50 - [34mutils.db_manager[0m - [32mINFO[0m - [db_manager.py:315] - update_task_files() - å·²æ›´æ–°ä»»åŠ¡ b64bec0a5838473f942d3be780521888 çš„æ–‡ä»¶è·¯å¾„
2025-10-10 15:55:50 - [34mutils.db_manager[0m - [32mINFO[0m - [db_manager.py:270] - update_task_status() - å·²æ›´æ–°ä»»åŠ¡ b64bec0a5838473f942d3be780521888 çŠ¶æ€ä¸º completed
2025-10-10 15:55:50 - [34mutils.db_manager[0m - [32mINFO[0m - [db_manager.py:139] - create_online_task() - å·²åˆ›å»ºåœ¨çº¿TTSä»»åŠ¡: 73ef030709024308b0c59d3bd926966c
2025-10-10 15:55:53 - [34mutils.db_manager[0m - [32mINFO[0m - [db_manager.py:315] - update_task_files() - å·²æ›´æ–°ä»»åŠ¡ 73ef030709024308b0c59d3bd926966c çš„æ–‡ä»¶è·¯å¾„
2025-10-10 15:55:53 - [34mutils.db_manager[0m - [32mINFO[0m - [db_manager.py:270] - update_task_status() - å·²æ›´æ–°ä»»åŠ¡ 73ef030709024308b0c59d3bd926966c çŠ¶æ€ä¸º completed
2025-10-10 15:55:53 - [34mutils.db_manager[0m - [32mINFO[0m - [db_manager.py:139] - create_online_task() - å·²åˆ›å»ºåœ¨çº¿TTSä»»åŠ¡: 3b45994a768b4ef6843daf23303c1023
2025-10-10 15:55:56 - [34mutils.db_manager[0m - [32mINFO[0m - [db_manager.py:315] - update_task_files() - å·²æ›´æ–°ä»»åŠ¡ 3b45994a768b4ef6843daf23303c1023 çš„æ–‡ä»¶è·¯å¾„
2025-10-10 15:55:56 - [34mutils.db_manager[0m - [32mINFO[0m - [db_manager.py:270] - update_task_status() - å·²æ›´æ–°ä»»åŠ¡ 3b45994a768b4ef6843daf23303c1023 çŠ¶æ€ä¸º completed
2025-10-10 15:55:56 - [34mutils.db_manager[0m - [32mINFO[0m - [db_manager.py:139] - create_online_task() - å·²åˆ›å»ºåœ¨çº¿TTSä»»åŠ¡: 064663bcaedf43d697ead69239be2e60
2025-10-10 15:55:59 - [34mutils.db_manager[0m - [32mINFO[0m - [db_manager.py:315] - update_task_files() - å·²æ›´æ–°ä»»åŠ¡ 064663bcaedf43d697ead69239be2e60 çš„æ–‡ä»¶è·¯å¾„
2025-10-10 15:55:59 - [34mutils.db_manager[0m - [32mINFO[0m - [db_manager.py:270] - update_task_status() - å·²æ›´æ–°ä»»åŠ¡ 064663bcaedf43d697ead69239be2e60 çŠ¶æ€ä¸º completed
2025-10-10 15:55:59 - [34mutils.db_manager[0m - [32mINFO[0m - [db_manager.py:139] - create_online_task() - å·²åˆ›å»ºåœ¨çº¿TTSä»»åŠ¡: 2ab0ce4645334c1e873ecbdb560955e3
2025-10-10 15:56:01 - [34mutils.db_manager[0m - [32mINFO[0m - [db_manager.py:315] - update_task_files() - å·²æ›´æ–°ä»»åŠ¡ 2ab0ce4645334c1e873ecbdb560955e3 çš„æ–‡ä»¶è·¯å¾„
2025-10-10 15:56:01 - [34mutils.db_manager[0m - [32mINFO[0m - [db_manager.py:270] - update_task_status() - å·²æ›´æ–°ä»»åŠ¡ 2ab0ce4645334c1e873ecbdb560955e3 çŠ¶æ€ä¸º completed
2025-10-10 15:56:01 - [34mutils.db_manager[0m - [32mINFO[0m - [db_manager.py:139] - create_online_task() - å·²åˆ›å»ºåœ¨çº¿TTSä»»åŠ¡: 3a60a957c9a549918e88e3533119cb89
2025-10-10 15:56:04 - [34mutils.db_manager[0m - [32mINFO[0m - [db_manager.py:315] - update_task_files() - å·²æ›´æ–°ä»»åŠ¡ 3a60a957c9a549918e88e3533119cb89 çš„æ–‡ä»¶è·¯å¾„
2025-10-10 15:56:04 - [34mutils.db_manager[0m - [32mINFO[0m - [db_manager.py:270] - update_task_status() - å·²æ›´æ–°ä»»åŠ¡ 3a60a957c9a549918e88e3533119cb89 çŠ¶æ€ä¸º completed
2025-10-10 15:56:04 - [34mutils.db_manager[0m - [32mINFO[0m - [db_manager.py:139] - create_online_task() - å·²åˆ›å»ºåœ¨çº¿TTSä»»åŠ¡: 59c0e14104bd4c0fb6ebe2fed70ff233
2025-10-10 15:56:07 - [34mutils.db_manager[0m - [32mINFO[0m - [db_manager.py:315] - update_task_files() - å·²æ›´æ–°ä»»åŠ¡ 59c0e14104bd4c0fb6ebe2fed70ff233 çš„æ–‡ä»¶è·¯å¾„
2025-10-10 15:56:07 - [34mutils.db_manager[0m - [32mINFO[0m - [db_manager.py:270] - update_task_status() - å·²æ›´æ–°ä»»åŠ¡ 59c0e14104bd4c0fb6ebe2fed70ff233 çŠ¶æ€ä¸º completed
2025-10-10 15:56:07 - [34mutils.db_manager[0m - [32mINFO[0m - [db_manager.py:139] - create_online_task() - å·²åˆ›å»ºåœ¨çº¿TTSä»»åŠ¡: ceb683d02f064a40925ab3f07e3685d2
2025-10-10 15:56:09 - [34mutils.db_manager[0m - [32mINFO[0m - [db_manager.py:315] - update_task_files() - å·²æ›´æ–°ä»»åŠ¡ ceb683d02f064a40925ab3f07e3685d2 çš„æ–‡ä»¶è·¯å¾„
2025-10-10 15:56:09 - [34mutils.db_manager[0m - [32mINFO[0m - [db_manager.py:270] - update_task_status() - å·²æ›´æ–°ä»»åŠ¡ ceb683d02f064a40925ab3f07e3685d2 çŠ¶æ€ä¸º completed
2025-10-10 15:56:09 - [34mutils.db_manager[0m - [32mINFO[0m - [db_manager.py:139] - create_online_task() - å·²åˆ›å»ºåœ¨çº¿TTSä»»åŠ¡: 9593b883c5884e0d8a705987d9066665
2025-10-10 15:56:12 - [34mutils.db_manager[0m - [32mINFO[0m - [db_manager.py:315] - update_task_files() - å·²æ›´æ–°ä»»åŠ¡ 9593b883c5884e0d8a705987d9066665 çš„æ–‡ä»¶è·¯å¾„
2025-10-10 15:56:12 - [34mutils.db_manager[0m - [32mINFO[0m - [db_manager.py:270] - update_task_status() - å·²æ›´æ–°ä»»åŠ¡ 9593b883c5884e0d8a705987d9066665 çŠ¶æ€ä¸º completed
2025-10-10 15:56:12 - [34mutils.db_manager[0m - [32mINFO[0m - [db_manager.py:139] - create_online_task() - å·²åˆ›å»ºåœ¨çº¿TTSä»»åŠ¡: d66cd0458a914d1a9a0d55dea89930bc
2025-10-10 15:56:14 - [34mutils.db_manager[0m - [32mINFO[0m - [db_manager.py:315] - update_task_files() - å·²æ›´æ–°ä»»åŠ¡ d66cd0458a914d1a9a0d55dea89930bc çš„æ–‡ä»¶è·¯å¾„
2025-10-10 15:56:14 - [34mutils.db_manager[0m - [32mINFO[0m - [db_manager.py:270] - update_task_status() - å·²æ›´æ–°ä»»åŠ¡ d66cd0458a914d1a9a0d55dea89930bc çŠ¶æ€ä¸º completed
2025-10-10 15:56:14 - [34mutils.db_manager[0m - [32mINFO[0m - [db_manager.py:139] - create_online_task() - å·²åˆ›å»ºåœ¨çº¿TTSä»»åŠ¡: 5cf7739b6a344e63a7cfcdeb876e7991
2025-10-10 15:56:17 - [34mutils.db_manager[0m - [32mINFO[0m - [db_manager.py:315] - update_task_files() - å·²æ›´æ–°ä»»åŠ¡ 5cf7739b6a344e63a7cfcdeb876e7991 çš„æ–‡ä»¶è·¯å¾„
2025-10-10 15:56:17 - [34mutils.db_manager[0m - [32mINFO[0m - [db_manager.py:270] - update_task_status() - å·²æ›´æ–°ä»»åŠ¡ 5cf7739b6a344e63a7cfcdeb876e7991 çŠ¶æ€ä¸º completed
2025-10-10 15:56:17 - [34mutils.db_manager[0m - [32mINFO[0m - [db_manager.py:139] - create_online_task() - å·²åˆ›å»ºåœ¨çº¿TTSä»»åŠ¡: 08aabccbf2f143b6843002308ad713bd
2025-10-10 15:56:20 - [34mutils.db_manager[0m - [32mINFO[0m - [db_manager.py:315] - update_task_files() - å·²æ›´æ–°ä»»åŠ¡ 08aabccbf2f143b6843002308ad713bd çš„æ–‡ä»¶è·¯å¾„
2025-10-10 15:56:20 - [34mutils.db_manager[0m - [32mINFO[0m - [db_manager.py:270] - update_task_status() - å·²æ›´æ–°ä»»åŠ¡ 08aabccbf2f143b6843002308ad713bd çŠ¶æ€ä¸º completed
2025-10-10 15:56:20 - [34mutils.db_manager[0m - [32mINFO[0m - [db_manager.py:139] - create_online_task() - å·²åˆ›å»ºåœ¨çº¿TTSä»»åŠ¡: 7747ce1cf59548c9a7e174c2632bc2b1
2025-10-10 15:56:23 - [34mutils.db_manager[0m - [32mINFO[0m - [db_manager.py:315] - update_task_files() - å·²æ›´æ–°ä»»åŠ¡ 7747ce1cf59548c9a7e174c2632bc2b1 çš„æ–‡ä»¶è·¯å¾„
2025-10-10 15:56:23 - [34mutils.db_manager[0m - [32mINFO[0m - [db_manager.py:270] - update_task_status() - å·²æ›´æ–°ä»»åŠ¡ 7747ce1cf59548c9a7e174c2632bc2b1 çŠ¶æ€ä¸º completed
2025-10-10 15:56:23 - [34mutils.db_manager[0m - [32mINFO[0m - [db_manager.py:139] - create_online_task() - å·²åˆ›å»ºåœ¨çº¿TTSä»»åŠ¡: cbc4134889cf4a7ea4926a5b6291aadf
2025-10-10 15:56:25 - [34mutils.db_manager[0m - [32mINFO[0m - [db_manager.py:315] - update_task_files() - å·²æ›´æ–°ä»»åŠ¡ cbc4134889cf4a7ea4926a5b6291aadf çš„æ–‡ä»¶è·¯å¾„
2025-10-10 15:56:25 - [34mutils.db_manager[0m - [32mINFO[0m - [db_manager.py:270] - update_task_status() - å·²æ›´æ–°ä»»åŠ¡ cbc4134889cf4a7ea4926a5b6291aadf çŠ¶æ€ä¸º completed
2025-10-10 15:56:25 - [34mutils.db_manager[0m - [32mINFO[0m - [db_manager.py:139] - create_online_task() - å·²åˆ›å»ºåœ¨çº¿TTSä»»åŠ¡: 8871157905464bb0b52fb43950625837
2025-10-10 15:56:28 - [34mutils.db_manager[0m - [32mINFO[0m - [db_manager.py:315] - update_task_files() - å·²æ›´æ–°ä»»åŠ¡ 8871157905464bb0b52fb43950625837 çš„æ–‡ä»¶è·¯å¾„
2025-10-10 15:56:28 - [34mutils.db_manager[0m - [32mINFO[0m - [db_manager.py:270] - update_task_status() - å·²æ›´æ–°ä»»åŠ¡ 8871157905464bb0b52fb43950625837 çŠ¶æ€ä¸º completed
2025-10-10 15:56:28 - [34mutils.db_manager[0m - [32mINFO[0m - [db_manager.py:139] - create_online_task() - å·²åˆ›å»ºåœ¨çº¿TTSä»»åŠ¡: 715292e739254ed8a72ef3e5e5230d49
2025-10-10 15:56:31 - [34mutils.db_manager[0m - [32mINFO[0m - [db_manager.py:315] - update_task_files() - å·²æ›´æ–°ä»»åŠ¡ 715292e739254ed8a72ef3e5e5230d49 çš„æ–‡ä»¶è·¯å¾„
2025-10-10 15:56:31 - [34mutils.db_manager[0m - [32mINFO[0m - [db_manager.py:270] - update_task_status() - å·²æ›´æ–°ä»»åŠ¡ 715292e739254ed8a72ef3e5e5230d49 çŠ¶æ€ä¸º completed
2025-10-10 15:56:31 - [34mutils.db_manager[0m - [32mINFO[0m - [db_manager.py:139] - create_online_task() - å·²åˆ›å»ºåœ¨çº¿TTSä»»åŠ¡: 03ca73f6218c4fdfb9c90e8ca769e21a
2025-10-10 15:56:33 - [34mutils.db_manager[0m - [32mINFO[0m - [db_manager.py:315] - update_task_files() - å·²æ›´æ–°ä»»åŠ¡ 03ca73f6218c4fdfb9c90e8ca769e21a çš„æ–‡ä»¶è·¯å¾„
2025-10-10 15:56:33 - [34mutils.db_manager[0m - [32mINFO[0m - [db_manager.py:270] - update_task_status() - å·²æ›´æ–°ä»»åŠ¡ 03ca73f6218c4fdfb9c90e8ca769e21a çŠ¶æ€ä¸º completed
2025-10-10 15:56:33 - [34mutils.db_manager[0m - [32mINFO[0m - [db_manager.py:139] - create_online_task() - å·²åˆ›å»ºåœ¨çº¿TTSä»»åŠ¡: c86a2589a30849fb881d3849db83e45a
2025-10-10 15:56:36 - [34mutils.db_manager[0m - [32mINFO[0m - [db_manager.py:315] - update_task_files() - å·²æ›´æ–°ä»»åŠ¡ c86a2589a30849fb881d3849db83e45a çš„æ–‡ä»¶è·¯å¾„
2025-10-10 15:56:36 - [34mutils.db_manager[0m - [32mINFO[0m - [db_manager.py:270] - update_task_status() - å·²æ›´æ–°ä»»åŠ¡ c86a2589a30849fb881d3849db83e45a çŠ¶æ€ä¸º completed
2025-10-10 16:20:56 - [34mutils.db_manager[0m - [32mINFO[0m - [db_manager.py:53] - close() - MySQLæ•°æ®åº“è¿æ¥æ± å·²å…³é—­
2025-10-10 16:26:22 - [34mutils.db_manager[0m - [32mINFO[0m - [db_manager.py:39] - initialize() - MySQLæ•°æ®åº“è¿æ¥æ± åˆ›å»ºæˆåŠŸ
2025-10-10 16:26:22 - [34mutils.db_manager[0m - [32mINFO[0m - [db_manager.py:79] - check_tables_exist() - è¡¨å­˜åœ¨æ€§æ£€æŸ¥: tts_tasks=True, voice_configs=True
2025-10-10 16:48:08 - [34mutils.db_manager[0m - [32mINFO[0m - [db_manager.py:139] - create_online_task() - å·²åˆ›å»ºåœ¨çº¿TTSä»»åŠ¡: 68a99784aab64410a260192234c4a237
2025-10-10 16:48:13 - [34mutils.db_manager[0m - [32mINFO[0m - [db_manager.py:315] - update_task_files() - å·²æ›´æ–°ä»»åŠ¡ 68a99784aab64410a260192234c4a237 çš„æ–‡ä»¶è·¯å¾„
2025-10-10 16:48:13 - [34mutils.db_manager[0m - [32mINFO[0m - [db_manager.py:270] - update_task_status() - å·²æ›´æ–°ä»»åŠ¡ 68a99784aab64410a260192234c4a237 çŠ¶æ€ä¸º completed
2025-10-10 16:50:17 - [34mutils.db_manager[0m - [32mINFO[0m - [db_manager.py:53] - close() - MySQLæ•°æ®åº“è¿æ¥æ± å·²å…³é—­
2025-10-10 16:50:33 - [34mutils.db_manager[0m - [32mINFO[0m - [db_manager.py:39] - initialize() - MySQLæ•°æ®åº“è¿æ¥æ± åˆ›å»ºæˆåŠŸ
2025-10-10 16:50:33 - [34mutils.db_manager[0m - [32mINFO[0m - [db_manager.py:79] - check_tables_exist() - è¡¨å­˜åœ¨æ€§æ£€æŸ¥: tts_tasks=True, voice_configs=True
2025-10-10 16:53:20 - [34mutils.db_manager[0m - [32mINFO[0m - [db_manager.py:139] - create_online_task() - å·²åˆ›å»ºåœ¨çº¿TTSä»»åŠ¡: 3a74aa71686b44e59af155cffa01e6c4
2025-10-10 16:53:26 - [34mutils.db_manager[0m - [32mINFO[0m - [db_manager.py:315] - update_task_files() - å·²æ›´æ–°ä»»åŠ¡ 3a74aa71686b44e59af155cffa01e6c4 çš„æ–‡ä»¶è·¯å¾„
2025-10-10 16:53:26 - [34mutils.db_manager[0m - [32mINFO[0m - [db_manager.py:270] - update_task_status() - å·²æ›´æ–°ä»»åŠ¡ 3a74aa71686b44e59af155cffa01e6c4 çŠ¶æ€ä¸º completed
2025-10-10 16:54:04 - [34mutils.db_manager[0m - [32mINFO[0m - [db_manager.py:139] - create_online_task() - å·²åˆ›å»ºåœ¨çº¿TTSä»»åŠ¡: 6b4f063604b744168a4eecfc53d4d785
2025-10-10 16:54:08 - [34mutils.db_manager[0m - [32mINFO[0m - [db_manager.py:315] - update_task_files() - å·²æ›´æ–°ä»»åŠ¡ 6b4f063604b744168a4eecfc53d4d785 çš„æ–‡ä»¶è·¯å¾„
2025-10-10 16:54:08 - [34mutils.db_manager[0m - [32mINFO[0m - [db_manager.py:270] - update_task_status() - å·²æ›´æ–°ä»»åŠ¡ 6b4f063604b744168a4eecfc53d4d785 çŠ¶æ€ä¸º completed
2025-10-10 16:55:25 - [34mutils.db_manager[0m - [32mINFO[0m - [db_manager.py:53] - close() - MySQLæ•°æ®åº“è¿æ¥æ± å·²å…³é—­
2025-10-10 16:55:43 - [34mutils.db_manager[0m - [32mINFO[0m - [db_manager.py:39] - initialize() - MySQLæ•°æ®åº“è¿æ¥æ± åˆ›å»ºæˆåŠŸ
2025-10-10 16:55:43 - [34mutils.db_manager[0m - [32mINFO[0m - [db_manager.py:79] - check_tables_exist() - è¡¨å­˜åœ¨æ€§æ£€æŸ¥: tts_tasks=True, voice_configs=True
2025-10-10 17:04:07 - [34mutils.db_manager[0m - [32mINFO[0m - [db_manager.py:53] - close() - MySQLæ•°æ®åº“è¿æ¥æ± å·²å…³é—­
2025-10-10 17:04:21 - [34mutils.db_manager[0m - [32mINFO[0m - [db_manager.py:39] - initialize() - MySQLæ•°æ®åº“è¿æ¥æ± åˆ›å»ºæˆåŠŸ
2025-10-10 17:04:21 - [34mutils.db_manager[0m - [32mINFO[0m - [db_manager.py:79] - check_tables_exist() - è¡¨å­˜åœ¨æ€§æ£€æŸ¥: tts_tasks=True, voice_configs=True
2025-10-10 17:08:12 - [34mutils.db_manager[0m - [32mINFO[0m - [db_manager.py:139] - create_online_task() - å·²åˆ›å»ºåœ¨çº¿TTSä»»åŠ¡: 2c7609df1bda4db7b81bcdedbfaa8089
2025-10-10 17:08:18 - [34mutils.db_manager[0m - [32mINFO[0m - [db_manager.py:315] - update_task_files() - å·²æ›´æ–°ä»»åŠ¡ 2c7609df1bda4db7b81bcdedbfaa8089 çš„æ–‡ä»¶è·¯å¾„
2025-10-10 17:08:18 - [34mutils.db_manager[0m - [32mINFO[0m - [db_manager.py:270] - update_task_status() - å·²æ›´æ–°ä»»åŠ¡ 2c7609df1bda4db7b81bcdedbfaa8089 çŠ¶æ€ä¸º completed
2025-10-10 17:22:04 - [34mutils.db_manager[0m - [32mINFO[0m - [db_manager.py:39] - initialize() - MySQLæ•°æ®åº“è¿æ¥æ± åˆ›å»ºæˆåŠŸ
2025-10-10 17:22:04 - [34mutils.db_manager[0m - [32mINFO[0m - [db_manager.py:79] - check_tables_exist() - è¡¨å­˜åœ¨æ€§æ£€æŸ¥: tts_tasks=True, voice_configs=True
2025-10-10 17:23:12 - [34mutils.db_manager[0m - [32mINFO[0m - [db_manager.py:39] - initialize() - MySQLæ•°æ®åº“è¿æ¥æ± åˆ›å»ºæˆåŠŸ
2025-10-10 17:23:12 - [34mutils.db_manager[0m - [32mINFO[0m - [db_manager.py:79] - check_tables_exist() - è¡¨å­˜åœ¨æ€§æ£€æŸ¥: tts_tasks=True, voice_configs=True
2025-10-10 17:25:48 - [34mutils.db_manager[0m - [32mINFO[0m - [db_manager.py:39] - initialize() - MySQLæ•°æ®åº“è¿æ¥æ± åˆ›å»ºæˆåŠŸ
2025-10-10 17:25:48 - [34mutils.db_manager[0m - [32mINFO[0m - [db_manager.py:79] - check_tables_exist() - è¡¨å­˜åœ¨æ€§æ£€æŸ¥: tts_tasks=True, voice_configs=True
2025-10-10 17:26:03 - [34mutils.db_manager[0m - [32mINFO[0m - [db_manager.py:53] - close() - MySQLæ•°æ®åº“è¿æ¥æ± å·²å…³é—­
2025-10-10 17:26:21 - [34mutils.db_manager[0m - [32mINFO[0m - [db_manager.py:39] - initialize() - MySQLæ•°æ®åº“è¿æ¥æ± åˆ›å»ºæˆåŠŸ
2025-10-10 17:26:21 - [34mutils.db_manager[0m - [32mINFO[0m - [db_manager.py:79] - check_tables_exist() - è¡¨å­˜åœ¨æ€§æ£€æŸ¥: tts_tasks=True, voice_configs=True
2025-10-10 17:27:05 - [34mutils.db_manager[0m - [32mINFO[0m - [db_manager.py:139] - create_online_task() - å·²åˆ›å»ºåœ¨çº¿TTSä»»åŠ¡: c3c07f5e5ed34bb5a21a2ab4fd184af5
2025-10-10 17:27:10 - [34mutils.db_manager[0m - [32mINFO[0m - [db_manager.py:315] - update_task_files() - å·²æ›´æ–°ä»»åŠ¡ c3c07f5e5ed34bb5a21a2ab4fd184af5 çš„æ–‡ä»¶è·¯å¾„
2025-10-10 17:27:10 - [34mutils.db_manager[0m - [32mINFO[0m - [db_manager.py:270] - update_task_status() - å·²æ›´æ–°ä»»åŠ¡ c3c07f5e5ed34bb5a21a2ab4fd184af5 çŠ¶æ€ä¸º completed
2025-10-10 17:28:10 - [34mutils.db_manager[0m - [32mINFO[0m - [db_manager.py:139] - create_online_task() - å·²åˆ›å»ºåœ¨çº¿TTSä»»åŠ¡: a8d2aa1e53a8425c9efe010fcee410a8
2025-10-10 17:28:30 - [34mutils.db_manager[0m - [32mINFO[0m - [db_manager.py:315] - update_task_files() - å·²æ›´æ–°ä»»åŠ¡ a8d2aa1e53a8425c9efe010fcee410a8 çš„æ–‡ä»¶è·¯å¾„
2025-10-10 17:28:30 - [34mutils.db_manager[0m - [32mINFO[0m - [db_manager.py:270] - update_task_status() - å·²æ›´æ–°ä»»åŠ¡ a8d2aa1e53a8425c9efe010fcee410a8 çŠ¶æ€ä¸º completed
2025-10-10 17:37:35 - [34mutils.db_manager[0m - [32mINFO[0m - [db_manager.py:139] - create_online_task() - å·²åˆ›å»ºåœ¨çº¿TTSä»»åŠ¡: 646cd45db0fd432e9fc41bdb5f6d3c29
2025-10-10 17:37:40 - [34mutils.db_manager[0m - [32mINFO[0m - [db_manager.py:315] - update_task_files() - å·²æ›´æ–°ä»»åŠ¡ 646cd45db0fd432e9fc41bdb5f6d3c29 çš„æ–‡ä»¶è·¯å¾„
2025-10-10 17:37:40 - [34mutils.db_manager[0m - [32mINFO[0m - [db_manager.py:270] - update_task_status() - å·²æ›´æ–°ä»»åŠ¡ 646cd45db0fd432e9fc41bdb5f6d3c29 çŠ¶æ€ä¸º completed
2025-10-10 17:59:39 - [34mutils.db_manager[0m - [32mINFO[0m - [db_manager.py:139] - create_online_task() - å·²åˆ›å»ºåœ¨çº¿TTSä»»åŠ¡: 64ce77a7e5c24c9f9ca07bebdfc6bac5
2025-10-10 17:59:54 - [34mutils.db_manager[0m - [32mINFO[0m - [db_manager.py:315] - update_task_files() - å·²æ›´æ–°ä»»åŠ¡ 64ce77a7e5c24c9f9ca07bebdfc6bac5 çš„æ–‡ä»¶è·¯å¾„
2025-10-10 17:59:54 - [34mutils.db_manager[0m - [32mINFO[0m - [db_manager.py:270] - update_task_status() - å·²æ›´æ–°ä»»åŠ¡ 64ce77a7e5c24c9f9ca07bebdfc6bac5 çŠ¶æ€ä¸º completed
2025-10-10 18:01:21 - [34mutils.db_manager[0m - [32mINFO[0m - [db_manager.py:139] - create_online_task() - å·²åˆ›å»ºåœ¨çº¿TTSä»»åŠ¡: 698604e659444cd0ab36cf38393f123f
2025-10-10 18:01:37 - [34mutils.db_manager[0m - [32mINFO[0m - [db_manager.py:315] - update_task_files() - å·²æ›´æ–°ä»»åŠ¡ 698604e659444cd0ab36cf38393f123f çš„æ–‡ä»¶è·¯å¾„
2025-10-10 18:01:37 - [34mutils.db_manager[0m - [32mINFO[0m - [db_manager.py:270] - update_task_status() - å·²æ›´æ–°ä»»åŠ¡ 698604e659444cd0ab36cf38393f123f çŠ¶æ€ä¸º completed
2025-10-10 18:02:51 - [34mutils.db_manager[0m - [32mINFO[0m - [db_manager.py:139] - create_online_task() - å·²åˆ›å»ºåœ¨çº¿TTSä»»åŠ¡: 8820115c8aab403480c1aaee72da629a
2025-10-10 18:03:07 - [34mutils.db_manager[0m - [32mINFO[0m - [db_manager.py:315] - update_task_files() - å·²æ›´æ–°ä»»åŠ¡ 8820115c8aab403480c1aaee72da629a çš„æ–‡ä»¶è·¯å¾„
2025-10-10 18:03:07 - [34mutils.db_manager[0m - [32mINFO[0m - [db_manager.py:270] - update_task_status() - å·²æ›´æ–°ä»»åŠ¡ 8820115c8aab403480c1aaee72da629a çŠ¶æ€ä¸º completed
2025-10-10 18:03:56 - [34mutils.db_manager[0m - [32mINFO[0m - [db_manager.py:139] - create_online_task() - å·²åˆ›å»ºåœ¨çº¿TTSä»»åŠ¡: 61097462955040348911698e93ea0470
2025-10-10 18:04:12 - [34mutils.db_manager[0m - [32mINFO[0m - [db_manager.py:315] - update_task_files() - å·²æ›´æ–°ä»»åŠ¡ 61097462955040348911698e93ea0470 çš„æ–‡ä»¶è·¯å¾„
2025-10-10 18:04:12 - [34mutils.db_manager[0m - [32mINFO[0m - [db_manager.py:270] - update_task_status() - å·²æ›´æ–°ä»»åŠ¡ 61097462955040348911698e93ea0470 çŠ¶æ€ä¸º completed
