2025-10-10 11:10:40 - [34mutils.redis_manager[0m - [32mINFO[0m - [redis_manager.py:31] - initialize() - Redisè¿æ¥åˆå§‹åŒ–æˆåŠŸ
2025-10-10 11:27:36 - [34mutils.redis_manager[0m - [32mINFO[0m - [redis_manager.py:41] - close() - Redisè¿æ¥å·²å…³é—­
2025-10-10 11:27:50 - [34mutils.redis_manager[0m - [32mINFO[0m - [redis_manager.py:31] - initialize() - Redisè¿æ¥åˆå§‹åŒ–æˆåŠŸ
2025-10-10 11:29:10 - [34mutils.redis_manager[0m - [32mINFO[0m - [redis_manager.py:31] - initialize() - Redisè¿æ¥åˆå§‹åŒ–æˆåŠŸ
2025-10-10 11:30:10 - [34mutils.redis_manager[0m - [32mINFO[0m - [redis_manager.py:31] - initialize() - Redisè¿æ¥åˆå§‹åŒ–æˆåŠŸ
2025-10-10 11:31:53 - [34mutils.redis_manager[0m - [32mINFO[0m - [redis_manager.py:31] - initialize() - Redisè¿æ¥åˆå§‹åŒ–æˆåŠŸ
2025-10-10 11:35:34 - [34mutils.redis_manager[0m - [32mINFO[0m - [redis_manager.py:41] - close() - Redisè¿æ¥å·²å…³é—­
2025-10-10 11:35:42 - [34mutils.redis_manager[0m - [32mINFO[0m - [redis_manager.py:31] - initialize() - Redisè¿æ¥åˆå§‹åŒ–æˆåŠŸ
2025-10-10 11:36:30 - [34mutils.redis_manager[0m - [32mINFO[0m - [redis_manager.py:31] - initialize() - Redisè¿æ¥åˆå§‹åŒ–æˆåŠŸ
2025-10-10 11:36:34 - [34mutils.redis_manager[0m - [32mINFO[0m - [redis_manager.py:41] - close() - Redisè¿æ¥å·²å…³é—­
2025-10-10 11:37:14 - [34mutils.redis_manager[0m - [32mINFO[0m - [redis_manager.py:31] - initialize() - Redisè¿æ¥åˆå§‹åŒ–æˆåŠŸ
2025-10-10 11:37:32 - [34mutils.redis_manager[0m - [32mINFO[0m - [redis_manager.py:41] - close() - Redisè¿æ¥å·²å…³é—­
2025-10-10 11:38:11 - [34mutils.redis_manager[0m - [32mINFO[0m - [redis_manager.py:31] - initialize() - Redisè¿æ¥åˆå§‹åŒ–æˆåŠŸ
2025-10-10 11:39:14 - [34mutils.redis_manager[0m - [32mINFO[0m - [redis_manager.py:41] - close() - Redisè¿æ¥å·²å…³é—­
2025-10-10 11:39:43 - [34mutils.redis_manager[0m - [32mINFO[0m - [redis_manager.py:31] - initialize() - Redisè¿æ¥åˆå§‹åŒ–æˆåŠŸ
2025-10-10 11:45:11 - [34mutils.redis_manager[0m - [32mINFO[0m - [redis_manager.py:41] - close() - Redisè¿æ¥å·²å…³é—­
2025-10-10 11:45:26 - [34mutils.redis_manager[0m - [32mINFO[0m - [redis_manager.py:31] - initialize() - Redisè¿æ¥åˆå§‹åŒ–æˆåŠŸ
2025-10-10 12:22:10 - [34mutils.redis_manager[0m - [32mINFO[0m - [redis_manager.py:31] - initialize() - Redisè¿æ¥åˆå§‹åŒ–æˆåŠŸ
2025-10-10 12:53:03 - [34mutils.redis_manager[0m - [32mINFO[0m - [redis_manager.py:69] - push_task_to_queue() - ä»»åŠ¡ fb018b0fbb42406e9cdd67613a6a3211 å·²æ¨é€åˆ°é˜Ÿåˆ— tts_queue:long_text
2025-10-10 12:53:04 - [34mutils.redis_manager[0m - [32mINFO[0m - [redis_manager.py:69] - push_task_to_queue() - ä»»åŠ¡ 0d979b2bb4a04545b5896bedccbaaedf å·²æ¨é€åˆ°é˜Ÿåˆ— tts_queue:long_text
2025-10-10 12:53:04 - [34mutils.redis_manager[0m - [32mINFO[0m - [redis_manager.py:69] - push_task_to_queue() - ä»»åŠ¡ 0d15ad87c1a044ba901b3f9bb6e7c09a å·²æ¨é€åˆ°é˜Ÿåˆ— tts_queue:long_text
2025-10-10 12:54:03 - [34mutils.redis_manager[0m - [31mERROR[0m - [redis_manager.py:105] - get_queue_length() - è·å–é˜Ÿåˆ—é•¿åº¦å¤±è´¥: No module named 'config'
2025-10-10 12:54:03 - [34mutils.redis_manager[0m - [31mERROR[0m - [redis_manager.py:105] - get_queue_length() - è·å–é˜Ÿåˆ—é•¿åº¦å¤±è´¥: No module named 'config'
2025-10-10 12:54:03 - [34mutils.redis_manager[0m - [31mERROR[0m - [redis_manager.py:105] - get_queue_length() - è·å–é˜Ÿåˆ—é•¿åº¦å¤±è´¥: No module named 'config'
2025-10-10 13:06:12 - [34mutils.redis_manager[0m - [31mERROR[0m - [redis_manager.py:105] - get_queue_length() - è·å–é˜Ÿåˆ—é•¿åº¦å¤±è´¥: No module named 'config'
2025-10-10 13:07:46 - [34mutils.redis_manager[0m - [32mINFO[0m - [redis_manager.py:31] - initialize() - Redisè¿æ¥åˆå§‹åŒ–æˆåŠŸ
2025-10-10 13:09:08 - [34mutils.redis_manager[0m - [32mINFO[0m - [redis_manager.py:69] - push_task_to_queue() - ä»»åŠ¡ d52f4e01d1294ebe9423dcedcf44762c å·²æ¨é€åˆ°é˜Ÿåˆ— tts_queue:long_text
2025-10-10 13:09:45 - [34mutils.redis_manager[0m - [32mINFO[0m - [redis_manager.py:41] - close() - Redisè¿æ¥å·²å…³é—­
2025-10-10 13:11:14 - [34mutils.redis_manager[0m - [32mINFO[0m - [redis_manager.py:31] - initialize() - Redisè¿æ¥åˆå§‹åŒ–æˆåŠŸ
2025-10-10 13:11:25 - [34mutils.redis_manager[0m - [32mINFO[0m - [redis_manager.py:69] - push_task_to_queue() - ä»»åŠ¡ 9d28ae0652cd4a988fe184a2a304285d å·²æ¨é€åˆ°é˜Ÿåˆ— tts_queue:long_text
2025-10-10 13:12:03 - [34mutils.redis_manager[0m - [32mINFO[0m - [redis_manager.py:69] - push_task_to_queue() - ä»»åŠ¡ 7f685589af244165a16b1398f2d6800c å·²æ¨é€åˆ°é˜Ÿåˆ— tts_queue:long_text
2025-10-10 13:36:28 - [34mutils.redis_manager[0m - [32mINFO[0m - [redis_manager.py:41] - close() - Redisè¿æ¥å·²å…³é—­
2025-10-10 13:36:45 - [34mutils.redis_manager[0m - [32mINFO[0m - [redis_manager.py:31] - initialize() - Redisè¿æ¥åˆå§‹åŒ–æˆåŠŸ
2025-10-10 13:38:15 - [34mutils.redis_manager[0m - [32mINFO[0m - [redis_manager.py:69] - push_task_to_queue() - ä»»åŠ¡ 8ef17c469d0e4b0e969251342f838c16 å·²æ¨é€åˆ°é˜Ÿåˆ— tts_queue:long_text
2025-10-10 13:59:57 - [34mutils.redis_manager[0m - [32mINFO[0m - [redis_manager.py:31] - initialize() - Redisè¿æ¥åˆå§‹åŒ–æˆåŠŸ
2025-10-10 14:00:20 - [34mutils.redis_manager[0m - [32mINFO[0m - [redis_manager.py:31] - initialize() - Redisè¿æ¥åˆå§‹åŒ–æˆåŠŸ
2025-10-10 14:01:53 - [34mutils.redis_manager[0m - [32mINFO[0m - [redis_manager.py:69] - push_task_to_queue() - ä»»åŠ¡ 29889eb0ed1341d68675290d3167cd1e å·²æ¨é€åˆ°é˜Ÿåˆ— tts_queue:long_text
2025-10-10 14:15:44 - [34mutils.redis_manager[0m - [31mERROR[0m - [redis_manager.py:95] - pop_task_from_queue() - ä»é˜Ÿåˆ—å¼¹å‡ºä»»åŠ¡å¤±è´¥: Error 111 connecting to 127.0.0.1:6379. Connect call failed ('127.0.0.1', 6379).
2025-10-10 14:18:02 - [34mutils.redis_manager[0m - [31mERROR[0m - [redis_manager.py:95] - pop_task_from_queue() - ä»é˜Ÿåˆ—å¼¹å‡ºä»»åŠ¡å¤±è´¥: Error 111 connecting to 127.0.0.1:6379. Connect call failed ('127.0.0.1', 6379).
2025-10-10 14:18:04 - [34mutils.redis_manager[0m - [31mERROR[0m - [redis_manager.py:95] - pop_task_from_queue() - ä»é˜Ÿåˆ—å¼¹å‡ºä»»åŠ¡å¤±è´¥: Error 111 connecting to 127.0.0.1:6379. Connect call failed ('127.0.0.1', 6379).
2025-10-10 14:18:06 - [34mutils.redis_manager[0m - [31mERROR[0m - [redis_manager.py:95] - pop_task_from_queue() - ä»é˜Ÿåˆ—å¼¹å‡ºä»»åŠ¡å¤±è´¥: Error 111 connecting to 127.0.0.1:6379. Connect call failed ('127.0.0.1', 6379).
2025-10-10 14:18:08 - [34mutils.redis_manager[0m - [31mERROR[0m - [redis_manager.py:95] - pop_task_from_queue() - ä»é˜Ÿåˆ—å¼¹å‡ºä»»åŠ¡å¤±è´¥: Error 111 connecting to 127.0.0.1:6379. Connect call failed ('127.0.0.1', 6379).
2025-10-10 14:18:10 - [34mutils.redis_manager[0m - [31mERROR[0m - [redis_manager.py:95] - pop_task_from_queue() - ä»é˜Ÿåˆ—å¼¹å‡ºä»»åŠ¡å¤±è´¥: Error 111 connecting to 127.0.0.1:6379. Connect call failed ('127.0.0.1', 6379).
2025-10-10 14:18:12 - [34mutils.redis_manager[0m - [31mERROR[0m - [redis_manager.py:95] - pop_task_from_queue() - ä»é˜Ÿåˆ—å¼¹å‡ºä»»åŠ¡å¤±è´¥: Error 111 connecting to 127.0.0.1:6379. Connect call failed ('127.0.0.1', 6379).
2025-10-10 14:19:52 - [34mutils.redis_manager[0m - [32mINFO[0m - [redis_manager.py:41] - close() - Redisè¿æ¥å·²å…³é—­
2025-10-10 14:23:13 - [34mutils.redis_manager[0m - [32mINFO[0m - [redis_manager.py:31] - initialize() - Redisè¿æ¥åˆå§‹åŒ–æˆåŠŸ
2025-10-10 14:37:58 - [34mutils.redis_manager[0m - [32mINFO[0m - [redis_manager.py:41] - close() - Redisè¿æ¥å·²å…³é—­
2025-10-10 14:38:09 - [34mutils.redis_manager[0m - [32mINFO[0m - [redis_manager.py:31] - initialize() - Redisè¿æ¥åˆå§‹åŒ–æˆåŠŸ
2025-10-10 14:50:45 - [34mutils.redis_manager[0m - [32mINFO[0m - [redis_manager.py:41] - close() - Redisè¿æ¥å·²å…³é—­
2025-10-10 14:50:56 - [34mutils.redis_manager[0m - [32mINFO[0m - [redis_manager.py:31] - initialize() - Redisè¿æ¥åˆå§‹åŒ–æˆåŠŸ
2025-10-10 15:11:17 - [34mutils.redis_manager[0m - [32mINFO[0m - [redis_manager.py:41] - close() - Redisè¿æ¥å·²å…³é—­
2025-10-10 15:15:02 - [34mutils.redis_manager[0m - [32mINFO[0m - [redis_manager.py:31] - initialize() - Redisè¿æ¥åˆå§‹åŒ–æˆåŠŸ
2025-10-10 15:28:53 - [34mutils.redis_manager[0m - [32mINFO[0m - [redis_manager.py:41] - close() - Redisè¿æ¥å·²å…³é—­
2025-10-10 15:31:49 - [34mutils.redis_manager[0m - [32mINFO[0m - [redis_manager.py:31] - initialize() - Redisè¿æ¥åˆå§‹åŒ–æˆåŠŸ
2025-10-10 15:54:09 - [34mutils.redis_manager[0m - [32mINFO[0m - [redis_manager.py:41] - close() - Redisè¿æ¥å·²å…³é—­
2025-10-10 15:54:23 - [34mutils.redis_manager[0m - [32mINFO[0m - [redis_manager.py:31] - initialize() - Redisè¿æ¥åˆå§‹åŒ–æˆåŠŸ
2025-10-10 16:20:56 - [34mutils.redis_manager[0m - [32mINFO[0m - [redis_manager.py:41] - close() - Redisè¿æ¥å·²å…³é—­
2025-10-10 16:26:22 - [34mutils.redis_manager[0m - [32mINFO[0m - [redis_manager.py:31] - initialize() - Redisè¿æ¥åˆå§‹åŒ–æˆåŠŸ
2025-10-10 16:50:17 - [34mutils.redis_manager[0m - [32mINFO[0m - [redis_manager.py:41] - close() - Redisè¿æ¥å·²å…³é—­
2025-10-10 16:50:33 - [34mutils.redis_manager[0m - [32mINFO[0m - [redis_manager.py:31] - initialize() - Redisè¿æ¥åˆå§‹åŒ–æˆåŠŸ
2025-10-10 16:55:25 - [34mutils.redis_manager[0m - [32mINFO[0m - [redis_manager.py:41] - close() - Redisè¿æ¥å·²å…³é—­
2025-10-10 16:55:43 - [34mutils.redis_manager[0m - [32mINFO[0m - [redis_manager.py:31] - initialize() - Redisè¿æ¥åˆå§‹åŒ–æˆåŠŸ
2025-10-10 17:04:07 - [34mutils.redis_manager[0m - [32mINFO[0m - [redis_manager.py:41] - close() - Redisè¿æ¥å·²å…³é—­
2025-10-10 17:04:21 - [34mutils.redis_manager[0m - [32mINFO[0m - [redis_manager.py:31] - initialize() - Redisè¿æ¥åˆå§‹åŒ–æˆåŠŸ
2025-10-10 17:22:04 - [34mutils.redis_manager[0m - [32mINFO[0m - [redis_manager.py:31] - initialize() - Redisè¿æ¥åˆå§‹åŒ–æˆåŠŸ
2025-10-10 17:23:12 - [34mutils.redis_manager[0m - [32mINFO[0m - [redis_manager.py:31] - initialize() - Redisè¿æ¥åˆå§‹åŒ–æˆåŠŸ
2025-10-10 17:25:48 - [34mutils.redis_manager[0m - [32mINFO[0m - [redis_manager.py:31] - initialize() - Redisè¿æ¥åˆå§‹åŒ–æˆåŠŸ
2025-10-10 17:26:03 - [34mutils.redis_manager[0m - [32mINFO[0m - [redis_manager.py:41] - close() - Redisè¿æ¥å·²å…³é—­
2025-10-10 17:26:21 - [34mutils.redis_manager[0m - [32mINFO[0m - [redis_manager.py:31] - initialize() - Redisè¿æ¥åˆå§‹åŒ–æˆåŠŸ
2025-10-11 09:50:10 - [34mutils.redis_manager[0m - [32mINFO[0m - [redis_manager.py:31] - initialize() - Redisè¿æ¥åˆå§‹åŒ–æˆåŠŸ
2025-10-11 13:38:33 - [34mutils.redis_manager[0m - [32mINFO[0m - [redis_manager.py:41] - close() - Redisè¿æ¥å·²å…³é—­
2025-10-11 13:44:22 - [34mutils.redis_manager[0m - [32mINFO[0m - [redis_manager.py:31] - initialize() - Redisè¿æ¥åˆå§‹åŒ–æˆåŠŸ
2025-10-11 13:53:21 - [34mutils.redis_manager[0m - [32mINFO[0m - [redis_manager.py:31] - initialize() - Redisè¿æ¥åˆå§‹åŒ–æˆåŠŸ
2025-10-11 13:53:51 - [34mutils.redis_manager[0m - [32mINFO[0m - [redis_manager.py:31] - initialize() - Redisè¿æ¥åˆå§‹åŒ–æˆåŠŸ
2025-10-11 13:54:15 - [34mutils.redis_manager[0m - [32mINFO[0m - [redis_manager.py:41] - close() - Redisè¿æ¥å·²å…³é—­
2025-10-11 13:54:15 - [34mutils.redis_manager[0m - [32mINFO[0m - [redis_manager.py:41] - close() - Redisè¿æ¥å·²å…³é—­
2025-10-11 13:54:26 - [34mutils.redis_manager[0m - [32mINFO[0m - [redis_manager.py:31] - initialize() - Redisè¿æ¥åˆå§‹åŒ–æˆåŠŸ
2025-10-11 13:54:54 - [34mutils.redis_manager[0m - [32mINFO[0m - [redis_manager.py:31] - initialize() - Redisè¿æ¥åˆå§‹åŒ–æˆåŠŸ
2025-10-11 14:37:31 - [34mutils.redis_manager[0m - [32mINFO[0m - [redis_manager.py:41] - close() - Redisè¿æ¥å·²å…³é—­
2025-10-11 14:37:32 - [34mutils.redis_manager[0m - [32mINFO[0m - [redis_manager.py:41] - close() - Redisè¿æ¥å·²å…³é—­
2025-10-11 14:37:43 - [34mutils.redis_manager[0m - [32mINFO[0m - [redis_manager.py:31] - initialize() - Redisè¿æ¥åˆå§‹åŒ–æˆåŠŸ
2025-10-11 14:38:22 - [34mutils.redis_manager[0m - [32mINFO[0m - [redis_manager.py:31] - initialize() - Redisè¿æ¥åˆå§‹åŒ–æˆåŠŸ
2025-10-11 14:38:50 - [34mutils.redis_manager[0m - [32mINFO[0m - [redis_manager.py:31] - initialize() - Redisè¿æ¥åˆå§‹åŒ–æˆåŠŸ
2025-10-11 14:40:15 - [34mutils.redis_manager[0m - [32mINFO[0m - [redis_manager.py:41] - close() - Redisè¿æ¥å·²å…³é—­
2025-10-11 14:40:16 - [34mutils.redis_manager[0m - [32mINFO[0m - [redis_manager.py:41] - close() - Redisè¿æ¥å·²å…³é—­
2025-10-11 14:40:28 - [34mutils.redis_manager[0m - [32mINFO[0m - [redis_manager.py:31] - initialize() - Redisè¿æ¥åˆå§‹åŒ–æˆåŠŸ
2025-10-11 14:41:07 - [34mutils.redis_manager[0m - [32mINFO[0m - [redis_manager.py:31] - initialize() - Redisè¿æ¥åˆå§‹åŒ–æˆåŠŸ
2025-10-11 14:41:27 - [34mutils.redis_manager[0m - [32mINFO[0m - [redis_manager.py:31] - initialize() - Redisè¿æ¥åˆå§‹åŒ–æˆåŠŸ
2025-10-11 14:41:56 - [34mutils.redis_manager[0m - [32mINFO[0m - [redis_manager.py:31] - initialize() - Redisè¿æ¥åˆå§‹åŒ–æˆåŠŸ
