2025-10-10 11:10:40 - [34mutils.tos_uploader[0m - [32mINFO[0m - [tos_uploader.py:33] - __init__() - TOSä¸Šä¼ å™¨åˆå§‹åŒ–æˆåŠŸ
2025-10-10 11:12:05 - [34mutils.tos_uploader[0m - [32mINFO[0m - [tos_uploader.py:122] - _do_upload() - å¼€å§‹ä¸Šä¼ æ–‡ä»¶åˆ°TOS: aigc-omni.tos-cn-guangzhou.volces.com/of6e1IU9.wav, æ–‡ä»¶å¤§å°: 80852 bytes
2025-10-10 11:12:05 - [34mutils.tos_uploader[0m - [32mINFO[0m - [tos_uploader.py:143] - progress_callback() - æ™®é€šä¸Šä¼ è¿›åº¦: 20%, å·²ä¸Šä¼ : 16384/80852 bytes, é€Ÿåº¦: 59.47 KB/s
2025-10-10 11:12:05 - [34mutils.tos_uploader[0m - [32mINFO[0m - [tos_uploader.py:143] - progress_callback() - æ™®é€šä¸Šä¼ è¿›åº¦: 40%, å·²ä¸Šä¼ : 32768/80852 bytes, é€Ÿåº¦: 118.55 KB/s
2025-10-10 11:12:05 - [34mutils.tos_uploader[0m - [32mINFO[0m - [tos_uploader.py:143] - progress_callback() - æ™®é€šä¸Šä¼ è¿›åº¦: 60%, å·²ä¸Šä¼ : 49152/80852 bytes, é€Ÿåº¦: 177.41 KB/s
2025-10-10 11:12:05 - [34mutils.tos_uploader[0m - [32mINFO[0m - [tos_uploader.py:143] - progress_callback() - æ™®é€šä¸Šä¼ è¿›åº¦: 81%, å·²ä¸Šä¼ : 65536/80852 bytes, é€Ÿåº¦: 197.18 KB/s
2025-10-10 11:12:05 - [34mutils.tos_uploader[0m - [32mINFO[0m - [tos_uploader.py:143] - progress_callback() - æ™®é€šä¸Šä¼ è¿›åº¦: 100%, å·²ä¸Šä¼ : 80852/80852 bytes, é€Ÿåº¦: 191.20 KB/s
2025-10-10 11:12:05 - [34mutils.tos_uploader[0m - [32mINFO[0m - [tos_uploader.py:143] - progress_callback() - æ™®é€šä¸Šä¼ è¿›åº¦: 100%, å·²ä¸Šä¼ : 80852/80852 bytes, é€Ÿåº¦: 190.88 KB/s
2025-10-10 11:12:05 - [34mutils.tos_uploader[0m - [32mINFO[0m - [tos_uploader.py:158] - _do_upload() - æ–‡ä»¶ä¸Šä¼ æˆåŠŸ: aigc-omni.tos-cn-guangzhou.volces.com/of6e1IU9.wav
2025-10-10 11:12:05 - [34mutils.tos_uploader[0m - [32mINFO[0m - [tos_uploader.py:122] - _do_upload() - å¼€å§‹ä¸Šä¼ æ–‡ä»¶åˆ°TOS: aigc-omni.tos-cn-guangzhou.volces.com/of6e1IU9.srt, æ–‡ä»¶å¤§å°: 63 bytes
2025-10-10 11:12:05 - [34mutils.tos_uploader[0m - [32mINFO[0m - [tos_uploader.py:143] - progress_callback() - æ™®é€šä¸Šä¼ è¿›åº¦: 100%, å·²ä¸Šä¼ : 63/63 bytes, é€Ÿåº¦: 12.95 KB/s
2025-10-10 11:12:05 - [34mutils.tos_uploader[0m - [32mINFO[0m - [tos_uploader.py:143] - progress_callback() - æ™®é€šä¸Šä¼ è¿›åº¦: 100%, å·²ä¸Šä¼ : 63/63 bytes, é€Ÿåº¦: 11.87 KB/s
2025-10-10 11:12:05 - [34mutils.tos_uploader[0m - [32mINFO[0m - [tos_uploader.py:158] - _do_upload() - æ–‡ä»¶ä¸Šä¼ æˆåŠŸ: aigc-omni.tos-cn-guangzhou.volces.com/of6e1IU9.srt
2025-10-10 11:27:50 - [34mutils.tos_uploader[0m - [32mINFO[0m - [tos_uploader.py:33] - __init__() - TOSä¸Šä¼ å™¨åˆå§‹åŒ–æˆåŠŸ
2025-10-10 11:29:10 - [34mutils.tos_uploader[0m - [32mINFO[0m - [tos_uploader.py:33] - __init__() - TOSä¸Šä¼ å™¨åˆå§‹åŒ–æˆåŠŸ
2025-10-10 11:30:10 - [34mutils.tos_uploader[0m - [32mINFO[0m - [tos_uploader.py:33] - __init__() - TOSä¸Šä¼ å™¨åˆå§‹åŒ–æˆåŠŸ
2025-10-10 11:31:53 - [34mutils.tos_uploader[0m - [32mINFO[0m - [tos_uploader.py:33] - __init__() - TOSä¸Šä¼ å™¨åˆå§‹åŒ–æˆåŠŸ
2025-10-10 11:33:00 - [34mutils.tos_uploader[0m - [32mINFO[0m - [tos_uploader.py:127] - _do_upload() - å¼€å§‹ä¸Šä¼ æ–‡ä»¶åˆ°TOS: aigc-omni.tos-cn-guangzhou.volces.com/f02cf47a7ab846b79de9c5796e9c2117.wav, æ–‡ä»¶å¤§å°: 1530996 bytes
2025-10-10 11:33:00 - [34mutils.tos_uploader[0m - [32mINFO[0m - [tos_uploader.py:148] - progress_callback() - æ™®é€šä¸Šä¼ è¿›åº¦: 10%, å·²ä¸Šä¼ : 163840/1530996 bytes, é€Ÿåº¦: 442.45 KB/s
2025-10-10 11:33:00 - [34mutils.tos_uploader[0m - [32mINFO[0m - [tos_uploader.py:148] - progress_callback() - æ™®é€šä¸Šä¼ è¿›åº¦: 20%, å·²ä¸Šä¼ : 311296/1530996 bytes, é€Ÿåº¦: 639.22 KB/s
2025-10-10 11:33:00 - [34mutils.tos_uploader[0m - [32mINFO[0m - [tos_uploader.py:148] - progress_callback() - æ™®é€šä¸Šä¼ è¿›åº¦: 31%, å·²ä¸Šä¼ : 475136/1530996 bytes, é€Ÿåº¦: 889.03 KB/s
2025-10-10 11:33:00 - [34mutils.tos_uploader[0m - [32mINFO[0m - [tos_uploader.py:148] - progress_callback() - æ™®é€šä¸Šä¼ è¿›åº¦: 41%, å·²ä¸Šä¼ : 638976/1530996 bytes, é€Ÿåº¦: 1.12 MB/s
2025-10-10 11:33:00 - [34mutils.tos_uploader[0m - [32mINFO[0m - [tos_uploader.py:148] - progress_callback() - æ™®é€šä¸Šä¼ è¿›åº¦: 51%, å·²ä¸Šä¼ : 786432/1530996 bytes, é€Ÿåº¦: 1.37 MB/s
2025-10-10 11:33:00 - [34mutils.tos_uploader[0m - [32mINFO[0m - [tos_uploader.py:148] - progress_callback() - æ™®é€šä¸Šä¼ è¿›åº¦: 62%, å·²ä¸Šä¼ : 950272/1530996 bytes, é€Ÿåº¦: 1.59 MB/s
2025-10-10 11:33:00 - [34mutils.tos_uploader[0m - [32mINFO[0m - [tos_uploader.py:148] - progress_callback() - æ™®é€šä¸Šä¼ è¿›åº¦: 72%, å·²ä¸Šä¼ : 1114112/1530996 bytes, é€Ÿåº¦: 1.86 MB/s
2025-10-10 11:33:00 - [34mutils.tos_uploader[0m - [32mINFO[0m - [tos_uploader.py:148] - progress_callback() - æ™®é€šä¸Šä¼ è¿›åº¦: 82%, å·²ä¸Šä¼ : 1261568/1530996 bytes, é€Ÿåº¦: 2.03 MB/s
2025-10-10 11:33:00 - [34mutils.tos_uploader[0m - [32mINFO[0m - [tos_uploader.py:148] - progress_callback() - æ™®é€šä¸Šä¼ è¿›åº¦: 92%, å·²ä¸Šä¼ : 1409024/1530996 bytes, é€Ÿåº¦: 2.26 MB/s
2025-10-10 11:33:00 - [34mutils.tos_uploader[0m - [32mINFO[0m - [tos_uploader.py:148] - progress_callback() - æ™®é€šä¸Šä¼ è¿›åº¦: 100%, å·²ä¸Šä¼ : 1530996/1530996 bytes, é€Ÿåº¦: 2.44 MB/s
2025-10-10 11:33:00 - [34mutils.tos_uploader[0m - [32mINFO[0m - [tos_uploader.py:148] - progress_callback() - æ™®é€šä¸Šä¼ è¿›åº¦: 100%, å·²ä¸Šä¼ : 1530996/1530996 bytes, é€Ÿåº¦: 2.44 MB/s
2025-10-10 11:33:00 - [34mutils.tos_uploader[0m - [32mINFO[0m - [tos_uploader.py:163] - _do_upload() - æ–‡ä»¶ä¸Šä¼ æˆåŠŸ: aigc-omni.tos-cn-guangzhou.volces.com/f02cf47a7ab846b79de9c5796e9c2117.wav
2025-10-10 11:33:00 - [34mutils.tos_uploader[0m - [32mINFO[0m - [tos_uploader.py:127] - _do_upload() - å¼€å§‹ä¸Šä¼ æ–‡ä»¶åˆ°TOS: aigc-omni.tos-cn-guangzhou.volces.com/f02cf47a7ab846b79de9c5796e9c2117.srt, æ–‡ä»¶å¤§å°: 907 bytes
2025-10-10 11:33:00 - [34mutils.tos_uploader[0m - [32mINFO[0m - [tos_uploader.py:148] - progress_callback() - æ™®é€šä¸Šä¼ è¿›åº¦: 100%, å·²ä¸Šä¼ : 907/907 bytes, é€Ÿåº¦: 167.30 KB/s
2025-10-10 11:33:00 - [34mutils.tos_uploader[0m - [32mINFO[0m - [tos_uploader.py:148] - progress_callback() - æ™®é€šä¸Šä¼ è¿›åº¦: 100%, å·²ä¸Šä¼ : 907/907 bytes, é€Ÿåº¦: 154.72 KB/s
2025-10-10 11:33:00 - [34mutils.tos_uploader[0m - [32mINFO[0m - [tos_uploader.py:163] - _do_upload() - æ–‡ä»¶ä¸Šä¼ æˆåŠŸ: aigc-omni.tos-cn-guangzhou.volces.com/f02cf47a7ab846b79de9c5796e9c2117.srt
2025-10-10 11:33:29 - [34mutils.tos_uploader[0m - [32mINFO[0m - [tos_uploader.py:127] - _do_upload() - å¼€å§‹ä¸Šä¼ æ–‡ä»¶åˆ°TOS: aigc-omni.tos-cn-guangzhou.volces.com/59cfbeb5bac2406e87f6c82d62286e94.wav, æ–‡ä»¶å¤§å°: 787360 bytes
2025-10-10 11:33:29 - [34mutils.tos_uploader[0m - [32mINFO[0m - [tos_uploader.py:148] - progress_callback() - æ™®é€šä¸Šä¼ è¿›åº¦: 10%, å·²ä¸Šä¼ : 81920/787360 bytes, é€Ÿåº¦: 32.02 MB/s
2025-10-10 11:33:29 - [34mutils.tos_uploader[0m - [32mINFO[0m - [tos_uploader.py:148] - progress_callback() - æ™®é€šä¸Šä¼ è¿›åº¦: 20%, å·²ä¸Šä¼ : 163840/787360 bytes, é€Ÿåº¦: 55.06 MB/s
2025-10-10 11:33:29 - [34mutils.tos_uploader[0m - [32mINFO[0m - [tos_uploader.py:148] - progress_callback() - æ™®é€šä¸Šä¼ è¿›åº¦: 31%, å·²ä¸Šä¼ : 245760/787360 bytes, é€Ÿåº¦: 73.72 MB/s
2025-10-10 11:33:29 - [34mutils.tos_uploader[0m - [32mINFO[0m - [tos_uploader.py:148] - progress_callback() - æ™®é€šä¸Šä¼ è¿›åº¦: 41%, å·²ä¸Šä¼ : 327680/787360 bytes, é€Ÿåº¦: 89.00 MB/s
2025-10-10 11:33:29 - [34mutils.tos_uploader[0m - [32mINFO[0m - [tos_uploader.py:148] - progress_callback() - æ™®é€šä¸Šä¼ è¿›åº¦: 52%, å·²ä¸Šä¼ : 409600/787360 bytes, é€Ÿåº¦: 101.39 MB/s
2025-10-10 11:33:29 - [34mutils.tos_uploader[0m - [32mINFO[0m - [tos_uploader.py:148] - progress_callback() - æ™®é€šä¸Šä¼ è¿›åº¦: 62%, å·²ä¸Šä¼ : 491520/787360 bytes, é€Ÿåº¦: 111.82 MB/s
2025-10-10 11:33:29 - [34mutils.tos_uploader[0m - [32mINFO[0m - [tos_uploader.py:148] - progress_callback() - æ™®é€šä¸Šä¼ è¿›åº¦: 72%, å·²ä¸Šä¼ : 573440/787360 bytes, é€Ÿåº¦: 120.87 MB/s
2025-10-10 11:33:29 - [34mutils.tos_uploader[0m - [32mINFO[0m - [tos_uploader.py:148] - progress_callback() - æ™®é€šä¸Šä¼ è¿›åº¦: 83%, å·²ä¸Šä¼ : 655360/787360 bytes, é€Ÿåº¦: 128.80 MB/s
2025-10-10 11:33:29 - [34mutils.tos_uploader[0m - [32mINFO[0m - [tos_uploader.py:148] - progress_callback() - æ™®é€šä¸Šä¼ è¿›åº¦: 93%, å·²ä¸Šä¼ : 737280/787360 bytes, é€Ÿåº¦: 135.64 MB/s
2025-10-10 11:33:29 - [34mutils.tos_uploader[0m - [32mINFO[0m - [tos_uploader.py:148] - progress_callback() - æ™®é€šä¸Šä¼ è¿›åº¦: 100%, å·²ä¸Šä¼ : 787360/787360 bytes, é€Ÿåº¦: 137.39 MB/s
2025-10-10 11:33:29 - [34mutils.tos_uploader[0m - [32mINFO[0m - [tos_uploader.py:148] - progress_callback() - æ™®é€šä¸Šä¼ è¿›åº¦: 100%, å·²ä¸Šä¼ : 787360/787360 bytes, é€Ÿåº¦: 135.94 MB/s
2025-10-10 11:33:29 - [34mutils.tos_uploader[0m - [32mINFO[0m - [tos_uploader.py:163] - _do_upload() - æ–‡ä»¶ä¸Šä¼ æˆåŠŸ: aigc-omni.tos-cn-guangzhou.volces.com/59cfbeb5bac2406e87f6c82d62286e94.wav
2025-10-10 11:33:29 - [34mutils.tos_uploader[0m - [32mINFO[0m - [tos_uploader.py:127] - _do_upload() - å¼€å§‹ä¸Šä¼ æ–‡ä»¶åˆ°TOS: aigc-omni.tos-cn-guangzhou.volces.com/59cfbeb5bac2406e87f6c82d62286e94.srt, æ–‡ä»¶å¤§å°: 494 bytes
2025-10-10 11:33:29 - [34mutils.tos_uploader[0m - [32mINFO[0m - [tos_uploader.py:148] - progress_callback() - æ™®é€šä¸Šä¼ è¿›åº¦: 100%, å·²ä¸Šä¼ : 494/494 bytes, é€Ÿåº¦: 88.60 KB/s
2025-10-10 11:33:29 - [34mutils.tos_uploader[0m - [32mINFO[0m - [tos_uploader.py:148] - progress_callback() - æ™®é€šä¸Šä¼ è¿›åº¦: 100%, å·²ä¸Šä¼ : 494/494 bytes, é€Ÿåº¦: 82.41 KB/s
2025-10-10 11:33:29 - [34mutils.tos_uploader[0m - [32mINFO[0m - [tos_uploader.py:163] - _do_upload() - æ–‡ä»¶ä¸Šä¼ æˆåŠŸ: aigc-omni.tos-cn-guangzhou.volces.com/59cfbeb5bac2406e87f6c82d62286e94.srt
2025-10-10 11:35:42 - [34mutils.tos_uploader[0m - [32mINFO[0m - [tos_uploader.py:33] - __init__() - TOSä¸Šä¼ å™¨åˆå§‹åŒ–æˆåŠŸ
2025-10-10 11:36:30 - [34mutils.tos_uploader[0m - [32mINFO[0m - [tos_uploader.py:33] - __init__() - TOSä¸Šä¼ å™¨åˆå§‹åŒ–æˆåŠŸ
2025-10-10 11:37:14 - [34mutils.tos_uploader[0m - [32mINFO[0m - [tos_uploader.py:33] - __init__() - TOSä¸Šä¼ å™¨åˆå§‹åŒ–æˆåŠŸ
2025-10-10 11:38:11 - [34mutils.tos_uploader[0m - [32mINFO[0m - [tos_uploader.py:33] - __init__() - TOSä¸Šä¼ å™¨åˆå§‹åŒ–æˆåŠŸ
2025-10-10 11:39:43 - [34mutils.tos_uploader[0m - [32mINFO[0m - [tos_uploader.py:33] - __init__() - TOSä¸Šä¼ å™¨åˆå§‹åŒ–æˆåŠŸ
2025-10-10 11:40:47 - [34mutils.tos_uploader[0m - [32mINFO[0m - [tos_uploader.py:127] - _do_upload() - å¼€å§‹ä¸Šä¼ æ–‡ä»¶åˆ°TOS: aigc-omni.tos-cn-guangzhou.volces.com/046f85a8ab564747875cc8423a4d1b95/046f85a8ab564747875cc8423a4d1b95.wav, æ–‡ä»¶å¤§å°: 724360 bytes
2025-10-10 11:40:48 - [34mutils.tos_uploader[0m - [32mINFO[0m - [tos_uploader.py:148] - progress_callback() - æ™®é€šä¸Šä¼ è¿›åº¦: 11%, å·²ä¸Šä¼ : 81920/724360 bytes, é€Ÿåº¦: 251.98 KB/s
2025-10-10 11:40:48 - [34mutils.tos_uploader[0m - [32mINFO[0m - [tos_uploader.py:148] - progress_callback() - æ™®é€šä¸Šä¼ è¿›åº¦: 22%, å·²ä¸Šä¼ : 163840/724360 bytes, é€Ÿåº¦: 437.94 KB/s
2025-10-10 11:40:48 - [34mutils.tos_uploader[0m - [32mINFO[0m - [tos_uploader.py:148] - progress_callback() - æ™®é€šä¸Šä¼ è¿›åº¦: 33%, å·²ä¸Šä¼ : 245760/724360 bytes, é€Ÿåº¦: 591.19 KB/s
2025-10-10 11:40:48 - [34mutils.tos_uploader[0m - [32mINFO[0m - [tos_uploader.py:148] - progress_callback() - æ™®é€šä¸Šä¼ è¿›åº¦: 45%, å·²ä¸Šä¼ : 327680/724360 bytes, é€Ÿåº¦: 777.47 KB/s
2025-10-10 11:40:48 - [34mutils.tos_uploader[0m - [32mINFO[0m - [tos_uploader.py:148] - progress_callback() - æ™®é€šä¸Šä¼ è¿›åº¦: 56%, å·²ä¸Šä¼ : 409600/724360 bytes, é€Ÿåº¦: 967.43 KB/s
2025-10-10 11:40:48 - [34mutils.tos_uploader[0m - [32mINFO[0m - [tos_uploader.py:148] - progress_callback() - æ™®é€šä¸Šä¼ è¿›åº¦: 67%, å·²ä¸Šä¼ : 491520/724360 bytes, é€Ÿåº¦: 1.03 MB/s
2025-10-10 11:40:48 - [34mutils.tos_uploader[0m - [32mINFO[0m - [tos_uploader.py:148] - progress_callback() - æ™®é€šä¸Šä¼ è¿›åº¦: 79%, å·²ä¸Šä¼ : 573440/724360 bytes, é€Ÿåº¦: 1.20 MB/s
2025-10-10 11:40:48 - [34mutils.tos_uploader[0m - [32mINFO[0m - [tos_uploader.py:148] - progress_callback() - æ™®é€šä¸Šä¼ è¿›åº¦: 90%, å·²ä¸Šä¼ : 655360/724360 bytes, é€Ÿåº¦: 1.36 MB/s
2025-10-10 11:40:48 - [34mutils.tos_uploader[0m - [32mINFO[0m - [tos_uploader.py:148] - progress_callback() - æ™®é€šä¸Šä¼ è¿›åº¦: 100%, å·²ä¸Šä¼ : 724360/724360 bytes, é€Ÿåº¦: 1.50 MB/s
2025-10-10 11:40:48 - [34mutils.tos_uploader[0m - [32mINFO[0m - [tos_uploader.py:148] - progress_callback() - æ™®é€šä¸Šä¼ è¿›åº¦: 100%, å·²ä¸Šä¼ : 724360/724360 bytes, é€Ÿåº¦: 1.50 MB/s
2025-10-10 11:40:48 - [34mutils.tos_uploader[0m - [32mINFO[0m - [tos_uploader.py:163] - _do_upload() - æ–‡ä»¶ä¸Šä¼ æˆåŠŸ: aigc-omni.tos-cn-guangzhou.volces.com/046f85a8ab564747875cc8423a4d1b95/046f85a8ab564747875cc8423a4d1b95.wav
2025-10-10 11:40:48 - [34mutils.tos_uploader[0m - [32mINFO[0m - [tos_uploader.py:127] - _do_upload() - å¼€å§‹ä¸Šä¼ æ–‡ä»¶åˆ°TOS: aigc-omni.tos-cn-guangzhou.volces.com/046f85a8ab564747875cc8423a4d1b95/046f85a8ab564747875cc8423a4d1b95.srt, æ–‡ä»¶å¤§å°: 439 bytes
2025-10-10 11:40:48 - [34mutils.tos_uploader[0m - [32mINFO[0m - [tos_uploader.py:148] - progress_callback() - æ™®é€šä¸Šä¼ è¿›åº¦: 100%, å·²ä¸Šä¼ : 439/439 bytes, é€Ÿåº¦: 78.69 KB/s
2025-10-10 11:40:48 - [34mutils.tos_uploader[0m - [32mINFO[0m - [tos_uploader.py:148] - progress_callback() - æ™®é€šä¸Šä¼ è¿›åº¦: 100%, å·²ä¸Šä¼ : 439/439 bytes, é€Ÿåº¦: 72.68 KB/s
2025-10-10 11:40:48 - [34mutils.tos_uploader[0m - [32mINFO[0m - [tos_uploader.py:163] - _do_upload() - æ–‡ä»¶ä¸Šä¼ æˆåŠŸ: aigc-omni.tos-cn-guangzhou.volces.com/046f85a8ab564747875cc8423a4d1b95/046f85a8ab564747875cc8423a4d1b95.srt
2025-10-10 11:45:26 - [34mutils.tos_uploader[0m - [32mINFO[0m - [tos_uploader.py:33] - __init__() - TOSä¸Šä¼ å™¨åˆå§‹åŒ–æˆåŠŸ
2025-10-10 11:46:29 - [34mutils.tos_uploader[0m - [32mINFO[0m - [tos_uploader.py:127] - _do_upload() - å¼€å§‹ä¸Šä¼ æ–‡ä»¶åˆ°TOS: aigc-omni.tos-cn-guangzhou.volces.com/551440d25072450e895184d0c2b0383a/551440d25072450e895184d0c2b0383a.wav, æ–‡ä»¶å¤§å°: 724360 bytes
2025-10-10 11:46:29 - [34mutils.tos_uploader[0m - [32mINFO[0m - [tos_uploader.py:148] - progress_callback() - æ™®é€šä¸Šä¼ è¿›åº¦: 11%, å·²ä¸Šä¼ : 81920/724360 bytes, é€Ÿåº¦: 243.25 KB/s
2025-10-10 11:46:29 - [34mutils.tos_uploader[0m - [32mINFO[0m - [tos_uploader.py:148] - progress_callback() - æ™®é€šä¸Šä¼ è¿›åº¦: 22%, å·²ä¸Šä¼ : 163840/724360 bytes, é€Ÿåº¦: 440.59 KB/s
2025-10-10 11:46:29 - [34mutils.tos_uploader[0m - [32mINFO[0m - [tos_uploader.py:148] - progress_callback() - æ™®é€šä¸Šä¼ è¿›åº¦: 33%, å·²ä¸Šä¼ : 245760/724360 bytes, é€Ÿåº¦: 635.75 KB/s
2025-10-10 11:46:29 - [34mutils.tos_uploader[0m - [32mINFO[0m - [tos_uploader.py:148] - progress_callback() - æ™®é€šä¸Šä¼ è¿›åº¦: 45%, å·²ä¸Šä¼ : 327680/724360 bytes, é€Ÿåº¦: 752.92 KB/s
2025-10-10 11:46:29 - [34mutils.tos_uploader[0m - [32mINFO[0m - [tos_uploader.py:148] - progress_callback() - æ™®é€šä¸Šä¼ è¿›åº¦: 56%, å·²ä¸Šä¼ : 409600/724360 bytes, é€Ÿåº¦: 872.09 KB/s
2025-10-10 11:46:29 - [34mutils.tos_uploader[0m - [32mINFO[0m - [tos_uploader.py:148] - progress_callback() - æ™®é€šä¸Šä¼ è¿›åº¦: 67%, å·²ä¸Šä¼ : 491520/724360 bytes, é€Ÿåº¦: 1.02 MB/s
2025-10-10 11:46:29 - [34mutils.tos_uploader[0m - [32mINFO[0m - [tos_uploader.py:148] - progress_callback() - æ™®é€šä¸Šä¼ è¿›åº¦: 79%, å·²ä¸Šä¼ : 573440/724360 bytes, é€Ÿåº¦: 1.17 MB/s
2025-10-10 11:46:29 - [34mutils.tos_uploader[0m - [32mINFO[0m - [tos_uploader.py:148] - progress_callback() - æ™®é€šä¸Šä¼ è¿›åº¦: 90%, å·²ä¸Šä¼ : 655360/724360 bytes, é€Ÿåº¦: 1.32 MB/s
2025-10-10 11:46:29 - [34mutils.tos_uploader[0m - [32mINFO[0m - [tos_uploader.py:148] - progress_callback() - æ™®é€šä¸Šä¼ è¿›åº¦: 100%, å·²ä¸Šä¼ : 724360/724360 bytes, é€Ÿåº¦: 1.46 MB/s
2025-10-10 11:46:29 - [34mutils.tos_uploader[0m - [32mINFO[0m - [tos_uploader.py:148] - progress_callback() - æ™®é€šä¸Šä¼ è¿›åº¦: 100%, å·²ä¸Šä¼ : 724360/724360 bytes, é€Ÿåº¦: 1.46 MB/s
2025-10-10 11:46:29 - [34mutils.tos_uploader[0m - [32mINFO[0m - [tos_uploader.py:163] - _do_upload() - æ–‡ä»¶ä¸Šä¼ æˆåŠŸ: aigc-omni.tos-cn-guangzhou.volces.com/551440d25072450e895184d0c2b0383a/551440d25072450e895184d0c2b0383a.wav
2025-10-10 11:46:29 - [34mutils.tos_uploader[0m - [32mINFO[0m - [tos_uploader.py:127] - _do_upload() - å¼€å§‹ä¸Šä¼ æ–‡ä»¶åˆ°TOS: aigc-omni.tos-cn-guangzhou.volces.com/551440d25072450e895184d0c2b0383a/551440d25072450e895184d0c2b0383a.srt, æ–‡ä»¶å¤§å°: 575 bytes
2025-10-10 11:46:29 - [34mutils.tos_uploader[0m - [32mINFO[0m - [tos_uploader.py:148] - progress_callback() - æ™®é€šä¸Šä¼ è¿›åº¦: 100%, å·²ä¸Šä¼ : 575/575 bytes, é€Ÿåº¦: 288.10 KB/s
2025-10-10 11:46:29 - [34mutils.tos_uploader[0m - [32mINFO[0m - [tos_uploader.py:148] - progress_callback() - æ™®é€šä¸Šä¼ è¿›åº¦: 100%, å·²ä¸Šä¼ : 575/575 bytes, é€Ÿåº¦: 265.61 KB/s
2025-10-10 11:46:29 - [34mutils.tos_uploader[0m - [32mINFO[0m - [tos_uploader.py:163] - _do_upload() - æ–‡ä»¶ä¸Šä¼ æˆåŠŸ: aigc-omni.tos-cn-guangzhou.volces.com/551440d25072450e895184d0c2b0383a/551440d25072450e895184d0c2b0383a.srt
2025-10-10 12:22:10 - [34mutils.tos_uploader[0m - [32mINFO[0m - [tos_uploader.py:33] - __init__() - TOSä¸Šä¼ å™¨åˆå§‹åŒ–æˆåŠŸ
2025-10-10 13:07:46 - [34mutils.tos_uploader[0m - [32mINFO[0m - [tos_uploader.py:33] - __init__() - TOSä¸Šä¼ å™¨åˆå§‹åŒ–æˆåŠŸ
2025-10-10 13:11:14 - [34mutils.tos_uploader[0m - [32mINFO[0m - [tos_uploader.py:33] - __init__() - TOSä¸Šä¼ å™¨åˆå§‹åŒ–æˆåŠŸ
2025-10-10 13:11:28 - [34mutils.tos_uploader[0m - [32mINFO[0m - [tos_uploader.py:127] - _do_upload() - å¼€å§‹ä¸Šä¼ æ–‡ä»¶åˆ°TOS: aigc-omni.tos-cn-guangzhou.volces.com/9d28ae0652cd4a988fe184a2a304285d/9d28ae0652cd4a988fe184a2a304285d.wav, æ–‡ä»¶å¤§å°: 435182 bytes
2025-10-10 13:11:28 - [34mutils.tos_uploader[0m - [32mINFO[0m - [tos_uploader.py:148] - progress_callback() - æ™®é€šä¸Šä¼ è¿›åº¦: 11%, å·²ä¸Šä¼ : 49152/435182 bytes, é€Ÿåº¦: 193.33 KB/s
2025-10-10 13:11:28 - [34mutils.tos_uploader[0m - [32mINFO[0m - [tos_uploader.py:148] - progress_callback() - æ™®é€šä¸Šä¼ è¿›åº¦: 22%, å·²ä¸Šä¼ : 98304/435182 bytes, é€Ÿåº¦: 275.84 KB/s
2025-10-10 13:11:28 - [34mutils.tos_uploader[0m - [32mINFO[0m - [tos_uploader.py:148] - progress_callback() - æ™®é€šä¸Šä¼ è¿›åº¦: 33%, å·²ä¸Šä¼ : 147456/435182 bytes, é€Ÿåº¦: 413.11 KB/s
2025-10-10 13:11:28 - [34mutils.tos_uploader[0m - [32mINFO[0m - [tos_uploader.py:148] - progress_callback() - æ™®é€šä¸Šä¼ è¿›åº¦: 45%, å·²ä¸Šä¼ : 196608/435182 bytes, é€Ÿåº¦: 486.23 KB/s
2025-10-10 13:11:28 - [34mutils.tos_uploader[0m - [32mINFO[0m - [tos_uploader.py:148] - progress_callback() - æ™®é€šä¸Šä¼ è¿›åº¦: 56%, å·²ä¸Šä¼ : 245760/435182 bytes, é€Ÿåº¦: 558.48 KB/s
2025-10-10 13:11:28 - [34mutils.tos_uploader[0m - [32mINFO[0m - [tos_uploader.py:148] - progress_callback() - æ™®é€šä¸Šä¼ è¿›åº¦: 67%, å·²ä¸Šä¼ : 294912/435182 bytes, é€Ÿåº¦: 651.95 KB/s
2025-10-10 13:11:28 - [34mutils.tos_uploader[0m - [32mINFO[0m - [tos_uploader.py:148] - progress_callback() - æ™®é€šä¸Šä¼ è¿›åº¦: 79%, å·²ä¸Šä¼ : 344064/435182 bytes, é€Ÿåº¦: 704.51 KB/s
2025-10-10 13:11:28 - [34mutils.tos_uploader[0m - [32mINFO[0m - [tos_uploader.py:148] - progress_callback() - æ™®é€šä¸Šä¼ è¿›åº¦: 90%, å·²ä¸Šä¼ : 393216/435182 bytes, é€Ÿåº¦: 802.72 KB/s
2025-10-10 13:11:28 - [34mutils.tos_uploader[0m - [32mINFO[0m - [tos_uploader.py:148] - progress_callback() - æ™®é€šä¸Šä¼ è¿›åº¦: 100%, å·²ä¸Šä¼ : 435182/435182 bytes, é€Ÿåº¦: 869.17 KB/s
2025-10-10 13:11:28 - [34mutils.tos_uploader[0m - [32mINFO[0m - [tos_uploader.py:148] - progress_callback() - æ™®é€šä¸Šä¼ è¿›åº¦: 100%, å·²ä¸Šä¼ : 435182/435182 bytes, é€Ÿåº¦: 868.46 KB/s
2025-10-10 13:11:28 - [34mutils.tos_uploader[0m - [32mINFO[0m - [tos_uploader.py:163] - _do_upload() - æ–‡ä»¶ä¸Šä¼ æˆåŠŸ: aigc-omni.tos-cn-guangzhou.volces.com/9d28ae0652cd4a988fe184a2a304285d/9d28ae0652cd4a988fe184a2a304285d.wav
2025-10-10 13:11:28 - [34mutils.tos_uploader[0m - [32mINFO[0m - [tos_uploader.py:127] - _do_upload() - å¼€å§‹ä¸Šä¼ æ–‡ä»¶åˆ°TOS: aigc-omni.tos-cn-guangzhou.volces.com/9d28ae0652cd4a988fe184a2a304285d/9d28ae0652cd4a988fe184a2a304285d.srt, æ–‡ä»¶å¤§å°: 229 bytes
2025-10-10 13:11:28 - [34mutils.tos_uploader[0m - [32mINFO[0m - [tos_uploader.py:148] - progress_callback() - æ™®é€šä¸Šä¼ è¿›åº¦: 100%, å·²ä¸Šä¼ : 229/229 bytes, é€Ÿåº¦: 44.02 KB/s
2025-10-10 13:11:28 - [34mutils.tos_uploader[0m - [32mINFO[0m - [tos_uploader.py:148] - progress_callback() - æ™®é€šä¸Šä¼ è¿›åº¦: 100%, å·²ä¸Šä¼ : 229/229 bytes, é€Ÿåº¦: 40.15 KB/s
2025-10-10 13:11:28 - [34mutils.tos_uploader[0m - [32mINFO[0m - [tos_uploader.py:163] - _do_upload() - æ–‡ä»¶ä¸Šä¼ æˆåŠŸ: aigc-omni.tos-cn-guangzhou.volces.com/9d28ae0652cd4a988fe184a2a304285d/9d28ae0652cd4a988fe184a2a304285d.srt
2025-10-10 13:12:05 - [34mutils.tos_uploader[0m - [32mINFO[0m - [tos_uploader.py:127] - _do_upload() - å¼€å§‹ä¸Šä¼ æ–‡ä»¶åˆ°TOS: aigc-omni.tos-cn-guangzhou.volces.com/7f685589af244165a16b1398f2d6800c/7f685589af244165a16b1398f2d6800c.wav, æ–‡ä»¶å¤§å°: 190154 bytes
2025-10-10 13:12:05 - [34mutils.tos_uploader[0m - [32mINFO[0m - [tos_uploader.py:148] - progress_callback() - æ™®é€šä¸Šä¼ è¿›åº¦: 17%, å·²ä¸Šä¼ : 32768/190154 bytes, é€Ÿåº¦: 17.72 MB/s
2025-10-10 13:12:05 - [34mutils.tos_uploader[0m - [32mINFO[0m - [tos_uploader.py:148] - progress_callback() - æ™®é€šä¸Šä¼ è¿›åº¦: 34%, å·²ä¸Šä¼ : 65536/190154 bytes, é€Ÿåº¦: 30.37 MB/s
2025-10-10 13:12:05 - [34mutils.tos_uploader[0m - [32mINFO[0m - [tos_uploader.py:148] - progress_callback() - æ™®é€šä¸Šä¼ è¿›åº¦: 51%, å·²ä¸Šä¼ : 98304/190154 bytes, é€Ÿåº¦: 41.08 MB/s
2025-10-10 13:12:05 - [34mutils.tos_uploader[0m - [32mINFO[0m - [tos_uploader.py:148] - progress_callback() - æ™®é€šä¸Šä¼ è¿›åº¦: 68%, å·²ä¸Šä¼ : 131072/190154 bytes, é€Ÿåº¦: 50.10 MB/s
2025-10-10 13:12:05 - [34mutils.tos_uploader[0m - [32mINFO[0m - [tos_uploader.py:148] - progress_callback() - æ™®é€šä¸Šä¼ è¿›åº¦: 86%, å·²ä¸Šä¼ : 163840/190154 bytes, é€Ÿåº¦: 57.85 MB/s
2025-10-10 13:12:05 - [34mutils.tos_uploader[0m - [32mINFO[0m - [tos_uploader.py:148] - progress_callback() - æ™®é€šä¸Šä¼ è¿›åº¦: 100%, å·²ä¸Šä¼ : 190154/190154 bytes, é€Ÿåº¦: 62.39 MB/s
2025-10-10 13:12:05 - [34mutils.tos_uploader[0m - [32mINFO[0m - [tos_uploader.py:148] - progress_callback() - æ™®é€šä¸Šä¼ è¿›åº¦: 100%, å·²ä¸Šä¼ : 190154/190154 bytes, é€Ÿåº¦: 60.25 MB/s
2025-10-10 13:12:05 - [34mutils.tos_uploader[0m - [32mINFO[0m - [tos_uploader.py:163] - _do_upload() - æ–‡ä»¶ä¸Šä¼ æˆåŠŸ: aigc-omni.tos-cn-guangzhou.volces.com/7f685589af244165a16b1398f2d6800c/7f685589af244165a16b1398f2d6800c.wav
2025-10-10 13:12:05 - [34mutils.tos_uploader[0m - [32mINFO[0m - [tos_uploader.py:127] - _do_upload() - å¼€å§‹ä¸Šä¼ æ–‡ä»¶åˆ°TOS: aigc-omni.tos-cn-guangzhou.volces.com/7f685589af244165a16b1398f2d6800c/7f685589af244165a16b1398f2d6800c.srt, æ–‡ä»¶å¤§å°: 153 bytes
2025-10-10 13:12:05 - [34mutils.tos_uploader[0m - [32mINFO[0m - [tos_uploader.py:148] - progress_callback() - æ™®é€šä¸Šä¼ è¿›åº¦: 100%, å·²ä¸Šä¼ : 153/153 bytes, é€Ÿåº¦: 32.49 KB/s
2025-10-10 13:12:05 - [34mutils.tos_uploader[0m - [32mINFO[0m - [tos_uploader.py:148] - progress_callback() - æ™®é€šä¸Šä¼ è¿›åº¦: 100%, å·²ä¸Šä¼ : 153/153 bytes, é€Ÿåº¦: 29.64 KB/s
2025-10-10 13:12:05 - [34mutils.tos_uploader[0m - [32mINFO[0m - [tos_uploader.py:163] - _do_upload() - æ–‡ä»¶ä¸Šä¼ æˆåŠŸ: aigc-omni.tos-cn-guangzhou.volces.com/7f685589af244165a16b1398f2d6800c/7f685589af244165a16b1398f2d6800c.srt
2025-10-10 13:36:45 - [34mutils.tos_uploader[0m - [32mINFO[0m - [tos_uploader.py:33] - __init__() - TOSä¸Šä¼ å™¨åˆå§‹åŒ–æˆåŠŸ
2025-10-10 13:38:17 - [34mutils.tos_uploader[0m - [32mINFO[0m - [tos_uploader.py:127] - _do_upload() - å¼€å§‹ä¸Šä¼ æ–‡ä»¶åˆ°TOS: aigc-omni.tos-cn-guangzhou.volces.com/8ef17c469d0e4b0e969251342f838c16/8ef17c469d0e4b0e969251342f838c16.wav, æ–‡ä»¶å¤§å°: 272866 bytes
2025-10-10 13:38:18 - [34mutils.tos_uploader[0m - [32mINFO[0m - [tos_uploader.py:148] - progress_callback() - æ™®é€šä¸Šä¼ è¿›åº¦: 12%, å·²ä¸Šä¼ : 32768/272866 bytes, é€Ÿåº¦: 143.87 KB/s
2025-10-10 13:38:18 - [34mutils.tos_uploader[0m - [32mINFO[0m - [tos_uploader.py:148] - progress_callback() - æ™®é€šä¸Šä¼ è¿›åº¦: 24%, å·²ä¸Šä¼ : 65536/272866 bytes, é€Ÿåº¦: 236.24 KB/s
2025-10-10 13:38:18 - [34mutils.tos_uploader[0m - [32mINFO[0m - [tos_uploader.py:148] - progress_callback() - æ™®é€šä¸Šä¼ è¿›åº¦: 36%, å·²ä¸Šä¼ : 98304/272866 bytes, é€Ÿåº¦: 272.21 KB/s
2025-10-10 13:38:18 - [34mutils.tos_uploader[0m - [32mINFO[0m - [tos_uploader.py:148] - progress_callback() - æ™®é€šä¸Šä¼ è¿›åº¦: 48%, å·²ä¸Šä¼ : 131072/272866 bytes, é€Ÿåº¦: 362.58 KB/s
2025-10-10 13:38:18 - [34mutils.tos_uploader[0m - [32mINFO[0m - [tos_uploader.py:148] - progress_callback() - æ™®é€šä¸Šä¼ è¿›åº¦: 60%, å·²ä¸Šä¼ : 163840/272866 bytes, é€Ÿåº¦: 452.94 KB/s
2025-10-10 13:38:18 - [34mutils.tos_uploader[0m - [32mINFO[0m - [tos_uploader.py:148] - progress_callback() - æ™®é€šä¸Šä¼ è¿›åº¦: 72%, å·²ä¸Šä¼ : 196608/272866 bytes, é€Ÿåº¦: 479.11 KB/s
2025-10-10 13:38:18 - [34mutils.tos_uploader[0m - [32mINFO[0m - [tos_uploader.py:148] - progress_callback() - æ™®é€šä¸Šä¼ è¿›åº¦: 84%, å·²ä¸Šä¼ : 229376/272866 bytes, é€Ÿåº¦: 558.34 KB/s
2025-10-10 13:38:18 - [34mutils.tos_uploader[0m - [32mINFO[0m - [tos_uploader.py:148] - progress_callback() - æ™®é€šä¸Šä¼ è¿›åº¦: 96%, å·²ä¸Šä¼ : 262144/272866 bytes, é€Ÿåº¦: 637.70 KB/s
2025-10-10 13:38:18 - [34mutils.tos_uploader[0m - [32mINFO[0m - [tos_uploader.py:148] - progress_callback() - æ™®é€šä¸Šä¼ è¿›åº¦: 100%, å·²ä¸Šä¼ : 272866/272866 bytes, é€Ÿåº¦: 663.54 KB/s
2025-10-10 13:38:18 - [34mutils.tos_uploader[0m - [32mINFO[0m - [tos_uploader.py:148] - progress_callback() - æ™®é€šä¸Šä¼ è¿›åº¦: 100%, å·²ä¸Šä¼ : 272866/272866 bytes, é€Ÿåº¦: 593.30 KB/s
2025-10-10 13:38:18 - [34mutils.tos_uploader[0m - [32mINFO[0m - [tos_uploader.py:163] - _do_upload() - æ–‡ä»¶ä¸Šä¼ æˆåŠŸ: aigc-omni.tos-cn-guangzhou.volces.com/8ef17c469d0e4b0e969251342f838c16/8ef17c469d0e4b0e969251342f838c16.wav
2025-10-10 13:38:18 - [34mutils.tos_uploader[0m - [32mINFO[0m - [tos_uploader.py:127] - _do_upload() - å¼€å§‹ä¸Šä¼ æ–‡ä»¶åˆ°TOS: aigc-omni.tos-cn-guangzhou.volces.com/8ef17c469d0e4b0e969251342f838c16/8ef17c469d0e4b0e969251342f838c16.srt, æ–‡ä»¶å¤§å°: 142 bytes
2025-10-10 13:38:18 - [34mutils.tos_uploader[0m - [32mINFO[0m - [tos_uploader.py:148] - progress_callback() - æ™®é€šä¸Šä¼ è¿›åº¦: 100%, å·²ä¸Šä¼ : 142/142 bytes, é€Ÿåº¦: 58.20 KB/s
2025-10-10 13:38:18 - [34mutils.tos_uploader[0m - [32mINFO[0m - [tos_uploader.py:148] - progress_callback() - æ™®é€šä¸Šä¼ è¿›åº¦: 100%, å·²ä¸Šä¼ : 142/142 bytes, é€Ÿåº¦: 52.69 KB/s
2025-10-10 13:38:18 - [34mutils.tos_uploader[0m - [32mINFO[0m - [tos_uploader.py:163] - _do_upload() - æ–‡ä»¶ä¸Šä¼ æˆåŠŸ: aigc-omni.tos-cn-guangzhou.volces.com/8ef17c469d0e4b0e969251342f838c16/8ef17c469d0e4b0e969251342f838c16.srt
2025-10-10 13:59:57 - [34mutils.tos_uploader[0m - [32mINFO[0m - [tos_uploader.py:33] - __init__() - TOSä¸Šä¼ å™¨åˆå§‹åŒ–æˆåŠŸ
2025-10-10 14:00:20 - [34mutils.tos_uploader[0m - [32mINFO[0m - [tos_uploader.py:33] - __init__() - TOSä¸Šä¼ å™¨åˆå§‹åŒ–æˆåŠŸ
2025-10-10 14:01:52 - [34mutils.tos_uploader[0m - [32mINFO[0m - [tos_uploader.py:127] - _do_upload() - å¼€å§‹ä¸Šä¼ æ–‡ä»¶åˆ°TOS: aigc-omni.tos-cn-guangzhou.volces.com/7a5186872526488e95de0bc6f8fe69fe/7a5186872526488e95de0bc6f8fe69fe.wav, æ–‡ä»¶å¤§å°: 161492 bytes
2025-10-10 14:01:53 - [34mutils.tos_uploader[0m - [32mINFO[0m - [tos_uploader.py:148] - progress_callback() - æ™®é€šä¸Šä¼ è¿›åº¦: 10%, å·²ä¸Šä¼ : 16384/161492 bytes, é€Ÿåº¦: 61.08 KB/s
2025-10-10 14:01:53 - [34mutils.tos_uploader[0m - [32mINFO[0m - [tos_uploader.py:148] - progress_callback() - æ™®é€šä¸Šä¼ è¿›åº¦: 20%, å·²ä¸Šä¼ : 32768/161492 bytes, é€Ÿåº¦: 121.77 KB/s
2025-10-10 14:01:53 - [34mutils.tos_uploader[0m - [32mINFO[0m - [tos_uploader.py:148] - progress_callback() - æ™®é€šä¸Šä¼ è¿›åº¦: 30%, å·²ä¸Šä¼ : 49152/161492 bytes, é€Ÿåº¦: 182.27 KB/s
2025-10-10 14:01:53 - [34mutils.tos_uploader[0m - [32mINFO[0m - [tos_uploader.py:148] - progress_callback() - æ™®é€šä¸Šä¼ è¿›åº¦: 40%, å·²ä¸Šä¼ : 65536/161492 bytes, é€Ÿåº¦: 207.20 KB/s
2025-10-10 14:01:53 - [34mutils.tos_uploader[0m - [32mINFO[0m - [tos_uploader.py:148] - progress_callback() - æ™®é€šä¸Šä¼ è¿›åº¦: 50%, å·²ä¸Šä¼ : 81920/161492 bytes, é€Ÿåº¦: 219.58 KB/s
2025-10-10 14:01:53 - [34mutils.tos_uploader[0m - [32mINFO[0m - [tos_uploader.py:148] - progress_callback() - æ™®é€šä¸Šä¼ è¿›åº¦: 60%, å·²ä¸Šä¼ : 98304/161492 bytes, é€Ÿåº¦: 263.03 KB/s
2025-10-10 14:01:53 - [34mutils.tos_uploader[0m - [32mINFO[0m - [tos_uploader.py:148] - progress_callback() - æ™®é€šä¸Šä¼ è¿›åº¦: 71%, å·²ä¸Šä¼ : 114688/161492 bytes, é€Ÿåº¦: 306.47 KB/s
2025-10-10 14:01:53 - [34mutils.tos_uploader[0m - [32mINFO[0m - [tos_uploader.py:148] - progress_callback() - æ™®é€šä¸Šä¼ è¿›åº¦: 81%, å·²ä¸Šä¼ : 131072/161492 bytes, é€Ÿåº¦: 349.83 KB/s
2025-10-10 14:01:53 - [34mutils.tos_uploader[0m - [32mINFO[0m - [tos_uploader.py:148] - progress_callback() - æ™®é€šä¸Šä¼ è¿›åº¦: 91%, å·²ä¸Šä¼ : 147456/161492 bytes, é€Ÿåº¦: 393.06 KB/s
2025-10-10 14:01:53 - [34mutils.tos_uploader[0m - [32mINFO[0m - [tos_uploader.py:148] - progress_callback() - æ™®é€šä¸Šä¼ è¿›åº¦: 100%, å·²ä¸Šä¼ : 161492/161492 bytes, é€Ÿåº¦: 398.58 KB/s
2025-10-10 14:01:53 - [34mutils.tos_uploader[0m - [32mINFO[0m - [tos_uploader.py:148] - progress_callback() - æ™®é€šä¸Šä¼ è¿›åº¦: 100%, å·²ä¸Šä¼ : 161492/161492 bytes, é€Ÿåº¦: 384.06 KB/s
2025-10-10 14:01:53 - [34mutils.tos_uploader[0m - [32mINFO[0m - [tos_uploader.py:163] - _do_upload() - æ–‡ä»¶ä¸Šä¼ æˆåŠŸ: aigc-omni.tos-cn-guangzhou.volces.com/7a5186872526488e95de0bc6f8fe69fe/7a5186872526488e95de0bc6f8fe69fe.wav
2025-10-10 14:01:53 - [34mutils.tos_uploader[0m - [32mINFO[0m - [tos_uploader.py:127] - _do_upload() - å¼€å§‹ä¸Šä¼ æ–‡ä»¶åˆ°TOS: aigc-omni.tos-cn-guangzhou.volces.com/7a5186872526488e95de0bc6f8fe69fe/7a5186872526488e95de0bc6f8fe69fe.srt, æ–‡ä»¶å¤§å°: 96 bytes
2025-10-10 14:01:53 - [34mutils.tos_uploader[0m - [32mINFO[0m - [tos_uploader.py:148] - progress_callback() - æ™®é€šä¸Šä¼ è¿›åº¦: 100%, å·²ä¸Šä¼ : 96/96 bytes, é€Ÿåº¦: 17.38 KB/s
2025-10-10 14:01:53 - [34mutils.tos_uploader[0m - [32mINFO[0m - [tos_uploader.py:148] - progress_callback() - æ™®é€šä¸Šä¼ è¿›åº¦: 100%, å·²ä¸Šä¼ : 96/96 bytes, é€Ÿåº¦: 15.96 KB/s
2025-10-10 14:01:53 - [34mutils.tos_uploader[0m - [32mINFO[0m - [tos_uploader.py:163] - _do_upload() - æ–‡ä»¶ä¸Šä¼ æˆåŠŸ: aigc-omni.tos-cn-guangzhou.volces.com/7a5186872526488e95de0bc6f8fe69fe/7a5186872526488e95de0bc6f8fe69fe.srt
2025-10-10 14:01:53 - [34mutils.tos_uploader[0m - [32mINFO[0m - [tos_uploader.py:127] - _do_upload() - å¼€å§‹ä¸Šä¼ æ–‡ä»¶åˆ°TOS: aigc-omni.tos-cn-guangzhou.volces.com/7a5186872526488e95de0bc6f8fe69fe/7a5186872526488e95de0bc6f8fe69fe.wav, æ–‡ä»¶å¤§å°: 159448 bytes
2025-10-10 14:01:54 - [34mutils.tos_uploader[0m - [32mINFO[0m - [tos_uploader.py:148] - progress_callback() - æ™®é€šä¸Šä¼ è¿›åº¦: 10%, å·²ä¸Šä¼ : 16384/159448 bytes, é€Ÿåº¦: 69.90 KB/s
2025-10-10 14:01:54 - [34mutils.tos_uploader[0m - [32mINFO[0m - [tos_uploader.py:148] - progress_callback() - æ™®é€šä¸Šä¼ è¿›åº¦: 20%, å·²ä¸Šä¼ : 32768/159448 bytes, é€Ÿåº¦: 139.27 KB/s
2025-10-10 14:01:54 - [34mutils.tos_uploader[0m - [32mINFO[0m - [tos_uploader.py:148] - progress_callback() - æ™®é€šä¸Šä¼ è¿›åº¦: 30%, å·²ä¸Šä¼ : 49152/159448 bytes, é€Ÿåº¦: 208.41 KB/s
2025-10-10 14:01:54 - [34mutils.tos_uploader[0m - [32mINFO[0m - [tos_uploader.py:148] - progress_callback() - æ™®é€šä¸Šä¼ è¿›åº¦: 41%, å·²ä¸Šä¼ : 65536/159448 bytes, é€Ÿåº¦: 229.54 KB/s
2025-10-10 14:01:54 - [34mutils.tos_uploader[0m - [32mINFO[0m - [tos_uploader.py:148] - progress_callback() - æ™®é€šä¸Šä¼ è¿›åº¦: 51%, å·²ä¸Šä¼ : 81920/159448 bytes, é€Ÿåº¦: 286.09 KB/s
2025-10-10 14:01:54 - [34mutils.tos_uploader[0m - [32mINFO[0m - [tos_uploader.py:148] - progress_callback() - æ™®é€šä¸Šä¼ è¿›åº¦: 61%, å·²ä¸Šä¼ : 98304/159448 bytes, é€Ÿåº¦: 261.24 KB/s
2025-10-10 14:01:54 - [34mutils.tos_uploader[0m - [32mINFO[0m - [tos_uploader.py:148] - progress_callback() - æ™®é€šä¸Šä¼ è¿›åº¦: 71%, å·²ä¸Šä¼ : 114688/159448 bytes, é€Ÿåº¦: 304.53 KB/s
2025-10-10 14:01:54 - [34mutils.tos_uploader[0m - [32mINFO[0m - [tos_uploader.py:148] - progress_callback() - æ™®é€šä¸Šä¼ è¿›åº¦: 82%, å·²ä¸Šä¼ : 131072/159448 bytes, é€Ÿåº¦: 347.87 KB/s
2025-10-10 14:01:54 - [34mutils.tos_uploader[0m - [32mINFO[0m - [tos_uploader.py:148] - progress_callback() - æ™®é€šä¸Šä¼ è¿›åº¦: 92%, å·²ä¸Šä¼ : 147456/159448 bytes, é€Ÿåº¦: 391.19 KB/s
2025-10-10 14:01:54 - [34mutils.tos_uploader[0m - [32mINFO[0m - [tos_uploader.py:148] - progress_callback() - æ™®é€šä¸Šä¼ è¿›åº¦: 100%, å·²ä¸Šä¼ : 159448/159448 bytes, é€Ÿåº¦: 422.84 KB/s
2025-10-10 14:01:54 - [34mutils.tos_uploader[0m - [32mINFO[0m - [tos_uploader.py:148] - progress_callback() - æ™®é€šä¸Šä¼ è¿›åº¦: 100%, å·²ä¸Šä¼ : 159448/159448 bytes, é€Ÿåº¦: 374.19 KB/s
2025-10-10 14:01:54 - [34mutils.tos_uploader[0m - [32mINFO[0m - [tos_uploader.py:163] - _do_upload() - æ–‡ä»¶ä¸Šä¼ æˆåŠŸ: aigc-omni.tos-cn-guangzhou.volces.com/7a5186872526488e95de0bc6f8fe69fe/7a5186872526488e95de0bc6f8fe69fe.wav
2025-10-10 14:01:54 - [34mutils.tos_uploader[0m - [32mINFO[0m - [tos_uploader.py:127] - _do_upload() - å¼€å§‹ä¸Šä¼ æ–‡ä»¶åˆ°TOS: aigc-omni.tos-cn-guangzhou.volces.com/7a5186872526488e95de0bc6f8fe69fe/7a5186872526488e95de0bc6f8fe69fe.srt, æ–‡ä»¶å¤§å°: 96 bytes
2025-10-10 14:01:54 - [34mutils.tos_uploader[0m - [32mINFO[0m - [tos_uploader.py:148] - progress_callback() - æ™®é€šä¸Šä¼ è¿›åº¦: 100%, å·²ä¸Šä¼ : 96/96 bytes, é€Ÿåº¦: 21.13 KB/s
2025-10-10 14:01:54 - [34mutils.tos_uploader[0m - [32mINFO[0m - [tos_uploader.py:148] - progress_callback() - æ™®é€šä¸Šä¼ è¿›åº¦: 100%, å·²ä¸Šä¼ : 96/96 bytes, é€Ÿåº¦: 19.31 KB/s
2025-10-10 14:01:54 - [34mutils.tos_uploader[0m - [32mINFO[0m - [tos_uploader.py:163] - _do_upload() - æ–‡ä»¶ä¸Šä¼ æˆåŠŸ: aigc-omni.tos-cn-guangzhou.volces.com/7a5186872526488e95de0bc6f8fe69fe/7a5186872526488e95de0bc6f8fe69fe.srt
2025-10-10 14:01:56 - [34mutils.tos_uploader[0m - [32mINFO[0m - [tos_uploader.py:127] - _do_upload() - å¼€å§‹ä¸Šä¼ æ–‡ä»¶åˆ°TOS: aigc-omni.tos-cn-guangzhou.volces.com/29889eb0ed1341d68675290d3167cd1e/29889eb0ed1341d68675290d3167cd1e.wav, æ–‡ä»¶å¤§å°: 628388 bytes
2025-10-10 14:01:56 - [34mutils.tos_uploader[0m - [32mINFO[0m - [tos_uploader.py:148] - progress_callback() - æ™®é€šä¸Šä¼ è¿›åº¦: 10%, å·²ä¸Šä¼ : 65536/628388 bytes, é€Ÿåº¦: 11.08 MB/s
2025-10-10 14:01:56 - [34mutils.tos_uploader[0m - [32mINFO[0m - [tos_uploader.py:148] - progress_callback() - æ™®é€šä¸Šä¼ è¿›åº¦: 20%, å·²ä¸Šä¼ : 131072/628388 bytes, é€Ÿåº¦: 17.96 MB/s
2025-10-10 14:01:56 - [34mutils.tos_uploader[0m - [32mINFO[0m - [tos_uploader.py:148] - progress_callback() - æ™®é€šä¸Šä¼ è¿›åº¦: 31%, å·²ä¸Šä¼ : 196608/628388 bytes, é€Ÿåº¦: 1.21 MB/s
2025-10-10 14:01:56 - [34mutils.tos_uploader[0m - [32mINFO[0m - [tos_uploader.py:148] - progress_callback() - æ™®é€šä¸Šä¼ è¿›åº¦: 41%, å·²ä¸Šä¼ : 262144/628388 bytes, é€Ÿåº¦: 1.60 MB/s
2025-10-10 14:01:56 - [34mutils.tos_uploader[0m - [32mINFO[0m - [tos_uploader.py:148] - progress_callback() - æ™®é€šä¸Šä¼ è¿›åº¦: 52%, å·²ä¸Šä¼ : 327680/628388 bytes, é€Ÿåº¦: 1.53 MB/s
2025-10-10 14:01:56 - [34mutils.tos_uploader[0m - [32mINFO[0m - [tos_uploader.py:148] - progress_callback() - æ™®é€šä¸Šä¼ è¿›åº¦: 62%, å·²ä¸Šä¼ : 393216/628388 bytes, é€Ÿåº¦: 1.81 MB/s
2025-10-10 14:01:56 - [34mutils.tos_uploader[0m - [32mINFO[0m - [tos_uploader.py:148] - progress_callback() - æ™®é€šä¸Šä¼ è¿›åº¦: 73%, å·²ä¸Šä¼ : 458752/628388 bytes, é€Ÿåº¦: 1.73 MB/s
2025-10-10 14:01:56 - [34mutils.tos_uploader[0m - [32mINFO[0m - [tos_uploader.py:148] - progress_callback() - æ™®é€šä¸Šä¼ è¿›åº¦: 83%, å·²ä¸Šä¼ : 524288/628388 bytes, é€Ÿåº¦: 1.96 MB/s
2025-10-10 14:01:56 - [34mutils.tos_uploader[0m - [32mINFO[0m - [tos_uploader.py:148] - progress_callback() - æ™®é€šä¸Šä¼ è¿›åº¦: 93%, å·²ä¸Šä¼ : 589824/628388 bytes, é€Ÿåº¦: 2.20 MB/s
2025-10-10 14:01:56 - [34mutils.tos_uploader[0m - [32mINFO[0m - [tos_uploader.py:148] - progress_callback() - æ™®é€šä¸Šä¼ è¿›åº¦: 100%, å·²ä¸Šä¼ : 628388/628388 bytes, é€Ÿåº¦: 2.33 MB/s
2025-10-10 14:01:56 - [34mutils.tos_uploader[0m - [32mINFO[0m - [tos_uploader.py:148] - progress_callback() - æ™®é€šä¸Šä¼ è¿›åº¦: 100%, å·²ä¸Šä¼ : 628388/628388 bytes, é€Ÿåº¦: 2.33 MB/s
2025-10-10 14:01:56 - [34mutils.tos_uploader[0m - [32mINFO[0m - [tos_uploader.py:163] - _do_upload() - æ–‡ä»¶ä¸Šä¼ æˆåŠŸ: aigc-omni.tos-cn-guangzhou.volces.com/29889eb0ed1341d68675290d3167cd1e/29889eb0ed1341d68675290d3167cd1e.wav
2025-10-10 14:01:56 - [34mutils.tos_uploader[0m - [32mINFO[0m - [tos_uploader.py:127] - _do_upload() - å¼€å§‹ä¸Šä¼ æ–‡ä»¶åˆ°TOS: aigc-omni.tos-cn-guangzhou.volces.com/29889eb0ed1341d68675290d3167cd1e/29889eb0ed1341d68675290d3167cd1e.srt, æ–‡ä»¶å¤§å°: 321 bytes
2025-10-10 14:01:56 - [34mutils.tos_uploader[0m - [32mINFO[0m - [tos_uploader.py:148] - progress_callback() - æ™®é€šä¸Šä¼ è¿›åº¦: 100%, å·²ä¸Šä¼ : 321/321 bytes, é€Ÿåº¦: 68.77 KB/s
2025-10-10 14:01:56 - [34mutils.tos_uploader[0m - [32mINFO[0m - [tos_uploader.py:148] - progress_callback() - æ™®é€šä¸Šä¼ è¿›åº¦: 100%, å·²ä¸Šä¼ : 321/321 bytes, é€Ÿåº¦: 62.24 KB/s
2025-10-10 14:01:56 - [34mutils.tos_uploader[0m - [32mINFO[0m - [tos_uploader.py:163] - _do_upload() - æ–‡ä»¶ä¸Šä¼ æˆåŠŸ: aigc-omni.tos-cn-guangzhou.volces.com/29889eb0ed1341d68675290d3167cd1e/29889eb0ed1341d68675290d3167cd1e.srt
